{"C:\\Users\\Michael\\OneDrive\\Desktop\\JusticeChain-main\\africajustice-backend\\src\\app.ts": {"path":"C:\\Users\\Michael\\OneDrive\\Desktop\\JusticeChain-main\\africajustice-backend\\src\\app.ts","statementMap":{"0":{"start":{"line":1,"column":0},"end":{"line":1,"column":22}},"1":{"start":{"line":2,"column":0},"end":{"line":2,"column":61}},"2":{"start":{"line":3,"column":0},"end":{"line":3,"column":23}},"3":{"start":{"line":4,"column":0},"end":{"line":4,"column":27}},"4":{"start":{"line":5,"column":0},"end":{"line":5,"column":37}},"5":{"start":{"line":6,"column":0},"end":{"line":6,"column":27}},"6":{"start":{"line":7,"column":0},"end":{"line":7,"column":40}},"7":{"start":{"line":8,"column":0},"end":{"line":8,"column":46}},"8":{"start":{"line":9,"column":0},"end":{"line":9,"column":41}},"9":{"start":{"line":10,"column":0},"end":{"line":10,"column":45}},"10":{"start":{"line":11,"column":0},"end":{"line":11,"column":98}},"11":{"start":{"line":12,"column":0},"end":{"line":12,"column":52}},"12":{"start":{"line":13,"column":0},"end":{"line":13,"column":55}},"13":{"start":{"line":14,"column":0},"end":{"line":14,"column":47}},"14":{"start":{"line":15,"column":0},"end":{"line":15,"column":45}},"15":{"start":{"line":16,"column":0},"end":{"line":16,"column":50}},"16":{"start":{"line":17,"column":0},"end":{"line":17,"column":49}},"17":{"start":{"line":18,"column":0},"end":{"line":18,"column":55}},"18":{"start":{"line":19,"column":0},"end":{"line":19,"column":53}},"19":{"start":{"line":20,"column":0},"end":{"line":20,"column":53}},"20":{"start":{"line":21,"column":0},"end":{"line":21,"column":57}},"21":{"start":{"line":22,"column":0},"end":{"line":22,"column":55}},"22":{"start":{"line":23,"column":0},"end":{"line":23,"column":47}},"23":{"start":{"line":24,"column":0},"end":{"line":24,"column":55}},"24":{"start":{"line":25,"column":0},"end":{"line":25,"column":41}},"25":{"start":{"line":26,"column":0},"end":{"line":26,"column":47}},"26":{"start":{"line":27,"column":0},"end":{"line":27,"column":49}},"27":{"start":{"line":29,"column":21},"end":{"line":29,"column":30}},"28":{"start":{"line":30,"column":23},"end":{"line":32,"column":54}},"29":{"start":{"line":31,"column":55},"end":{"line":31,"column":68}},"30":{"start":{"line":34,"column":0},"end":{"line":41,"column":1}},"31":{"start":{"line":35,"column":2},"end":{"line":35,"column":null}},"32":{"start":{"line":36,"column":2},"end":{"line":36,"column":null}},"33":{"start":{"line":37,"column":2},"end":{"line":39,"column":null}},"34":{"start":{"line":38,"column":4},"end":{"line":38,"column":69}},"35":{"start":{"line":40,"column":2},"end":{"line":40,"column":null}},"36":{"start":{"line":44,"column":0},"end":{"line":44,"column":null}},"37":{"start":{"line":46,"column":0},"end":{"line":46,"column":null}},"38":{"start":{"line":47,"column":0},"end":{"line":52,"column":null}},"39":{"start":{"line":53,"column":0},"end":{"line":53,"column":null}},"40":{"start":{"line":54,"column":0},"end":{"line":54,"column":null}},"41":{"start":{"line":55,"column":0},"end":{"line":55,"column":null}},"42":{"start":{"line":56,"column":0},"end":{"line":56,"column":null}},"43":{"start":{"line":58,"column":0},"end":{"line":60,"column":1}},"44":{"start":{"line":59,"column":2},"end":{"line":59,"column":null}},"45":{"start":{"line":63,"column":0},"end":{"line":63,"column":null}},"46":{"start":{"line":65,"column":0},"end":{"line":65,"column":null}},"47":{"start":{"line":67,"column":0},"end":{"line":67,"column":null}},"48":{"start":{"line":68,"column":0},"end":{"line":68,"column":null}},"49":{"start":{"line":69,"column":0},"end":{"line":69,"column":null}},"50":{"start":{"line":70,"column":0},"end":{"line":70,"column":null}},"51":{"start":{"line":71,"column":0},"end":{"line":71,"column":null}},"52":{"start":{"line":72,"column":0},"end":{"line":72,"column":null}},"53":{"start":{"line":73,"column":0},"end":{"line":73,"column":null}},"54":{"start":{"line":74,"column":0},"end":{"line":74,"column":null}},"55":{"start":{"line":75,"column":0},"end":{"line":75,"column":null}},"56":{"start":{"line":76,"column":0},"end":{"line":76,"column":null}},"57":{"start":{"line":77,"column":0},"end":{"line":77,"column":null}},"58":{"start":{"line":78,"column":0},"end":{"line":78,"column":null}},"59":{"start":{"line":79,"column":0},"end":{"line":79,"column":null}},"60":{"start":{"line":81,"column":0},"end":{"line":88,"column":null}},"61":{"start":{"line":82,"column":2},"end":{"line":87,"column":null}},"62":{"start":{"line":90,"column":0},"end":{"line":109,"column":null}},"63":{"start":{"line":91,"column":2},"end":{"line":108,"column":null}},"64":{"start":{"line":111,"column":0},"end":{"line":111,"column":null}},"65":{"start":{"line":114,"column":0},"end":{"line":114,"column":null}},"66":{"start":{"line":116,"column":0},"end":{"line":121,"column":null}},"67":{"start":{"line":117,"column":2},"end":{"line":120,"column":null}},"68":{"start":{"line":123,"column":0},"end":{"line":123,"column":null}}},"fnMap":{"0":{"name":"(anonymous_1)","decl":{"start":{"line":31,"column":43},"end":{"line":31,"column":44}},"loc":{"start":{"line":31,"column":55},"end":{"line":31,"column":68}}},"1":{"name":"(anonymous_2)","decl":{"start":{"line":37,"column":23},"end":{"line":37,"column":26}},"loc":{"start":{"line":38,"column":4},"end":{"line":38,"column":69}}},"2":{"name":"(anonymous_3)","decl":{"start":{"line":81,"column":20},"end":{"line":81,"column":21}},"loc":{"start":{"line":81,"column":52},"end":{"line":88,"column":1}}},"3":{"name":"(anonymous_4)","decl":{"start":{"line":90,"column":13},"end":{"line":90,"column":14}},"loc":{"start":{"line":90,"column":45},"end":{"line":109,"column":1}}},"4":{"name":"(anonymous_5)","decl":{"start":{"line":116,"column":8},"end":{"line":116,"column":9}},"loc":{"start":{"line":116,"column":40},"end":{"line":121,"column":1}}}},"branchMap":{"0":{"loc":{"start":{"line":30,"column":23},"end":{"line":32,"column":54}},"type":"cond-expr","locations":[{"start":{"line":31,"column":4},"end":{"line":31,"column":85}},{"start":{"line":32,"column":4},"end":{"line":32,"column":54}}]},"1":{"loc":{"start":{"line":34,"column":0},"end":{"line":41,"column":1}},"type":"if","locations":[{"start":{"line":34,"column":0},"end":{"line":41,"column":1}}]},"2":{"loc":{"start":{"line":58,"column":0},"end":{"line":60,"column":1}},"type":"if","locations":[{"start":{"line":58,"column":0},"end":{"line":60,"column":1}}]}},"s":{"0":1,"1":1,"2":1,"3":1,"4":1,"5":1,"6":1,"7":1,"8":1,"9":1,"10":1,"11":1,"12":1,"13":1,"14":1,"15":1,"16":1,"17":1,"18":1,"19":1,"20":1,"21":1,"22":1,"23":1,"24":1,"25":1,"26":1,"27":1,"28":1,"29":2,"30":1,"31":0,"32":0,"33":0,"34":0,"35":0,"36":1,"37":1,"38":1,"39":1,"40":1,"41":1,"42":1,"43":1,"44":0,"45":1,"46":1,"47":1,"48":1,"49":1,"50":1,"51":1,"52":1,"53":1,"54":1,"55":1,"56":1,"57":1,"58":1,"59":1,"60":1,"61":0,"62":1,"63":0,"64":1,"65":1,"66":1,"67":0,"68":1},"f":{"0":2,"1":0,"2":0,"3":0,"4":0},"b":{"0":[1,0],"1":[0],"2":[0]}}
,"C:\\Users\\Michael\\OneDrive\\Desktop\\JusticeChain-main\\africajustice-backend\\src\\server.ts": {"path":"C:\\Users\\Michael\\OneDrive\\Desktop\\JusticeChain-main\\africajustice-backend\\src\\server.ts","statementMap":{"0":{"start":{"line":1,"column":0},"end":{"line":1,"column":23}},"1":{"start":{"line":2,"column":0},"end":{"line":2,"column":42}},"2":{"start":{"line":3,"column":0},"end":{"line":3,"column":53}},"3":{"start":{"line":4,"column":0},"end":{"line":4,"column":56}},"4":{"start":{"line":5,"column":0},"end":{"line":5,"column":23}},"5":{"start":{"line":6,"column":0},"end":{"line":6,"column":64}},"6":{"start":{"line":8,"column":13},"end":{"line":8,"column":37}},"7":{"start":{"line":9,"column":29},"end":{"line":11,"column":54}},"8":{"start":{"line":10,"column":55},"end":{"line":10,"column":68}},"9":{"start":{"line":13,"column":15},"end":{"line":13,"column":37}},"10":{"start":{"line":14,"column":11},"end":{"line":19,"column":2}},"11":{"start":{"line":25,"column":0},"end":{"line":25,"column":null}},"12":{"start":{"line":27,"column":0},"end":{"line":27,"column":null}},"13":{"start":{"line":34,"column":27},"end":{"line":53,"column":1}},"14":{"start":{"line":35,"column":2},"end":{"line":37,"column":3}},"15":{"start":{"line":36,"column":4},"end":{"line":36,"column":null}},"16":{"start":{"line":39,"column":15},"end":{"line":39,"column":52}},"17":{"start":{"line":40,"column":15},"end":{"line":40,"column":61}},"18":{"start":{"line":41,"column":19},"end":{"line":41,"column":58}},"19":{"start":{"line":43,"column":25},"end":{"line":46,"column":4}},"20":{"start":{"line":47,"column":25},"end":{"line":47,"column":46}},"21":{"start":{"line":49,"column":2},"end":{"line":49,"column":null}},"22":{"start":{"line":50,"column":2},"end":{"line":50,"column":null}},"23":{"start":{"line":52,"column":2},"end":{"line":52,"column":null}},"24":{"start":{"line":55,"column":56},"end":{"line":55,"column":60}},"25":{"start":{"line":56,"column":0},"end":{"line":63,"column":null}},"26":{"start":{"line":58,"column":4},"end":{"line":58,"column":null}},"27":{"start":{"line":61,"column":4},"end":{"line":61,"column":null}},"28":{"start":{"line":62,"column":4},"end":{"line":62,"column":null}},"29":{"start":{"line":65,"column":0},"end":{"line":70,"column":null}},"30":{"start":{"line":66,"column":2},"end":{"line":68,"column":null}},"31":{"start":{"line":69,"column":2},"end":{"line":69,"column":null}},"32":{"start":{"line":72,"column":0},"end":{"line":78,"column":null}},"33":{"start":{"line":73,"column":16},"end":{"line":73,"column":28}},"34":{"start":{"line":74,"column":2},"end":{"line":74,"column":null}},"35":{"start":{"line":75,"column":2},"end":{"line":77,"column":null}},"36":{"start":{"line":76,"column":4},"end":{"line":76,"column":null}},"37":{"start":{"line":76,"column":23},"end":{"line":76,"column":38}},"38":{"start":{"line":80,"column":0},"end":{"line":94,"column":null}},"39":{"start":{"line":81,"column":2},"end":{"line":81,"column":null}},"40":{"start":{"line":82,"column":2},"end":{"line":93,"column":null}},"41":{"start":{"line":83,"column":4},"end":{"line":88,"column":5}},"42":{"start":{"line":84,"column":6},"end":{"line":87,"column":null}},"43":{"start":{"line":90,"column":4},"end":{"line":92,"column":null}},"44":{"start":{"line":91,"column":6},"end":{"line":91,"column":null}},"45":{"start":{"line":96,"column":0},"end":{"line":110,"column":null}},"46":{"start":{"line":97,"column":2},"end":{"line":97,"column":null}},"47":{"start":{"line":98,"column":2},"end":{"line":109,"column":null}},"48":{"start":{"line":99,"column":4},"end":{"line":104,"column":5}},"49":{"start":{"line":100,"column":6},"end":{"line":103,"column":null}},"50":{"start":{"line":106,"column":4},"end":{"line":108,"column":null}},"51":{"start":{"line":107,"column":6},"end":{"line":107,"column":null}},"52":{"start":{"line":112,"column":0},"end":{"line":112,"column":null}}},"fnMap":{"0":{"name":"(anonymous_1)","decl":{"start":{"line":10,"column":43},"end":{"line":10,"column":44}},"loc":{"start":{"line":10,"column":55},"end":{"line":10,"column":68}}},"1":{"name":"(anonymous_2)","decl":{"start":{"line":34,"column":27},"end":{"line":34,"column":32}},"loc":{"start":{"line":34,"column":76},"end":{"line":53,"column":1}}},"2":{"name":"(anonymous_3)","decl":{"start":{"line":57,"column":8},"end":{"line":57,"column":9}},"loc":{"start":{"line":57,"column":20},"end":{"line":59,"column":3}}},"3":{"name":"(anonymous_4)","decl":{"start":{"line":60,"column":9},"end":{"line":60,"column":10}},"loc":{"start":{"line":60,"column":19},"end":{"line":63,"column":3}}},"4":{"name":"(anonymous_5)","decl":{"start":{"line":65,"column":20},"end":{"line":65,"column":23}},"loc":{"start":{"line":65,"column":25},"end":{"line":70,"column":1}}},"5":{"name":"(anonymous_6)","decl":{"start":{"line":72,"column":33},"end":{"line":72,"column":34}},"loc":{"start":{"line":72,"column":41},"end":{"line":78,"column":1}}},"6":{"name":"(anonymous_7)","decl":{"start":{"line":75,"column":11},"end":{"line":75,"column":14}},"loc":{"start":{"line":75,"column":16},"end":{"line":77,"column":3}}},"7":{"name":"(anonymous_8)","decl":{"start":{"line":76,"column":17},"end":{"line":76,"column":20}},"loc":{"start":{"line":76,"column":23},"end":{"line":76,"column":38}}},"8":{"name":"(anonymous_9)","decl":{"start":{"line":80,"column":22},"end":{"line":80,"column":25}},"loc":{"start":{"line":80,"column":27},"end":{"line":94,"column":1}}},"9":{"name":"(anonymous_10)","decl":{"start":{"line":82,"column":11},"end":{"line":82,"column":16}},"loc":{"start":{"line":82,"column":22},"end":{"line":93,"column":3}}},"10":{"name":"(anonymous_11)","decl":{"start":{"line":90,"column":17},"end":{"line":90,"column":20}},"loc":{"start":{"line":90,"column":22},"end":{"line":92,"column":5}}},"11":{"name":"(anonymous_12)","decl":{"start":{"line":96,"column":21},"end":{"line":96,"column":24}},"loc":{"start":{"line":96,"column":26},"end":{"line":110,"column":1}}},"12":{"name":"(anonymous_13)","decl":{"start":{"line":98,"column":11},"end":{"line":98,"column":16}},"loc":{"start":{"line":98,"column":22},"end":{"line":109,"column":3}}},"13":{"name":"(anonymous_14)","decl":{"start":{"line":106,"column":17},"end":{"line":106,"column":20}},"loc":{"start":{"line":106,"column":22},"end":{"line":108,"column":5}}}},"branchMap":{"0":{"loc":{"start":{"line":8,"column":13},"end":{"line":8,"column":37}},"type":"binary-expr","locations":[{"start":{"line":8,"column":13},"end":{"line":8,"column":29}},{"start":{"line":8,"column":33},"end":{"line":8,"column":37}}]},"1":{"loc":{"start":{"line":9,"column":29},"end":{"line":11,"column":54}},"type":"cond-expr","locations":[{"start":{"line":10,"column":4},"end":{"line":10,"column":85}},{"start":{"line":11,"column":4},"end":{"line":11,"column":54}}]},"2":{"loc":{"start":{"line":35,"column":2},"end":{"line":37,"column":3}},"type":"if","locations":[{"start":{"line":35,"column":2},"end":{"line":37,"column":3}}]},"3":{"loc":{"start":{"line":39,"column":15},"end":{"line":39,"column":52}},"type":"binary-expr","locations":[{"start":{"line":39,"column":15},"end":{"line":39,"column":37}},{"start":{"line":39,"column":41},"end":{"line":39,"column":52}}]},"4":{"loc":{"start":{"line":40,"column":24},"end":{"line":40,"column":56}},"type":"binary-expr","locations":[{"start":{"line":40,"column":24},"end":{"line":40,"column":46}},{"start":{"line":40,"column":50},"end":{"line":40,"column":56}}]},"5":{"loc":{"start":{"line":41,"column":19},"end":{"line":41,"column":58}},"type":"binary-expr","locations":[{"start":{"line":41,"column":19},"end":{"line":41,"column":45}},{"start":{"line":41,"column":49},"end":{"line":41,"column":58}}]},"6":{"loc":{"start":{"line":67,"column":30},"end":{"line":67,"column":67}},"type":"binary-expr","locations":[{"start":{"line":67,"column":30},"end":{"line":67,"column":50}},{"start":{"line":67,"column":54},"end":{"line":67,"column":67}}]},"7":{"loc":{"start":{"line":83,"column":4},"end":{"line":88,"column":5}},"type":"if","locations":[{"start":{"line":83,"column":4},"end":{"line":88,"column":5}}]},"8":{"loc":{"start":{"line":99,"column":4},"end":{"line":104,"column":5}},"type":"if","locations":[{"start":{"line":99,"column":4},"end":{"line":104,"column":5}}]}},"s":{"0":0,"1":0,"2":0,"3":0,"4":0,"5":0,"6":0,"7":0,"8":0,"9":0,"10":0,"11":0,"12":0,"13":0,"14":0,"15":0,"16":0,"17":0,"18":0,"19":0,"20":0,"21":0,"22":0,"23":0,"24":0,"25":0,"26":0,"27":0,"28":0,"29":0,"30":0,"31":0,"32":0,"33":0,"34":0,"35":0,"36":0,"37":0,"38":0,"39":0,"40":0,"41":0,"42":0,"43":0,"44":0,"45":0,"46":0,"47":0,"48":0,"49":0,"50":0,"51":0,"52":0},"f":{"0":0,"1":0,"2":0,"3":0,"4":0,"5":0,"6":0,"7":0,"8":0,"9":0,"10":0,"11":0,"12":0,"13":0},"b":{"0":[0,0],"1":[0,0],"2":[0],"3":[0,0],"4":[0,0],"5":[0,0],"6":[0,0],"7":[0],"8":[0]}}
,"C:\\Users\\Michael\\OneDrive\\Desktop\\JusticeChain-main\\africajustice-backend\\src\\config\\constants.ts": {"path":"C:\\Users\\Michael\\OneDrive\\Desktop\\JusticeChain-main\\africajustice-backend\\src\\config\\constants.ts","statementMap":{"0":{"start":{"line":2,"column":13},"end":{"line":7,"column":null}},"1":{"start":{"line":10,"column":13},"end":{"line":13,"column":null}},"2":{"start":{"line":16,"column":13},"end":{"line":23,"column":null}},"3":{"start":{"line":26,"column":13},"end":{"line":35,"column":null}},"4":{"start":{"line":38,"column":13},"end":{"line":45,"column":null}},"5":{"start":{"line":48,"column":13},"end":{"line":53,"column":null}},"6":{"start":{"line":56,"column":13},"end":{"line":62,"column":null}},"7":{"start":{"line":65,"column":13},"end":{"line":68,"column":null}},"8":{"start":{"line":71,"column":13},"end":{"line":77,"column":null}},"9":{"start":{"line":80,"column":13},"end":{"line":86,"column":null}},"10":{"start":{"line":89,"column":13},"end":{"line":94,"column":null}},"11":{"start":{"line":97,"column":13},"end":{"line":101,"column":null}},"12":{"start":{"line":104,"column":13},"end":{"line":107,"column":null}},"13":{"start":{"line":117,"column":13},"end":{"line":123,"column":null}},"14":{"start":{"line":126,"column":13},"end":{"line":133,"column":null}},"15":{"start":{"line":153,"column":13},"end":{"line":162,"column":null}},"16":{"start":{"line":165,"column":13},"end":{"line":170,"column":null}},"17":{"start":{"line":173,"column":13},"end":{"line":182,"column":null}},"18":{"start":{"line":185,"column":13},"end":{"line":193,"column":null}},"19":{"start":{"line":196,"column":13},"end":{"line":202,"column":null}},"20":{"start":{"line":205,"column":13},"end":{"line":205,"column":null}},"21":{"start":{"line":208,"column":13},"end":{"line":214,"column":null}},"22":{"start":{"line":222,"column":13},"end":{"line":228,"column":null}},"23":{"start":{"line":231,"column":13},"end":{"line":235,"column":null}},"24":{"start":{"line":238,"column":13},"end":{"line":244,"column":null}}},"fnMap":{},"branchMap":{},"s":{"0":1,"1":1,"2":1,"3":1,"4":1,"5":1,"6":1,"7":1,"8":1,"9":1,"10":1,"11":1,"12":1,"13":1,"14":1,"15":1,"16":1,"17":1,"18":1,"19":1,"20":1,"21":1,"22":1,"23":1,"24":1},"f":{},"b":{}}
,"C:\\Users\\Michael\\OneDrive\\Desktop\\JusticeChain-main\\africajustice-backend\\src\\config\\database.ts": {"path":"C:\\Users\\Michael\\OneDrive\\Desktop\\JusticeChain-main\\africajustice-backend\\src\\config\\database.ts","statementMap":{"0":{"start":{"line":1,"column":0},"end":{"line":1,"column":31}},"1":{"start":{"line":3,"column":18},"end":{"line":35,"column":1}},"2":{"start":{"line":4,"column":2},"end":{"line":34,"column":3}},"3":{"start":{"line":5,"column":17},"end":{"line":9,"column":6}},"4":{"start":{"line":11,"column":4},"end":{"line":11,"column":null}},"5":{"start":{"line":12,"column":4},"end":{"line":12,"column":null}},"6":{"start":{"line":14,"column":4},"end":{"line":16,"column":null}},"7":{"start":{"line":15,"column":6},"end":{"line":15,"column":null}},"8":{"start":{"line":18,"column":4},"end":{"line":20,"column":null}},"9":{"start":{"line":19,"column":6},"end":{"line":19,"column":null}},"10":{"start":{"line":22,"column":4},"end":{"line":24,"column":null}},"11":{"start":{"line":23,"column":6},"end":{"line":23,"column":null}},"12":{"start":{"line":26,"column":4},"end":{"line":30,"column":null}},"13":{"start":{"line":27,"column":6},"end":{"line":27,"column":null}},"14":{"start":{"line":28,"column":6},"end":{"line":28,"column":null}},"15":{"start":{"line":29,"column":6},"end":{"line":29,"column":null}},"16":{"start":{"line":32,"column":4},"end":{"line":32,"column":null}},"17":{"start":{"line":33,"column":4},"end":{"line":33,"column":null}},"18":{"start":{"line":37,"column":0},"end":{"line":37,"column":null}}},"fnMap":{"0":{"name":"(anonymous_1)","decl":{"start":{"line":3,"column":18},"end":{"line":3,"column":23}},"loc":{"start":{"line":3,"column":44},"end":{"line":35,"column":1}}},"1":{"name":"(anonymous_2)","decl":{"start":{"line":14,"column":36},"end":{"line":14,"column":37}},"loc":{"start":{"line":14,"column":51},"end":{"line":16,"column":5}}},"2":{"name":"(anonymous_3)","decl":{"start":{"line":18,"column":43},"end":{"line":18,"column":46}},"loc":{"start":{"line":18,"column":48},"end":{"line":20,"column":5}}},"3":{"name":"(anonymous_4)","decl":{"start":{"line":22,"column":42},"end":{"line":22,"column":45}},"loc":{"start":{"line":22,"column":47},"end":{"line":24,"column":5}}},"4":{"name":"(anonymous_5)","decl":{"start":{"line":26,"column":25},"end":{"line":26,"column":30}},"loc":{"start":{"line":26,"column":36},"end":{"line":30,"column":5}}}},"branchMap":{"0":{"loc":{"start":{"line":5,"column":40},"end":{"line":5,"column":69}},"type":"binary-expr","locations":[{"start":{"line":5,"column":40},"end":{"line":5,"column":63}},{"start":{"line":5,"column":67},"end":{"line":5,"column":69}}]}},"s":{"0":1,"1":1,"2":0,"3":0,"4":0,"5":0,"6":0,"7":0,"8":0,"9":0,"10":0,"11":0,"12":0,"13":0,"14":0,"15":0,"16":0,"17":0,"18":1},"f":{"0":0,"1":0,"2":0,"3":0,"4":0},"b":{"0":[0,0]}}
,"C:\\Users\\Michael\\OneDrive\\Desktop\\JusticeChain-main\\africajustice-backend\\src\\config\\redis.ts": {"path":"C:\\Users\\Michael\\OneDrive\\Desktop\\JusticeChain-main\\africajustice-backend\\src\\config\\redis.ts","statementMap":{"0":{"start":{"line":1,"column":0},"end":{"line":1,"column":53}},"1":{"start":{"line":3,"column":42},"end":{"line":3,"column":46}},"2":{"start":{"line":5,"column":21},"end":{"line":39,"column":1}},"3":{"start":{"line":6,"column":2},"end":{"line":38,"column":3}},"4":{"start":{"line":7,"column":4},"end":{"line":13,"column":null}},"5":{"start":{"line":15,"column":4},"end":{"line":17,"column":null}},"6":{"start":{"line":16,"column":6},"end":{"line":16,"column":null}},"7":{"start":{"line":19,"column":4},"end":{"line":21,"column":null}},"8":{"start":{"line":20,"column":6},"end":{"line":20,"column":null}},"9":{"start":{"line":23,"column":4},"end":{"line":25,"column":null}},"10":{"start":{"line":24,"column":6},"end":{"line":24,"column":null}},"11":{"start":{"line":27,"column":4},"end":{"line":29,"column":null}},"12":{"start":{"line":28,"column":6},"end":{"line":28,"column":null}},"13":{"start":{"line":31,"column":4},"end":{"line":31,"column":null}},"14":{"start":{"line":33,"column":4},"end":{"line":33,"column":null}},"15":{"start":{"line":35,"column":4},"end":{"line":35,"column":null}},"16":{"start":{"line":36,"column":4},"end":{"line":36,"column":null}},"17":{"start":{"line":37,"column":4},"end":{"line":37,"column":null}},"18":{"start":{"line":97,"column":2},"end":{"line":97,"column":14}},"19":{"start":{"line":41,"column":21},"end":{"line":51,"column":1}},"20":{"start":{"line":42,"column":2},"end":{"line":42,"column":null}},"21":{"start":{"line":42,"column":44},"end":{"line":42,"column":null}},"22":{"start":{"line":44,"column":2},"end":{"line":50,"column":3}},"23":{"start":{"line":45,"column":17},"end":{"line":45,"column":43}},"24":{"start":{"line":46,"column":4},"end":{"line":46,"column":null}},"25":{"start":{"line":48,"column":4},"end":{"line":48,"column":null}},"26":{"start":{"line":49,"column":4},"end":{"line":49,"column":null}},"27":{"start":{"line":98,"column":2},"end":{"line":98,"column":14}},"28":{"start":{"line":53,"column":19},"end":{"line":67,"column":1}},"29":{"start":{"line":58,"column":2},"end":{"line":58,"column":null}},"30":{"start":{"line":58,"column":44},"end":{"line":58,"column":null}},"31":{"start":{"line":60,"column":2},"end":{"line":66,"column":3}},"32":{"start":{"line":61,"column":4},"end":{"line":61,"column":null}},"33":{"start":{"line":62,"column":4},"end":{"line":62,"column":null}},"34":{"start":{"line":64,"column":4},"end":{"line":64,"column":null}},"35":{"start":{"line":65,"column":4},"end":{"line":65,"column":null}},"36":{"start":{"line":99,"column":2},"end":{"line":99,"column":12}},"37":{"start":{"line":69,"column":24},"end":{"line":79,"column":1}},"38":{"start":{"line":70,"column":2},"end":{"line":70,"column":null}},"39":{"start":{"line":70,"column":44},"end":{"line":70,"column":null}},"40":{"start":{"line":72,"column":2},"end":{"line":78,"column":3}},"41":{"start":{"line":73,"column":4},"end":{"line":73,"column":null}},"42":{"start":{"line":74,"column":4},"end":{"line":74,"column":null}},"43":{"start":{"line":76,"column":4},"end":{"line":76,"column":null}},"44":{"start":{"line":77,"column":4},"end":{"line":77,"column":null}},"45":{"start":{"line":100,"column":2},"end":{"line":100,"column":17}},"46":{"start":{"line":81,"column":19},"end":{"line":94,"column":1}},"47":{"start":{"line":82,"column":2},"end":{"line":82,"column":null}},"48":{"start":{"line":82,"column":44},"end":{"line":82,"column":null}},"49":{"start":{"line":84,"column":2},"end":{"line":93,"column":3}},"50":{"start":{"line":85,"column":17},"end":{"line":85,"column":48}},"51":{"start":{"line":86,"column":4},"end":{"line":88,"column":5}},"52":{"start":{"line":87,"column":6},"end":{"line":87,"column":null}},"53":{"start":{"line":89,"column":4},"end":{"line":89,"column":null}},"54":{"start":{"line":91,"column":4},"end":{"line":91,"column":null}},"55":{"start":{"line":92,"column":4},"end":{"line":92,"column":null}},"56":{"start":{"line":101,"column":2},"end":{"line":101,"column":12}},"57":{"start":{"line":104,"column":30},"end":{"line":104,"column":71}},"58":{"start":{"line":104,"column":60},"end":{"line":104,"column":71}},"59":{"start":{"line":104,"column":13},"end":{"line":104,"column":30}}},"fnMap":{"0":{"name":"(anonymous_0)","decl":{"start":{"line":5,"column":21},"end":{"line":5,"column":26}},"loc":{"start":{"line":5,"column":65},"end":{"line":39,"column":1}}},"1":{"name":"(anonymous_1)","decl":{"start":{"line":15,"column":28},"end":{"line":15,"column":29}},"loc":{"start":{"line":15,"column":36},"end":{"line":17,"column":5}}},"2":{"name":"(anonymous_2)","decl":{"start":{"line":19,"column":30},"end":{"line":19,"column":33}},"loc":{"start":{"line":19,"column":35},"end":{"line":21,"column":5}}},"3":{"name":"(anonymous_3)","decl":{"start":{"line":23,"column":28},"end":{"line":23,"column":31}},"loc":{"start":{"line":23,"column":33},"end":{"line":25,"column":5}}},"4":{"name":"(anonymous_4)","decl":{"start":{"line":27,"column":35},"end":{"line":27,"column":38}},"loc":{"start":{"line":27,"column":40},"end":{"line":29,"column":5}}},"5":{"name":"(anonymous_5)","decl":{"start":{"line":41,"column":21},"end":{"line":41,"column":26}},"loc":{"start":{"line":41,"column":61},"end":{"line":51,"column":1}}},"6":{"name":"(anonymous_6)","decl":{"start":{"line":53,"column":19},"end":{"line":53,"column":24}},"loc":{"start":{"line":57,"column":22},"end":{"line":67,"column":1}}},"7":{"name":"(anonymous_7)","decl":{"start":{"line":69,"column":24},"end":{"line":69,"column":29}},"loc":{"start":{"line":69,"column":64},"end":{"line":79,"column":1}}},"8":{"name":"(anonymous_8)","decl":{"start":{"line":81,"column":19},"end":{"line":81,"column":24}},"loc":{"start":{"line":81,"column":61},"end":{"line":94,"column":1}}},"9":{"name":"(anonymous_9)","decl":{"start":{"line":104,"column":30},"end":{"line":104,"column":57}},"loc":{"start":{"line":104,"column":60},"end":{"line":104,"column":71}}}},"branchMap":{"0":{"loc":{"start":{"line":9,"column":14},"end":{"line":9,"column":51}},"type":"binary-expr","locations":[{"start":{"line":9,"column":14},"end":{"line":9,"column":36}},{"start":{"line":9,"column":40},"end":{"line":9,"column":51}}]},"1":{"loc":{"start":{"line":10,"column":23},"end":{"line":10,"column":55}},"type":"binary-expr","locations":[{"start":{"line":10,"column":23},"end":{"line":10,"column":45}},{"start":{"line":10,"column":49},"end":{"line":10,"column":55}}]},"2":{"loc":{"start":{"line":12,"column":16},"end":{"line":12,"column":55}},"type":"binary-expr","locations":[{"start":{"line":12,"column":16},"end":{"line":12,"column":42}},{"start":{"line":12,"column":46},"end":{"line":12,"column":55}}]},"3":{"loc":{"start":{"line":42,"column":2},"end":{"line":42,"column":null}},"type":"if","locations":[{"start":{"line":42,"column":2},"end":{"line":42,"column":null}}]},"4":{"loc":{"start":{"line":42,"column":6},"end":{"line":42,"column":42}},"type":"binary-expr","locations":[{"start":{"line":42,"column":6},"end":{"line":42,"column":18}},{"start":{"line":42,"column":22},"end":{"line":42,"column":42}}]},"5":{"loc":{"start":{"line":46,"column":11},"end":{"line":46,"column":41}},"type":"cond-expr","locations":[{"start":{"line":46,"column":18},"end":{"line":46,"column":34}},{"start":{"line":46,"column":37},"end":{"line":46,"column":41}}]},"6":{"loc":{"start":{"line":56,"column":2},"end":{"line":56,"column":28}},"type":"default-arg","locations":[{"start":{"line":56,"column":24},"end":{"line":56,"column":28}}]},"7":{"loc":{"start":{"line":58,"column":2},"end":{"line":58,"column":null}},"type":"if","locations":[{"start":{"line":58,"column":2},"end":{"line":58,"column":null}}]},"8":{"loc":{"start":{"line":58,"column":6},"end":{"line":58,"column":42}},"type":"binary-expr","locations":[{"start":{"line":58,"column":6},"end":{"line":58,"column":18}},{"start":{"line":58,"column":22},"end":{"line":58,"column":42}}]},"9":{"loc":{"start":{"line":70,"column":2},"end":{"line":70,"column":null}},"type":"if","locations":[{"start":{"line":70,"column":2},"end":{"line":70,"column":null}}]},"10":{"loc":{"start":{"line":70,"column":6},"end":{"line":70,"column":42}},"type":"binary-expr","locations":[{"start":{"line":70,"column":6},"end":{"line":70,"column":18}},{"start":{"line":70,"column":22},"end":{"line":70,"column":42}}]},"11":{"loc":{"start":{"line":81,"column":26},"end":{"line":81,"column":39}},"type":"default-arg","locations":[{"start":{"line":81,"column":36},"end":{"line":81,"column":39}}]},"12":{"loc":{"start":{"line":82,"column":2},"end":{"line":82,"column":null}},"type":"if","locations":[{"start":{"line":82,"column":2},"end":{"line":82,"column":null}}]},"13":{"loc":{"start":{"line":82,"column":6},"end":{"line":82,"column":42}},"type":"binary-expr","locations":[{"start":{"line":82,"column":6},"end":{"line":82,"column":18}},{"start":{"line":82,"column":22},"end":{"line":82,"column":42}}]},"14":{"loc":{"start":{"line":86,"column":4},"end":{"line":88,"column":5}},"type":"if","locations":[{"start":{"line":86,"column":4},"end":{"line":88,"column":5}}]}},"s":{"0":1,"1":1,"2":1,"3":0,"4":0,"5":0,"6":0,"7":0,"8":0,"9":0,"10":0,"11":0,"12":0,"13":0,"14":0,"15":0,"16":0,"17":0,"18":1,"19":1,"20":0,"21":0,"22":0,"23":0,"24":0,"25":0,"26":0,"27":1,"28":1,"29":0,"30":0,"31":0,"32":0,"33":0,"34":0,"35":0,"36":1,"37":1,"38":0,"39":0,"40":0,"41":0,"42":0,"43":0,"44":0,"45":1,"46":1,"47":0,"48":0,"49":0,"50":0,"51":0,"52":0,"53":0,"54":0,"55":0,"56":1,"57":1,"58":0,"59":1},"f":{"0":0,"1":0,"2":0,"3":0,"4":0,"5":0,"6":0,"7":0,"8":0,"9":0},"b":{"0":[0,0],"1":[0,0],"2":[0,0],"3":[0],"4":[0,0],"5":[0,0],"6":[0],"7":[0],"8":[0,0],"9":[0],"10":[0,0],"11":[0],"12":[0],"13":[0,0],"14":[0]}}
,"C:\\Users\\Michael\\OneDrive\\Desktop\\JusticeChain-main\\africajustice-backend\\src\\config\\s3.ts": {"path":"C:\\Users\\Michael\\OneDrive\\Desktop\\JusticeChain-main\\africajustice-backend\\src\\config\\s3.ts","statementMap":{"0":{"start":{"line":2,"column":13},"end":{"line":7,"column":null}},"1":{"start":{"line":9,"column":0},"end":{"line":9,"column":null}}},"fnMap":{},"branchMap":{"0":{"loc":{"start":{"line":3,"column":10},"end":{"line":3,"column":53}},"type":"binary-expr","locations":[{"start":{"line":3,"column":10},"end":{"line":3,"column":35}},{"start":{"line":3,"column":39},"end":{"line":3,"column":53}}]},"1":{"loc":{"start":{"line":4,"column":10},"end":{"line":4,"column":47}},"type":"binary-expr","locations":[{"start":{"line":4,"column":10},"end":{"line":4,"column":32}},{"start":{"line":4,"column":36},"end":{"line":4,"column":47}}]}},"s":{"0":0,"1":0},"f":{},"b":{"0":[0,0],"1":[0,0]}}
,"C:\\Users\\Michael\\OneDrive\\Desktop\\JusticeChain-main\\africajustice-backend\\src\\config\\sentry.ts": {"path":"C:\\Users\\Michael\\OneDrive\\Desktop\\JusticeChain-main\\africajustice-backend\\src\\config\\sentry.ts","statementMap":{"0":{"start":{"line":12,"column":0},"end":{"line":12,"column":16}},"1":{"start":{"line":66,"column":0},"end":{"line":66,"column":16}},"2":{"start":{"line":95,"column":0},"end":{"line":95,"column":16}},"3":{"start":{"line":111,"column":0},"end":{"line":111,"column":16}},"4":{"start":{"line":130,"column":0},"end":{"line":130,"column":16}},"5":{"start":{"line":151,"column":0},"end":{"line":151,"column":16}},"6":{"start":{"line":171,"column":0},"end":{"line":171,"column":16}},"7":{"start":{"line":184,"column":0},"end":{"line":184,"column":16}},"8":{"start":{"line":193,"column":0},"end":{"line":193,"column":16}},"9":{"start":{"line":219,"column":0},"end":{"line":219,"column":7}},"10":{"start":{"line":233,"column":0},"end":{"line":233,"column":16}},"11":{"start":{"line":1,"column":0},"end":{"line":1,"column":39}},"12":{"start":{"line":2,"column":0},"end":{"line":2,"column":66}},"13":{"start":{"line":5,"column":20},"end":{"line":5,"column":57}},"14":{"start":{"line":6,"column":18},"end":{"line":6,"column":40}},"15":{"start":{"line":7,"column":23},"end":{"line":7,"column":61}},"16":{"start":{"line":13,"column":2},"end":{"line":16,"column":3}},"17":{"start":{"line":14,"column":4},"end":{"line":14,"column":71}},"18":{"start":{"line":15,"column":4},"end":{"line":15,"column":11}},"19":{"start":{"line":18,"column":2},"end":{"line":59,"column":5}},"20":{"start":{"line":67,"column":2},"end":{"line":67,"column":25}},"21":{"start":{"line":67,"column":18},"end":{"line":67,"column":25}},"22":{"start":{"line":70,"column":2},"end":{"line":88,"column":5}},"23":{"start":{"line":71,"column":18},"end":{"line":71,"column":28}},"24":{"start":{"line":72,"column":4},"end":{"line":86,"column":7}},"25":{"start":{"line":73,"column":23},"end":{"line":73,"column":41}},"26":{"start":{"line":74,"column":25},"end":{"line":84,"column":8}},"27":{"start":{"line":85,"column":6},"end":{"line":85,"column":48}},"28":{"start":{"line":87,"column":4},"end":{"line":87,"column":11}},"29":{"start":{"line":96,"column":2},"end":{"line":96,"column":25}},"30":{"start":{"line":96,"column":18},"end":{"line":96,"column":25}},"31":{"start":{"line":98,"column":2},"end":{"line":105,"column":5}},"32":{"start":{"line":99,"column":4},"end":{"line":99,"column":35}},"33":{"start":{"line":100,"column":4},"end":{"line":104,"column":7}},"34":{"start":{"line":115,"column":2},"end":{"line":118,"column":3}},"35":{"start":{"line":116,"column":4},"end":{"line":116,"column":44}},"36":{"start":{"line":117,"column":4},"end":{"line":117,"column":11}},"37":{"start":{"line":120,"column":2},"end":{"line":124,"column":5}},"38":{"start":{"line":135,"column":2},"end":{"line":138,"column":3}},"39":{"start":{"line":136,"column":4},"end":{"line":136,"column":64}},"40":{"start":{"line":137,"column":4},"end":{"line":137,"column":11}},"41":{"start":{"line":140,"column":2},"end":{"line":145,"column":5}},"42":{"start":{"line":157,"column":2},"end":{"line":157,"column":25}},"43":{"start":{"line":157,"column":18},"end":{"line":157,"column":25}},"44":{"start":{"line":159,"column":2},"end":{"line":165,"column":5}},"45":{"start":{"line":172,"column":2},"end":{"line":172,"column":25}},"46":{"start":{"line":172,"column":18},"end":{"line":172,"column":25}},"47":{"start":{"line":174,"column":2},"end":{"line":178,"column":5}},"48":{"start":{"line":185,"column":2},"end":{"line":185,"column":25}},"49":{"start":{"line":185,"column":18},"end":{"line":185,"column":25}},"50":{"start":{"line":187,"column":2},"end":{"line":187,"column":23}},"51":{"start":{"line":200,"column":2},"end":{"line":200,"column":25}},"52":{"start":{"line":200,"column":18},"end":{"line":200,"column":25}},"53":{"start":{"line":202,"column":16},"end":{"line":202,"column":84}},"54":{"start":{"line":204,"column":2},"end":{"line":213,"column":4}},"55":{"start":{"line":220,"column":2},"end":{"line":220,"column":47}},"56":{"start":{"line":220,"column":18},"end":{"line":220,"column":47}},"57":{"start":{"line":222,"column":2},"end":{"line":227,"column":3}},"58":{"start":{"line":223,"column":4},"end":{"line":223,"column":36}},"59":{"start":{"line":225,"column":4},"end":{"line":225,"column":51}},"60":{"start":{"line":226,"column":4},"end":{"line":226,"column":17}},"61":{"start":{"line":234,"column":2},"end":{"line":234,"column":34}},"62":{"start":{"line":237,"column":0},"end":{"line":237,"column":22}}},"fnMap":{"0":{"name":"initializeSentry","decl":{"start":{"line":12,"column":16},"end":{"line":12,"column":32}},"loc":{"start":{"line":12,"column":32},"end":{"line":60,"column":1}}},"1":{"name":"setupSentryMiddleware","decl":{"start":{"line":66,"column":16},"end":{"line":66,"column":37}},"loc":{"start":{"line":66,"column":50},"end":{"line":89,"column":1}}},"2":{"name":"(anonymous_11)","decl":{"start":{"line":70,"column":10},"end":{"line":70,"column":11}},"loc":{"start":{"line":70,"column":29},"end":{"line":88,"column":3}}},"3":{"name":"(anonymous_12)","decl":{"start":{"line":72,"column":23},"end":{"line":72,"column":26}},"loc":{"start":{"line":72,"column":28},"end":{"line":86,"column":5}}},"4":{"name":"setupSentryErrorHandler","decl":{"start":{"line":95,"column":16},"end":{"line":95,"column":39}},"loc":{"start":{"line":95,"column":52},"end":{"line":106,"column":1}}},"5":{"name":"(anonymous_14)","decl":{"start":{"line":98,"column":10},"end":{"line":98,"column":11}},"loc":{"start":{"line":98,"column":61},"end":{"line":105,"column":3}}},"6":{"name":"captureError","decl":{"start":{"line":111,"column":16},"end":{"line":111,"column":28}},"loc":{"start":{"line":113,"column":35},"end":{"line":125,"column":1}}},"7":{"name":"captureMessage","decl":{"start":{"line":130,"column":16},"end":{"line":130,"column":30}},"loc":{"start":{"line":133,"column":35},"end":{"line":146,"column":1}}},"8":{"name":"addBreadcrumb","decl":{"start":{"line":151,"column":16},"end":{"line":151,"column":29}},"loc":{"start":{"line":155,"column":32},"end":{"line":166,"column":1}}},"9":{"name":"setUserContext","decl":{"start":{"line":171,"column":16},"end":{"line":171,"column":30}},"loc":{"start":{"line":171,"column":80},"end":{"line":179,"column":1}}},"10":{"name":"clearUserContext","decl":{"start":{"line":184,"column":16},"end":{"line":184,"column":32}},"loc":{"start":{"line":184,"column":32},"end":{"line":188,"column":1}}},"11":{"name":"captureRequestContext","decl":{"start":{"line":193,"column":16},"end":{"line":193,"column":37}},"loc":{"start":{"line":198,"column":16},"end":{"line":214,"column":1}}},"12":{"name":"flushSentry","decl":{"start":{"line":219,"column":22},"end":{"line":219,"column":33}},"loc":{"start":{"line":219,"column":33},"end":{"line":228,"column":1}}},"13":{"name":"getSentryScope","decl":{"start":{"line":233,"column":16},"end":{"line":233,"column":30}},"loc":{"start":{"line":233,"column":30},"end":{"line":235,"column":1}}}},"branchMap":{"0":{"loc":{"start":{"line":5,"column":20},"end":{"line":5,"column":57}},"type":"binary-expr","locations":[{"start":{"line":5,"column":20},"end":{"line":5,"column":40}},{"start":{"line":5,"column":44},"end":{"line":5,"column":57}}]},"1":{"loc":{"start":{"line":7,"column":23},"end":{"line":7,"column":61}},"type":"binary-expr","locations":[{"start":{"line":7,"column":23},"end":{"line":7,"column":50}},{"start":{"line":7,"column":54},"end":{"line":7,"column":61}}]},"2":{"loc":{"start":{"line":13,"column":2},"end":{"line":16,"column":3}},"type":"if","locations":[{"start":{"line":13,"column":2},"end":{"line":16,"column":3}}]},"3":{"loc":{"start":{"line":22,"column":22},"end":{"line":22,"column":62}},"type":"cond-expr","locations":[{"start":{"line":22,"column":53},"end":{"line":22,"column":56}},{"start":{"line":22,"column":59},"end":{"line":22,"column":62}}]},"4":{"loc":{"start":{"line":23,"column":24},"end":{"line":23,"column":64}},"type":"cond-expr","locations":[{"start":{"line":23,"column":55},"end":{"line":23,"column":58}},{"start":{"line":23,"column":61},"end":{"line":23,"column":64}}]},"5":{"loc":{"start":{"line":67,"column":2},"end":{"line":67,"column":25}},"type":"if","locations":[{"start":{"line":67,"column":2},"end":{"line":67,"column":25}}]},"6":{"loc":{"start":{"line":96,"column":2},"end":{"line":96,"column":25}},"type":"if","locations":[{"start":{"line":96,"column":2},"end":{"line":96,"column":25}}]},"7":{"loc":{"start":{"line":103,"column":13},"end":{"line":103,"column":113}},"type":"cond-expr","locations":[{"start":{"line":103,"column":46},"end":{"line":103,"column":100}},{"start":{"line":103,"column":104},"end":{"line":103,"column":113}}]},"8":{"loc":{"start":{"line":103,"column":46},"end":{"line":103,"column":100}},"type":"cond-expr","locations":[{"start":{"line":103,"column":71},"end":{"line":103,"column":84}},{"start":{"line":103,"column":87},"end":{"line":103,"column":100}}]},"9":{"loc":{"start":{"line":113,"column":2},"end":{"line":113,"column":35}},"type":"default-arg","locations":[{"start":{"line":113,"column":33},"end":{"line":113,"column":35}}]},"10":{"loc":{"start":{"line":115,"column":2},"end":{"line":118,"column":3}},"type":"if","locations":[{"start":{"line":115,"column":2},"end":{"line":118,"column":3}}]},"11":{"loc":{"start":{"line":132,"column":2},"end":{"line":132,"column":38}},"type":"default-arg","locations":[{"start":{"line":132,"column":32},"end":{"line":132,"column":38}}]},"12":{"loc":{"start":{"line":133,"column":2},"end":{"line":133,"column":35}},"type":"default-arg","locations":[{"start":{"line":133,"column":33},"end":{"line":133,"column":35}}]},"13":{"loc":{"start":{"line":135,"column":2},"end":{"line":138,"column":3}},"type":"if","locations":[{"start":{"line":135,"column":2},"end":{"line":138,"column":3}}]},"14":{"loc":{"start":{"line":153,"column":2},"end":{"line":153,"column":29}},"type":"default-arg","locations":[{"start":{"line":153,"column":21},"end":{"line":153,"column":29}}]},"15":{"loc":{"start":{"line":154,"column":2},"end":{"line":154,"column":38}},"type":"default-arg","locations":[{"start":{"line":154,"column":32},"end":{"line":154,"column":38}}]},"16":{"loc":{"start":{"line":155,"column":2},"end":{"line":155,"column":32}},"type":"default-arg","locations":[{"start":{"line":155,"column":30},"end":{"line":155,"column":32}}]},"17":{"loc":{"start":{"line":157,"column":2},"end":{"line":157,"column":25}},"type":"if","locations":[{"start":{"line":157,"column":2},"end":{"line":157,"column":25}}]},"18":{"loc":{"start":{"line":172,"column":2},"end":{"line":172,"column":25}},"type":"if","locations":[{"start":{"line":172,"column":2},"end":{"line":172,"column":25}}]},"19":{"loc":{"start":{"line":185,"column":2},"end":{"line":185,"column":25}},"type":"if","locations":[{"start":{"line":185,"column":2},"end":{"line":185,"column":25}}]},"20":{"loc":{"start":{"line":200,"column":2},"end":{"line":200,"column":25}},"type":"if","locations":[{"start":{"line":200,"column":2},"end":{"line":200,"column":25}}]},"21":{"loc":{"start":{"line":202,"column":16},"end":{"line":202,"column":84}},"type":"cond-expr","locations":[{"start":{"line":202,"column":36},"end":{"line":202,"column":43}},{"start":{"line":202,"column":46},"end":{"line":202,"column":84}}]},"22":{"loc":{"start":{"line":202,"column":46},"end":{"line":202,"column":84}},"type":"cond-expr","locations":[{"start":{"line":202,"column":66},"end":{"line":202,"column":75}},{"start":{"line":202,"column":78},"end":{"line":202,"column":84}}]},"23":{"loc":{"start":{"line":220,"column":2},"end":{"line":220,"column":47}},"type":"if","locations":[{"start":{"line":220,"column":2},"end":{"line":220,"column":47}}]}},"s":{"0":1,"1":1,"2":1,"3":1,"4":1,"5":1,"6":1,"7":1,"8":1,"9":1,"10":1,"11":1,"12":1,"13":1,"14":1,"15":1,"16":0,"17":0,"18":0,"19":0,"20":1,"21":1,"22":0,"23":0,"24":0,"25":0,"26":0,"27":0,"28":0,"29":1,"30":1,"31":0,"32":0,"33":0,"34":1,"35":1,"36":1,"37":0,"38":0,"39":0,"40":0,"41":0,"42":6,"43":6,"44":0,"45":0,"46":0,"47":0,"48":0,"49":0,"50":0,"51":0,"52":0,"53":0,"54":0,"55":0,"56":0,"57":0,"58":0,"59":0,"60":0,"61":0,"62":1},"f":{"0":0,"1":1,"2":0,"3":0,"4":1,"5":0,"6":1,"7":0,"8":6,"9":0,"10":0,"11":0,"12":0,"13":0},"b":{"0":[1,0],"1":[1,1],"2":[0],"3":[0,0],"4":[0,0],"5":[1],"6":[1],"7":[0,0],"8":[0,0],"9":[0],"10":[1],"11":[0],"12":[0],"13":[0],"14":[0],"15":[0],"16":[0],"17":[6],"18":[0],"19":[0],"20":[0],"21":[0,0],"22":[0,0],"23":[0]}}
,"C:\\Users\\Michael\\OneDrive\\Desktop\\JusticeChain-main\\africajustice-backend\\src\\config\\swagger.ts": {"path":"C:\\Users\\Michael\\OneDrive\\Desktop\\JusticeChain-main\\africajustice-backend\\src\\config\\swagger.ts","statementMap":{"0":{"start":{"line":1,"column":0},"end":{"line":1,"column":40}},"1":{"start":{"line":2,"column":0},"end":{"line":2,"column":42}},"2":{"start":{"line":5,"column":16},"end":{"line":96,"column":null}},"3":{"start":{"line":100,"column":0},"end":{"line":105,"column":1}},"4":{"start":{"line":101,"column":2},"end":{"line":101,"column":null}},"5":{"start":{"line":103,"column":2},"end":{"line":103,"column":null}},"6":{"start":{"line":104,"column":2},"end":{"line":104,"column":13}},"7":{"start":{"line":107,"column":28},"end":{"line":134,"column":1}},"8":{"start":{"line":108,"column":2},"end":{"line":133,"column":3}},"9":{"start":{"line":109,"column":4},"end":{"line":121,"column":null}},"10":{"start":{"line":124,"column":4},"end":{"line":128,"column":null}},"11":{"start":{"line":130,"column":4},"end":{"line":130,"column":null}},"12":{"start":{"line":132,"column":4},"end":{"line":132,"column":null}},"13":{"start":{"line":107,"column":13},"end":{"line":107,"column":28}}},"fnMap":{"0":{"name":"(anonymous_1)","decl":{"start":{"line":107,"column":28},"end":{"line":107,"column":29}},"loc":{"start":{"line":107,"column":51},"end":{"line":134,"column":1}}}},"branchMap":{"0":{"loc":{"start":{"line":22,"column":13},"end":{"line":22,"column":66}},"type":"binary-expr","locations":[{"start":{"line":22,"column":13},"end":{"line":22,"column":32}},{"start":{"line":22,"column":36},"end":{"line":22,"column":66}}]}},"s":{"0":1,"1":1,"2":1,"3":1,"4":1,"5":0,"6":0,"7":1,"8":1,"9":1,"10":1,"11":1,"12":0,"13":1},"f":{"0":1},"b":{"0":[1,1]}}
,"C:\\Users\\Michael\\OneDrive\\Desktop\\JusticeChain-main\\africajustice-backend\\src\\config\\validateEnv.ts": {"path":"C:\\Users\\Michael\\OneDrive\\Desktop\\JusticeChain-main\\africajustice-backend\\src\\config\\validateEnv.ts","statementMap":{"0":{"start":{"line":1,"column":20},"end":{"line":27,"column":1}},"1":{"start":{"line":2,"column":2},"end":{"line":4,"column":3}},"2":{"start":{"line":3,"column":4},"end":{"line":3,"column":10}},"3":{"start":{"line":6,"column":2},"end":{"line":8,"column":3}},"4":{"start":{"line":7,"column":4},"end":{"line":7,"column":10}},"5":{"start":{"line":10,"column":23},"end":{"line":10,"column":52}},"6":{"start":{"line":11,"column":28},"end":{"line":11,"column":82}},"7":{"start":{"line":13,"column":19},"end":{"line":13,"column":36}},"8":{"start":{"line":14,"column":2},"end":{"line":16,"column":3}},"9":{"start":{"line":15,"column":4},"end":{"line":15,"column":null}},"10":{"start":{"line":18,"column":18},"end":{"line":18,"column":61}},"11":{"start":{"line":18,"column":43},"end":{"line":18,"column":60}},"12":{"start":{"line":20,"column":2},"end":{"line":26,"column":3}},"13":{"start":{"line":21,"column":18},"end":{"line":22,"column":null}},"14":{"start":{"line":24,"column":4},"end":{"line":24,"column":null}},"15":{"start":{"line":25,"column":4},"end":{"line":25,"column":null}},"16":{"start":{"line":29,"column":0},"end":{"line":29,"column":null}}},"fnMap":{"0":{"name":"(anonymous_0)","decl":{"start":{"line":1,"column":20},"end":{"line":1,"column":29}},"loc":{"start":{"line":1,"column":31},"end":{"line":27,"column":1}}},"1":{"name":"(anonymous_1)","decl":{"start":{"line":18,"column":34},"end":{"line":18,"column":35}},"loc":{"start":{"line":18,"column":43},"end":{"line":18,"column":60}}}},"branchMap":{"0":{"loc":{"start":{"line":2,"column":2},"end":{"line":4,"column":3}},"type":"if","locations":[{"start":{"line":2,"column":2},"end":{"line":4,"column":3}}]},"1":{"loc":{"start":{"line":6,"column":2},"end":{"line":8,"column":3}},"type":"if","locations":[{"start":{"line":6,"column":2},"end":{"line":8,"column":3}}]},"2":{"loc":{"start":{"line":14,"column":2},"end":{"line":16,"column":3}},"type":"if","locations":[{"start":{"line":14,"column":2},"end":{"line":16,"column":3}}]},"3":{"loc":{"start":{"line":20,"column":2},"end":{"line":26,"column":3}},"type":"if","locations":[{"start":{"line":20,"column":2},"end":{"line":26,"column":3}}]}},"s":{"0":1,"1":0,"2":0,"3":0,"4":0,"5":0,"6":0,"7":0,"8":0,"9":0,"10":0,"11":0,"12":0,"13":0,"14":0,"15":0,"16":1},"f":{"0":0,"1":0},"b":{"0":[0],"1":[0],"2":[0],"3":[0]}}
,"C:\\Users\\Michael\\OneDrive\\Desktop\\JusticeChain-main\\africajustice-backend\\src\\controllers\\adminController.ts": {"path":"C:\\Users\\Michael\\OneDrive\\Desktop\\JusticeChain-main\\africajustice-backend\\src\\controllers\\adminController.ts","statementMap":{"0":{"start":{"line":3,"column":0},"end":{"line":3,"column":41}},"1":{"start":{"line":4,"column":0},"end":{"line":4,"column":53}},"2":{"start":{"line":5,"column":0},"end":{"line":5,"column":45}},"3":{"start":{"line":6,"column":0},"end":{"line":6,"column":37}},"4":{"start":{"line":7,"column":0},"end":{"line":7,"column":63}},"5":{"start":{"line":12,"column":43},"end":{"line":40,"column":1}},"6":{"start":{"line":13,"column":2},"end":{"line":39,"column":3}},"7":{"start":{"line":14,"column":20},"end":{"line":14,"column":49}},"8":{"start":{"line":15,"column":27},"end":{"line":15,"column":77}},"9":{"start":{"line":16,"column":26},"end":{"line":16,"column":61}},"10":{"start":{"line":17,"column":33},"end":{"line":17,"column":89}},"11":{"start":{"line":18,"column":21},"end":{"line":18,"column":52}},"12":{"start":{"line":19,"column":18},"end":{"line":19,"column":45}},"13":{"start":{"line":20,"column":19},"end":{"line":20,"column":63}},"14":{"start":{"line":21,"column":23},"end":{"line":21,"column":71}},"15":{"start":{"line":23,"column":4},"end":{"line":32,"column":null}},"16":{"start":{"line":34,"column":4},"end":{"line":38,"column":null}},"17":{"start":{"line":12,"column":13},"end":{"line":12,"column":43}},"18":{"start":{"line":45,"column":49},"end":{"line":74,"column":1}},"19":{"start":{"line":46,"column":2},"end":{"line":73,"column":3}},"20":{"start":{"line":47,"column":61},"end":{"line":47,"column":124}},"21":{"start":{"line":49,"column":20},"end":{"line":49,"column":49}},"22":{"start":{"line":50,"column":21},"end":{"line":50,"column":53}},"23":{"start":{"line":51,"column":17},"end":{"line":51,"column":41}},"24":{"start":{"line":53,"column":43},"end":{"line":53,"column":67}},"25":{"start":{"line":54,"column":20},"end":{"line":54,"column":95}},"26":{"start":{"line":55,"column":18},"end":{"line":55,"column":52}},"27":{"start":{"line":57,"column":4},"end":{"line":66,"column":null}},"28":{"start":{"line":68,"column":4},"end":{"line":72,"column":null}},"29":{"start":{"line":45,"column":13},"end":{"line":45,"column":49}},"30":{"start":{"line":79,"column":40},"end":{"line":139,"column":1}},"31":{"start":{"line":80,"column":2},"end":{"line":138,"column":3}},"32":{"start":{"line":81,"column":19},"end":{"line":81,"column":29}},"33":{"start":{"line":82,"column":31},"end":{"line":82,"column":79}},"34":{"start":{"line":84,"column":4},"end":{"line":90,"column":5}},"35":{"start":{"line":85,"column":6},"end":{"line":88,"column":null}},"36":{"start":{"line":89,"column":6},"end":{"line":89,"column":12}},"37":{"start":{"line":92,"column":19},"end":{"line":92,"column":44}},"38":{"start":{"line":93,"column":4},"end":{"line":99,"column":5}},"39":{"start":{"line":94,"column":6},"end":{"line":97,"column":null}},"40":{"start":{"line":98,"column":6},"end":{"line":98,"column":12}},"41":{"start":{"line":101,"column":22},"end":{"line":101,"column":73}},"42":{"start":{"line":102,"column":4},"end":{"line":102,"column":null}},"43":{"start":{"line":103,"column":4},"end":{"line":103,"column":null}},"44":{"start":{"line":104,"column":4},"end":{"line":104,"column":null}},"45":{"start":{"line":105,"column":4},"end":{"line":105,"column":null}},"46":{"start":{"line":107,"column":4},"end":{"line":107,"column":null}},"47":{"start":{"line":110,"column":4},"end":{"line":125,"column":5}},"48":{"start":{"line":111,"column":27},"end":{"line":111,"column":51}},"49":{"start":{"line":112,"column":28},"end":{"line":112,"column":72}},"50":{"start":{"line":113,"column":6},"end":{"line":120,"column":null}},"51":{"start":{"line":122,"column":6},"end":{"line":122,"column":null}},"52":{"start":{"line":124,"column":6},"end":{"line":124,"column":null}},"53":{"start":{"line":127,"column":4},"end":{"line":131,"column":null}},"54":{"start":{"line":133,"column":4},"end":{"line":137,"column":null}},"55":{"start":{"line":79,"column":13},"end":{"line":79,"column":40}},"56":{"start":{"line":144,"column":51},"end":{"line":173,"column":1}},"57":{"start":{"line":145,"column":2},"end":{"line":172,"column":3}},"58":{"start":{"line":146,"column":61},"end":{"line":146,"column":124}},"59":{"start":{"line":148,"column":20},"end":{"line":148,"column":49}},"60":{"start":{"line":149,"column":21},"end":{"line":149,"column":53}},"61":{"start":{"line":150,"column":17},"end":{"line":150,"column":41}},"62":{"start":{"line":152,"column":43},"end":{"line":152,"column":67}},"63":{"start":{"line":153,"column":26},"end":{"line":153,"column":107}},"64":{"start":{"line":154,"column":18},"end":{"line":154,"column":58}},"65":{"start":{"line":156,"column":4},"end":{"line":165,"column":null}},"66":{"start":{"line":167,"column":4},"end":{"line":171,"column":null}},"67":{"start":{"line":144,"column":13},"end":{"line":144,"column":51}},"68":{"start":{"line":178,"column":44},"end":{"line":238,"column":1}},"69":{"start":{"line":179,"column":2},"end":{"line":237,"column":3}},"70":{"start":{"line":180,"column":19},"end":{"line":180,"column":29}},"71":{"start":{"line":181,"column":42},"end":{"line":181,"column":110}},"72":{"start":{"line":183,"column":4},"end":{"line":189,"column":5}},"73":{"start":{"line":184,"column":6},"end":{"line":187,"column":null}},"74":{"start":{"line":188,"column":6},"end":{"line":188,"column":12}},"75":{"start":{"line":191,"column":25},"end":{"line":191,"column":56}},"76":{"start":{"line":192,"column":4},"end":{"line":198,"column":5}},"77":{"start":{"line":193,"column":6},"end":{"line":196,"column":null}},"78":{"start":{"line":197,"column":6},"end":{"line":197,"column":12}},"79":{"start":{"line":200,"column":4},"end":{"line":200,"column":null}},"80":{"start":{"line":201,"column":4},"end":{"line":201,"column":null}},"81":{"start":{"line":202,"column":4},"end":{"line":202,"column":null}},"82":{"start":{"line":203,"column":4},"end":{"line":203,"column":null}},"83":{"start":{"line":204,"column":4},"end":{"line":204,"column":null}},"84":{"start":{"line":206,"column":4},"end":{"line":206,"column":null}},"85":{"start":{"line":209,"column":4},"end":{"line":224,"column":5}},"86":{"start":{"line":210,"column":27},"end":{"line":210,"column":51}},"87":{"start":{"line":211,"column":27},"end":{"line":211,"column":71}},"88":{"start":{"line":212,"column":6},"end":{"line":219,"column":null}},"89":{"start":{"line":221,"column":6},"end":{"line":221,"column":null}},"90":{"start":{"line":223,"column":6},"end":{"line":223,"column":null}},"91":{"start":{"line":226,"column":4},"end":{"line":230,"column":null}},"92":{"start":{"line":232,"column":4},"end":{"line":236,"column":null}},"93":{"start":{"line":178,"column":13},"end":{"line":178,"column":44}},"94":{"start":{"line":243,"column":46},"end":{"line":272,"column":1}},"95":{"start":{"line":244,"column":2},"end":{"line":271,"column":3}},"96":{"start":{"line":245,"column":61},"end":{"line":245,"column":124}},"97":{"start":{"line":247,"column":20},"end":{"line":247,"column":49}},"98":{"start":{"line":248,"column":21},"end":{"line":248,"column":53}},"99":{"start":{"line":249,"column":17},"end":{"line":249,"column":41}},"100":{"start":{"line":251,"column":43},"end":{"line":251,"column":67}},"101":{"start":{"line":252,"column":21},"end":{"line":252,"column":98}},"102":{"start":{"line":253,"column":18},"end":{"line":253,"column":54}},"103":{"start":{"line":255,"column":4},"end":{"line":264,"column":null}},"104":{"start":{"line":266,"column":4},"end":{"line":270,"column":null}},"105":{"start":{"line":243,"column":13},"end":{"line":243,"column":46}},"106":{"start":{"line":277,"column":40},"end":{"line":336,"column":1}},"107":{"start":{"line":278,"column":2},"end":{"line":335,"column":3}},"108":{"start":{"line":279,"column":19},"end":{"line":279,"column":29}},"109":{"start":{"line":280,"column":31},"end":{"line":280,"column":79}},"110":{"start":{"line":282,"column":4},"end":{"line":288,"column":5}},"111":{"start":{"line":283,"column":6},"end":{"line":286,"column":null}},"112":{"start":{"line":287,"column":6},"end":{"line":287,"column":12}},"113":{"start":{"line":290,"column":21},"end":{"line":290,"column":48}},"114":{"start":{"line":291,"column":4},"end":{"line":297,"column":5}},"115":{"start":{"line":292,"column":6},"end":{"line":295,"column":null}},"116":{"start":{"line":296,"column":6},"end":{"line":296,"column":12}},"117":{"start":{"line":299,"column":4},"end":{"line":299,"column":null}},"118":{"start":{"line":300,"column":4},"end":{"line":300,"column":null}},"119":{"start":{"line":301,"column":4},"end":{"line":301,"column":null}},"120":{"start":{"line":302,"column":4},"end":{"line":302,"column":null}},"121":{"start":{"line":304,"column":4},"end":{"line":304,"column":null}},"122":{"start":{"line":307,"column":4},"end":{"line":322,"column":5}},"123":{"start":{"line":308,"column":27},"end":{"line":308,"column":51}},"124":{"start":{"line":309,"column":27},"end":{"line":309,"column":71}},"125":{"start":{"line":310,"column":6},"end":{"line":317,"column":null}},"126":{"start":{"line":319,"column":6},"end":{"line":319,"column":null}},"127":{"start":{"line":321,"column":6},"end":{"line":321,"column":null}},"128":{"start":{"line":324,"column":4},"end":{"line":328,"column":null}},"129":{"start":{"line":330,"column":4},"end":{"line":334,"column":null}},"130":{"start":{"line":277,"column":13},"end":{"line":277,"column":40}},"131":{"start":{"line":341,"column":47},"end":{"line":370,"column":1}},"132":{"start":{"line":342,"column":2},"end":{"line":369,"column":3}},"133":{"start":{"line":343,"column":47},"end":{"line":343,"column":108}},"134":{"start":{"line":345,"column":20},"end":{"line":345,"column":49}},"135":{"start":{"line":346,"column":21},"end":{"line":346,"column":53}},"136":{"start":{"line":347,"column":17},"end":{"line":347,"column":41}},"137":{"start":{"line":349,"column":43},"end":{"line":349,"column":63}},"138":{"start":{"line":350,"column":18},"end":{"line":350,"column":91}},"139":{"start":{"line":351,"column":18},"end":{"line":351,"column":50}},"140":{"start":{"line":353,"column":4},"end":{"line":362,"column":null}},"141":{"start":{"line":364,"column":4},"end":{"line":368,"column":null}},"142":{"start":{"line":341,"column":13},"end":{"line":341,"column":47}},"143":{"start":{"line":375,"column":40},"end":{"line":436,"column":1}},"144":{"start":{"line":376,"column":2},"end":{"line":435,"column":3}},"145":{"start":{"line":377,"column":19},"end":{"line":377,"column":29}},"146":{"start":{"line":378,"column":21},"end":{"line":378,"column":50}},"147":{"start":{"line":380,"column":4},"end":{"line":386,"column":5}},"148":{"start":{"line":381,"column":6},"end":{"line":384,"column":null}},"149":{"start":{"line":385,"column":6},"end":{"line":385,"column":12}},"150":{"start":{"line":389,"column":4},"end":{"line":395,"column":5}},"151":{"start":{"line":390,"column":6},"end":{"line":393,"column":null}},"152":{"start":{"line":394,"column":6},"end":{"line":394,"column":12}},"153":{"start":{"line":397,"column":17},"end":{"line":397,"column":40}},"154":{"start":{"line":398,"column":4},"end":{"line":404,"column":5}},"155":{"start":{"line":399,"column":6},"end":{"line":402,"column":null}},"156":{"start":{"line":403,"column":6},"end":{"line":403,"column":12}},"157":{"start":{"line":406,"column":20},"end":{"line":406,"column":29}},"158":{"start":{"line":407,"column":4},"end":{"line":407,"column":null}},"159":{"start":{"line":408,"column":4},"end":{"line":408,"column":null}},"160":{"start":{"line":411,"column":4},"end":{"line":422,"column":5}},"161":{"start":{"line":412,"column":27},"end":{"line":412,"column":51}},"162":{"start":{"line":413,"column":26},"end":{"line":413,"column":87}},"163":{"start":{"line":414,"column":6},"end":{"line":419,"column":null}},"164":{"start":{"line":421,"column":6},"end":{"line":421,"column":null}},"165":{"start":{"line":424,"column":4},"end":{"line":428,"column":null}},"166":{"start":{"line":430,"column":4},"end":{"line":434,"column":null}},"167":{"start":{"line":375,"column":13},"end":{"line":375,"column":40}},"168":{"start":{"line":441,"column":38},"end":{"line":482,"column":1}},"169":{"start":{"line":442,"column":2},"end":{"line":481,"column":3}},"170":{"start":{"line":443,"column":69},"end":{"line":443,"column":null}},"171":{"start":{"line":451,"column":20},"end":{"line":451,"column":49}},"172":{"start":{"line":452,"column":21},"end":{"line":452,"column":53}},"173":{"start":{"line":453,"column":18},"end":{"line":453,"column":42}},"174":{"start":{"line":455,"column":43},"end":{"line":455,"column":45}},"175":{"start":{"line":456,"column":4},"end":{"line":456,"column":null}},"176":{"start":{"line":456,"column":16},"end":{"line":456,"column":null}},"177":{"start":{"line":457,"column":4},"end":{"line":461,"column":5}},"178":{"start":{"line":458,"column":6},"end":{"line":458,"column":null}},"179":{"start":{"line":459,"column":6},"end":{"line":459,"column":null}},"180":{"start":{"line":459,"column":22},"end":{"line":459,"column":null}},"181":{"start":{"line":460,"column":6},"end":{"line":460,"column":null}},"182":{"start":{"line":460,"column":20},"end":{"line":460,"column":null}},"183":{"start":{"line":464,"column":4},"end":{"line":474,"column":null}},"184":{"start":{"line":476,"column":4},"end":{"line":480,"column":null}},"185":{"start":{"line":441,"column":13},"end":{"line":441,"column":38}}},"fnMap":{"0":{"name":"(anonymous_0)","decl":{"start":{"line":12,"column":43},"end":{"line":12,"column":48}},"loc":{"start":{"line":12,"column":100},"end":{"line":40,"column":1}}},"1":{"name":"(anonymous_1)","decl":{"start":{"line":45,"column":49},"end":{"line":45,"column":54}},"loc":{"start":{"line":45,"column":106},"end":{"line":74,"column":1}}},"2":{"name":"(anonymous_2)","decl":{"start":{"line":79,"column":40},"end":{"line":79,"column":45}},"loc":{"start":{"line":79,"column":97},"end":{"line":139,"column":1}}},"3":{"name":"(anonymous_3)","decl":{"start":{"line":144,"column":51},"end":{"line":144,"column":56}},"loc":{"start":{"line":144,"column":108},"end":{"line":173,"column":1}}},"4":{"name":"(anonymous_4)","decl":{"start":{"line":178,"column":44},"end":{"line":178,"column":49}},"loc":{"start":{"line":178,"column":101},"end":{"line":238,"column":1}}},"5":{"name":"(anonymous_5)","decl":{"start":{"line":243,"column":46},"end":{"line":243,"column":51}},"loc":{"start":{"line":243,"column":103},"end":{"line":272,"column":1}}},"6":{"name":"(anonymous_6)","decl":{"start":{"line":277,"column":40},"end":{"line":277,"column":45}},"loc":{"start":{"line":277,"column":97},"end":{"line":336,"column":1}}},"7":{"name":"(anonymous_7)","decl":{"start":{"line":341,"column":47},"end":{"line":341,"column":52}},"loc":{"start":{"line":341,"column":104},"end":{"line":370,"column":1}}},"8":{"name":"(anonymous_8)","decl":{"start":{"line":375,"column":40},"end":{"line":375,"column":45}},"loc":{"start":{"line":375,"column":97},"end":{"line":436,"column":1}}},"9":{"name":"(anonymous_9)","decl":{"start":{"line":441,"column":38},"end":{"line":441,"column":43}},"loc":{"start":{"line":441,"column":95},"end":{"line":482,"column":1}}}},"branchMap":{"0":{"loc":{"start":{"line":37,"column":13},"end":{"line":37,"column":69}},"type":"cond-expr","locations":[{"start":{"line":37,"column":38},"end":{"line":37,"column":51}},{"start":{"line":37,"column":54},"end":{"line":37,"column":69}}]},"1":{"loc":{"start":{"line":47,"column":12},"end":{"line":47,"column":22}},"type":"default-arg","locations":[{"start":{"line":47,"column":19},"end":{"line":47,"column":22}}]},"2":{"loc":{"start":{"line":47,"column":24},"end":{"line":47,"column":36}},"type":"default-arg","locations":[{"start":{"line":47,"column":32},"end":{"line":47,"column":36}}]},"3":{"loc":{"start":{"line":47,"column":38},"end":{"line":47,"column":56}},"type":"default-arg","locations":[{"start":{"line":47,"column":47},"end":{"line":47,"column":56}}]},"4":{"loc":{"start":{"line":49,"column":20},"end":{"line":49,"column":49}},"type":"cond-expr","locations":[{"start":{"line":49,"column":27},"end":{"line":49,"column":45}},{"start":{"line":49,"column":48},"end":{"line":49,"column":49}}]},"5":{"loc":{"start":{"line":50,"column":21},"end":{"line":50,"column":53}},"type":"cond-expr","locations":[{"start":{"line":50,"column":29},"end":{"line":50,"column":48}},{"start":{"line":50,"column":51},"end":{"line":50,"column":53}}]},"6":{"loc":{"start":{"line":53,"column":43},"end":{"line":53,"column":67}},"type":"cond-expr","locations":[{"start":{"line":53,"column":52},"end":{"line":53,"column":62}},{"start":{"line":53,"column":65},"end":{"line":53,"column":67}}]},"7":{"loc":{"start":{"line":71,"column":13},"end":{"line":71,"column":69}},"type":"cond-expr","locations":[{"start":{"line":71,"column":38},"end":{"line":71,"column":51}},{"start":{"line":71,"column":54},"end":{"line":71,"column":69}}]},"8":{"loc":{"start":{"line":84,"column":4},"end":{"line":90,"column":5}},"type":"if","locations":[{"start":{"line":84,"column":4},"end":{"line":90,"column":5}}]},"9":{"loc":{"start":{"line":84,"column":8},"end":{"line":84,"column":58}},"type":"binary-expr","locations":[{"start":{"line":84,"column":8},"end":{"line":84,"column":15}},{"start":{"line":84,"column":19},"end":{"line":84,"column":58}}]},"10":{"loc":{"start":{"line":93,"column":4},"end":{"line":99,"column":5}},"type":"if","locations":[{"start":{"line":93,"column":4},"end":{"line":99,"column":5}}]},"11":{"loc":{"start":{"line":101,"column":22},"end":{"line":101,"column":73}},"type":"cond-expr","locations":[{"start":{"line":101,"column":45},"end":{"line":101,"column":60}},{"start":{"line":101,"column":63},"end":{"line":101,"column":73}}]},"12":{"loc":{"start":{"line":103,"column":30},"end":{"line":103,"column":42}},"type":"binary-expr","locations":[{"start":{"line":103,"column":30},"end":{"line":103,"column":36}},{"start":{"line":103,"column":40},"end":{"line":103,"column":42}}]},"13":{"loc":{"start":{"line":112,"column":28},"end":{"line":112,"column":72}},"type":"binary-expr","locations":[{"start":{"line":112,"column":28},"end":{"line":112,"column":43}},{"start":{"line":112,"column":47},"end":{"line":112,"column":59}},{"start":{"line":112,"column":63},"end":{"line":112,"column":72}}]},"14":{"loc":{"start":{"line":118,"column":21},"end":{"line":118,"column":82}},"type":"binary-expr","locations":[{"start":{"line":118,"column":21},"end":{"line":118,"column":54}},{"start":{"line":118,"column":58},"end":{"line":118,"column":82}}]},"15":{"loc":{"start":{"line":119,"column":16},"end":{"line":119,"column":35}},"type":"binary-expr","locations":[{"start":{"line":119,"column":16},"end":{"line":119,"column":22}},{"start":{"line":119,"column":26},"end":{"line":119,"column":35}}]},"16":{"loc":{"start":{"line":136,"column":13},"end":{"line":136,"column":69}},"type":"cond-expr","locations":[{"start":{"line":136,"column":38},"end":{"line":136,"column":51}},{"start":{"line":136,"column":54},"end":{"line":136,"column":69}}]},"17":{"loc":{"start":{"line":146,"column":12},"end":{"line":146,"column":22}},"type":"default-arg","locations":[{"start":{"line":146,"column":19},"end":{"line":146,"column":22}}]},"18":{"loc":{"start":{"line":146,"column":24},"end":{"line":146,"column":36}},"type":"default-arg","locations":[{"start":{"line":146,"column":32},"end":{"line":146,"column":36}}]},"19":{"loc":{"start":{"line":146,"column":38},"end":{"line":146,"column":56}},"type":"default-arg","locations":[{"start":{"line":146,"column":47},"end":{"line":146,"column":56}}]},"20":{"loc":{"start":{"line":148,"column":20},"end":{"line":148,"column":49}},"type":"cond-expr","locations":[{"start":{"line":148,"column":27},"end":{"line":148,"column":45}},{"start":{"line":148,"column":48},"end":{"line":148,"column":49}}]},"21":{"loc":{"start":{"line":149,"column":21},"end":{"line":149,"column":53}},"type":"cond-expr","locations":[{"start":{"line":149,"column":29},"end":{"line":149,"column":48}},{"start":{"line":149,"column":51},"end":{"line":149,"column":53}}]},"22":{"loc":{"start":{"line":152,"column":43},"end":{"line":152,"column":67}},"type":"cond-expr","locations":[{"start":{"line":152,"column":52},"end":{"line":152,"column":62}},{"start":{"line":152,"column":65},"end":{"line":152,"column":67}}]},"23":{"loc":{"start":{"line":170,"column":13},"end":{"line":170,"column":69}},"type":"cond-expr","locations":[{"start":{"line":170,"column":38},"end":{"line":170,"column":51}},{"start":{"line":170,"column":54},"end":{"line":170,"column":69}}]},"24":{"loc":{"start":{"line":183,"column":4},"end":{"line":189,"column":5}},"type":"if","locations":[{"start":{"line":183,"column":4},"end":{"line":189,"column":5}}]},"25":{"loc":{"start":{"line":183,"column":8},"end":{"line":183,"column":58}},"type":"binary-expr","locations":[{"start":{"line":183,"column":8},"end":{"line":183,"column":15}},{"start":{"line":183,"column":19},"end":{"line":183,"column":58}}]},"26":{"loc":{"start":{"line":192,"column":4},"end":{"line":198,"column":5}},"type":"if","locations":[{"start":{"line":192,"column":4},"end":{"line":198,"column":5}}]},"27":{"loc":{"start":{"line":200,"column":26},"end":{"line":200,"column":70}},"type":"cond-expr","locations":[{"start":{"line":200,"column":48},"end":{"line":200,"column":58}},{"start":{"line":200,"column":61},"end":{"line":200,"column":70}}]},"28":{"loc":{"start":{"line":201,"column":30},"end":{"line":201,"column":45}},"type":"binary-expr","locations":[{"start":{"line":201,"column":30},"end":{"line":201,"column":40}},{"start":{"line":201,"column":44},"end":{"line":201,"column":45}}]},"29":{"loc":{"start":{"line":202,"column":31},"end":{"line":202,"column":42}},"type":"binary-expr","locations":[{"start":{"line":202,"column":31},"end":{"line":202,"column":36}},{"start":{"line":202,"column":40},"end":{"line":202,"column":42}}]},"30":{"loc":{"start":{"line":211,"column":27},"end":{"line":211,"column":71}},"type":"binary-expr","locations":[{"start":{"line":211,"column":27},"end":{"line":211,"column":42}},{"start":{"line":211,"column":46},"end":{"line":211,"column":58}},{"start":{"line":211,"column":62},"end":{"line":211,"column":71}}]},"31":{"loc":{"start":{"line":216,"column":20},"end":{"line":216,"column":35}},"type":"binary-expr","locations":[{"start":{"line":216,"column":20},"end":{"line":216,"column":30}},{"start":{"line":216,"column":34},"end":{"line":216,"column":35}}]},"32":{"loc":{"start":{"line":218,"column":21},"end":{"line":218,"column":58}},"type":"binary-expr","locations":[{"start":{"line":218,"column":21},"end":{"line":218,"column":44}},{"start":{"line":218,"column":48},"end":{"line":218,"column":58}}]},"33":{"loc":{"start":{"line":235,"column":13},"end":{"line":235,"column":69}},"type":"cond-expr","locations":[{"start":{"line":235,"column":38},"end":{"line":235,"column":51}},{"start":{"line":235,"column":54},"end":{"line":235,"column":69}}]},"34":{"loc":{"start":{"line":245,"column":12},"end":{"line":245,"column":22}},"type":"default-arg","locations":[{"start":{"line":245,"column":19},"end":{"line":245,"column":22}}]},"35":{"loc":{"start":{"line":245,"column":24},"end":{"line":245,"column":36}},"type":"default-arg","locations":[{"start":{"line":245,"column":32},"end":{"line":245,"column":36}}]},"36":{"loc":{"start":{"line":245,"column":38},"end":{"line":245,"column":56}},"type":"default-arg","locations":[{"start":{"line":245,"column":47},"end":{"line":245,"column":56}}]},"37":{"loc":{"start":{"line":247,"column":20},"end":{"line":247,"column":49}},"type":"cond-expr","locations":[{"start":{"line":247,"column":27},"end":{"line":247,"column":45}},{"start":{"line":247,"column":48},"end":{"line":247,"column":49}}]},"38":{"loc":{"start":{"line":248,"column":21},"end":{"line":248,"column":53}},"type":"cond-expr","locations":[{"start":{"line":248,"column":29},"end":{"line":248,"column":48}},{"start":{"line":248,"column":51},"end":{"line":248,"column":53}}]},"39":{"loc":{"start":{"line":251,"column":43},"end":{"line":251,"column":67}},"type":"cond-expr","locations":[{"start":{"line":251,"column":52},"end":{"line":251,"column":62}},{"start":{"line":251,"column":65},"end":{"line":251,"column":67}}]},"40":{"loc":{"start":{"line":269,"column":13},"end":{"line":269,"column":69}},"type":"cond-expr","locations":[{"start":{"line":269,"column":38},"end":{"line":269,"column":51}},{"start":{"line":269,"column":54},"end":{"line":269,"column":69}}]},"41":{"loc":{"start":{"line":282,"column":4},"end":{"line":288,"column":5}},"type":"if","locations":[{"start":{"line":282,"column":4},"end":{"line":288,"column":5}}]},"42":{"loc":{"start":{"line":282,"column":8},"end":{"line":282,"column":58}},"type":"binary-expr","locations":[{"start":{"line":282,"column":8},"end":{"line":282,"column":15}},{"start":{"line":282,"column":19},"end":{"line":282,"column":58}}]},"43":{"loc":{"start":{"line":291,"column":4},"end":{"line":297,"column":5}},"type":"if","locations":[{"start":{"line":291,"column":4},"end":{"line":297,"column":5}}]},"44":{"loc":{"start":{"line":299,"column":22},"end":{"line":299,"column":68}},"type":"cond-expr","locations":[{"start":{"line":299,"column":45},"end":{"line":299,"column":55}},{"start":{"line":299,"column":58},"end":{"line":299,"column":68}}]},"45":{"loc":{"start":{"line":300,"column":28},"end":{"line":300,"column":40}},"type":"binary-expr","locations":[{"start":{"line":300,"column":28},"end":{"line":300,"column":34}},{"start":{"line":300,"column":38},"end":{"line":300,"column":40}}]},"46":{"loc":{"start":{"line":309,"column":27},"end":{"line":309,"column":71}},"type":"binary-expr","locations":[{"start":{"line":309,"column":27},"end":{"line":309,"column":42}},{"start":{"line":309,"column":46},"end":{"line":309,"column":58}},{"start":{"line":309,"column":62},"end":{"line":309,"column":71}}]},"47":{"loc":{"start":{"line":315,"column":21},"end":{"line":315,"column":54}},"type":"binary-expr","locations":[{"start":{"line":315,"column":21},"end":{"line":315,"column":40}},{"start":{"line":315,"column":44},"end":{"line":315,"column":54}}]},"48":{"loc":{"start":{"line":316,"column":16},"end":{"line":316,"column":35}},"type":"binary-expr","locations":[{"start":{"line":316,"column":16},"end":{"line":316,"column":22}},{"start":{"line":316,"column":26},"end":{"line":316,"column":35}}]},"49":{"loc":{"start":{"line":333,"column":13},"end":{"line":333,"column":69}},"type":"cond-expr","locations":[{"start":{"line":333,"column":38},"end":{"line":333,"column":51}},{"start":{"line":333,"column":54},"end":{"line":333,"column":69}}]},"50":{"loc":{"start":{"line":343,"column":12},"end":{"line":343,"column":22}},"type":"default-arg","locations":[{"start":{"line":343,"column":19},"end":{"line":343,"column":22}}]},"51":{"loc":{"start":{"line":343,"column":24},"end":{"line":343,"column":36}},"type":"default-arg","locations":[{"start":{"line":343,"column":32},"end":{"line":343,"column":36}}]},"52":{"loc":{"start":{"line":345,"column":20},"end":{"line":345,"column":49}},"type":"cond-expr","locations":[{"start":{"line":345,"column":27},"end":{"line":345,"column":45}},{"start":{"line":345,"column":48},"end":{"line":345,"column":49}}]},"53":{"loc":{"start":{"line":346,"column":21},"end":{"line":346,"column":53}},"type":"cond-expr","locations":[{"start":{"line":346,"column":29},"end":{"line":346,"column":48}},{"start":{"line":346,"column":51},"end":{"line":346,"column":53}}]},"54":{"loc":{"start":{"line":349,"column":43},"end":{"line":349,"column":63}},"type":"cond-expr","locations":[{"start":{"line":349,"column":50},"end":{"line":349,"column":58}},{"start":{"line":349,"column":61},"end":{"line":349,"column":63}}]},"55":{"loc":{"start":{"line":367,"column":13},"end":{"line":367,"column":69}},"type":"cond-expr","locations":[{"start":{"line":367,"column":38},"end":{"line":367,"column":51}},{"start":{"line":367,"column":54},"end":{"line":367,"column":69}}]},"56":{"loc":{"start":{"line":380,"column":4},"end":{"line":386,"column":5}},"type":"if","locations":[{"start":{"line":380,"column":4},"end":{"line":386,"column":5}}]},"57":{"loc":{"start":{"line":380,"column":8},"end":{"line":380,"column":66}},"type":"binary-expr","locations":[{"start":{"line":380,"column":8},"end":{"line":380,"column":13}},{"start":{"line":380,"column":17},"end":{"line":380,"column":66}}]},"58":{"loc":{"start":{"line":389,"column":4},"end":{"line":395,"column":5}},"type":"if","locations":[{"start":{"line":389,"column":4},"end":{"line":395,"column":5}}]},"59":{"loc":{"start":{"line":389,"column":8},"end":{"line":389,"column":47}},"type":"binary-expr","locations":[{"start":{"line":389,"column":8},"end":{"line":389,"column":27}},{"start":{"line":389,"column":31},"end":{"line":389,"column":47}}]},"60":{"loc":{"start":{"line":398,"column":4},"end":{"line":404,"column":5}},"type":"if","locations":[{"start":{"line":398,"column":4},"end":{"line":404,"column":5}}]},"61":{"loc":{"start":{"line":413,"column":26},"end":{"line":413,"column":87}},"type":"cond-expr","locations":[{"start":{"line":413,"column":42},"end":{"line":413,"column":75}},{"start":{"line":413,"column":78},"end":{"line":413,"column":87}}]},"62":{"loc":{"start":{"line":413,"column":42},"end":{"line":413,"column":75}},"type":"binary-expr","locations":[{"start":{"line":413,"column":42},"end":{"line":413,"column":64}},{"start":{"line":413,"column":68},"end":{"line":413,"column":75}}]},"63":{"loc":{"start":{"line":433,"column":13},"end":{"line":433,"column":69}},"type":"cond-expr","locations":[{"start":{"line":433,"column":38},"end":{"line":433,"column":51}},{"start":{"line":433,"column":54},"end":{"line":433,"column":69}}]},"64":{"loc":{"start":{"line":443,"column":12},"end":{"line":443,"column":22}},"type":"default-arg","locations":[{"start":{"line":443,"column":19},"end":{"line":443,"column":22}}]},"65":{"loc":{"start":{"line":443,"column":24},"end":{"line":443,"column":36}},"type":"default-arg","locations":[{"start":{"line":443,"column":32},"end":{"line":443,"column":36}}]},"66":{"loc":{"start":{"line":451,"column":20},"end":{"line":451,"column":49}},"type":"cond-expr","locations":[{"start":{"line":451,"column":27},"end":{"line":451,"column":45}},{"start":{"line":451,"column":48},"end":{"line":451,"column":49}}]},"67":{"loc":{"start":{"line":452,"column":21},"end":{"line":452,"column":53}},"type":"cond-expr","locations":[{"start":{"line":452,"column":29},"end":{"line":452,"column":48}},{"start":{"line":452,"column":51},"end":{"line":452,"column":53}}]},"68":{"loc":{"start":{"line":456,"column":4},"end":{"line":456,"column":null}},"type":"if","locations":[{"start":{"line":456,"column":4},"end":{"line":456,"column":null}}]},"69":{"loc":{"start":{"line":457,"column":4},"end":{"line":461,"column":5}},"type":"if","locations":[{"start":{"line":457,"column":4},"end":{"line":461,"column":5}}]},"70":{"loc":{"start":{"line":457,"column":8},"end":{"line":457,"column":28}},"type":"binary-expr","locations":[{"start":{"line":457,"column":8},"end":{"line":457,"column":17}},{"start":{"line":457,"column":21},"end":{"line":457,"column":28}}]},"71":{"loc":{"start":{"line":459,"column":6},"end":{"line":459,"column":null}},"type":"if","locations":[{"start":{"line":459,"column":6},"end":{"line":459,"column":null}}]},"72":{"loc":{"start":{"line":460,"column":6},"end":{"line":460,"column":null}},"type":"if","locations":[{"start":{"line":460,"column":6},"end":{"line":460,"column":null}}]},"73":{"loc":{"start":{"line":479,"column":13},"end":{"line":479,"column":69}},"type":"cond-expr","locations":[{"start":{"line":479,"column":38},"end":{"line":479,"column":51}},{"start":{"line":479,"column":54},"end":{"line":479,"column":69}}]}},"s":{"0":2,"1":2,"2":2,"3":2,"4":2,"5":2,"6":2,"7":2,"8":1,"9":1,"10":1,"11":1,"12":1,
[...]
,"C:\\Users\\Michael\\OneDrive\\Desktop\\JusticeChain-main\\africajustice-backend\\src\\utils\\validators.ts": {"path":"C:\\Users\\Michael\\OneDrive\\Desktop\\JusticeChain-main\\africajustice-backend\\src\\utils\\validators.ts","statementMap":{"0":{"start":{"line":2,"column":30},"end":{"line":4,"column":1}},"1":{"start":{"line":3,"column":2},"end":{"line":3,"column":null}},"2":{"start":{"line":2,"column":13},"end":{"line":2,"column":30}},"3":{"start":{"line":6,"column":30},"end":{"line":8,"column":1}},"4":{"start":{"line":7,"column":2},"end":{"line":7,"column":null}},"5":{"start":{"line":6,"column":13},"end":{"line":6,"column":30}}},"fnMap":{"0":{"name":"(anonymous_0)","decl":{"start":{"line":2,"column":30},"end":{"line":2,"column":31}},"loc":{"start":{"line":2,"column":72},"end":{"line":4,"column":1}}},"1":{"name":"(anonymous_1)","decl":{"start":{"line":6,"column":30},"end":{"line":6,"column":31}},"loc":{"start":{"line":6,"column":54},"end":{"line":8,"column":1}}}},"branchMap":{"0":{"loc":{"start":{"line":2,"column":46},"end":{"line":2,"column":59}},"type":"default-arg","locations":[{"start":{"line":2,"column":58},"end":{"line":2,"column":59}}]},"1":{"loc":{"start":{"line":3,"column":9},"end":{"line":3,"column":63}},"type":"binary-expr","locations":[{"start":{"line":3,"column":9},"end":{"line":3,"column":34}},{"start":{"line":3,"column":38},"end":{"line":3,"column":63}}]},"2":{"loc":{"start":{"line":7,"column":9},"end":{"line":7,"column":51}},"type":"binary-expr","locations":[{"start":{"line":7,"column":9},"end":{"line":7,"column":34}},{"start":{"line":7,"column":38},"end":{"line":7,"column":51}}]}},"s":{"0":0,"1":0,"2":0,"3":0,"4":0,"5":0},"f":{"0":0,"1":0},"b":{"0":[0],"1":[0,0],"2":[0,0]}}
,"C:\\Users\\Michael\\OneDrive\\Desktop\\JusticeChain-main\\africajustice-backend\\src\\validators\\aiValidators.ts": {"path":"C:\\Users\\Michael\\OneDrive\\Desktop\\JusticeChain-main\\africajustice-backend\\src\\validators\\aiValidators.ts","statementMap":{"0":{"start":{"line":1,"column":0},"end":{"line":1,"column":57}},"1":{"start":{"line":3,"column":13},"end":{"line":28,"column":null}}},"fnMap":{},"branchMap":{},"s":{"0":1,"1":1},"f":{},"b":{}}
,"C:\\Users\\Michael\\OneDrive\\Desktop\\JusticeChain-main\\africajustice-backend\\src\\validators\\authValidators.ts": {"path":"C:\\Users\\Michael\\OneDrive\\Desktop\\JusticeChain-main\\africajustice-backend\\src\\validators\\authValidators.ts","statementMap":{"0":{"start":{"line":1,"column":0},"end":{"line":1,"column":57}},"1":{"start":{"line":2,"column":0},"end":{"line":2,"column":44}},"2":{"start":{"line":4,"column":13},"end":{"line":17,"column":null}}},"fnMap":{},"branchMap":{},"s":{"0":1,"1":1,"2":1},"f":{},"b":{}}
,"C:\\Users\\Michael\\OneDrive\\Desktop\\JusticeChain-main\\africajustice-backend\\src\\validators\\common.ts": {"path":"C:\\Users\\Michael\\OneDrive\\Desktop\\JusticeChain-main\\africajustice-backend\\src\\validators\\common.ts","statementMap":{"0":{"start":{"line":1,"column":0},"end":{"line":1,"column":64}},"1":{"start":{"line":3,"column":25},"end":{"line":9,"column":74}},"2":{"start":{"line":4,"column":2},"end":{"line":9,"column":74}},"3":{"start":{"line":3,"column":13},"end":{"line":3,"column":25}},"4":{"start":{"line":11,"column":33},"end":{"line":18,"column":63}},"5":{"start":{"line":12,"column":2},"end":{"line":18,"column":63}},"6":{"start":{"line":11,"column":13},"end":{"line":11,"column":33}},"7":{"start":{"line":20,"column":28},"end":{"line":21,"column":76}},"8":{"start":{"line":21,"column":2},"end":{"line":21,"column":76}},"9":{"start":{"line":20,"column":13},"end":{"line":20,"column":28}}},"fnMap":{"0":{"name":"(anonymous_0)","decl":{"start":{"line":3,"column":25},"end":{"line":3,"column":26}},"loc":{"start":{"line":4,"column":2},"end":{"line":9,"column":74}}},"1":{"name":"(anonymous_1)","decl":{"start":{"line":11,"column":33},"end":{"line":11,"column":34}},"loc":{"start":{"line":12,"column":2},"end":{"line":18,"column":63}}},"2":{"name":"(anonymous_2)","decl":{"start":{"line":20,"column":28},"end":{"line":20,"column":29}},"loc":{"start":{"line":21,"column":2},"end":{"line":21,"column":76}}}},"branchMap":{"0":{"loc":{"start":{"line":3,"column":56},"end":{"line":3,"column":63}},"type":"default-arg","locations":[{"start":{"line":3,"column":62},"end":{"line":3,"column":63}}]},"1":{"loc":{"start":{"line":3,"column":65},"end":{"line":3,"column":74}},"type":"default-arg","locations":[{"start":{"line":3,"column":71},"end":{"line":3,"column":74}}]},"2":{"loc":{"start":{"line":11,"column":64},"end":{"line":11,"column":73}},"type":"default-arg","locations":[{"start":{"line":11,"column":70},"end":{"line":11,"column":73}}]},"3":{"loc":{"start":{"line":20,"column":29},"end":{"line":20,"column":40}},"type":"default-arg","locations":[{"start":{"line":20,"column":36},"end":{"line":20,"column":40}}]}},"s":{"0":1,"1":1,"2":16,"3":1,"4":1,"5":11,"6":1,"7":1,"8":2,"9":1},"f":{"0":16,"1":11,"2":2},"b":{"0":[0],"1":[0],"2":[0],"3":[0]}}
,"C:\\Users\\Michael\\OneDrive\\Desktop\\JusticeChain-main\\africajustice-backend\\src\\validators\\evidenceValidators.ts": {"path":"C:\\Users\\Michael\\OneDrive\\Desktop\\JusticeChain-main\\africajustice-backend\\src\\validators\\evidenceValidators.ts","statementMap":{"0":{"start":{"line":2,"column":0},"end":{"line":2,"column":55}},"1":{"start":{"line":4,"column":13},"end":{"line":8,"column":null}}},"fnMap":{},"branchMap":{},"s":{"0":1,"1":1},"f":{},"b":{}}
,"C:\\Users\\Michael\\OneDrive\\Desktop\\JusticeChain-main\\africajustice-backend\\src\\validators\\inputValidators.ts": {"path":"C:\\Users\\Michael\\OneDrive\\Desktop\\JusticeChain-main\\africajustice-backend\\src\\validators\\inputValidators.ts","statementMap":{"0":{"start":{"line":1,"column":0},"end":{"line":1,"column":71}},"1":{"start":{"line":2,"column":0},"end":{"line":2,"column":68}},"2":{"start":{"line":11,"column":36},"end":{"line":59,"column":null}},"3":{"start":{"line":11,"column":61},"end":{"line":59,"column":null}},"4":{"start":{"line":18,"column":30},"end":{"line":18,"column":55}},"5":{"start":{"line":26,"column":30},"end":{"line":26,"column":56}},"6":{"start":{"line":46,"column":30},"end":{"line":46,"column":55}},"7":{"start":{"line":58,"column":30},"end":{"line":58,"column":55}},"8":{"start":{"line":11,"column":13},"end":{"line":11,"column":36}},"9":{"start":{"line":61,"column":36},"end":{"line":91,"column":null}},"10":{"start":{"line":61,"column":61},"end":{"line":91,"column":null}},"11":{"start":{"line":71,"column":30},"end":{"line":71,"column":55}},"12":{"start":{"line":78,"column":30},"end":{"line":78,"column":56}},"13":{"start":{"line":61,"column":13},"end":{"line":61,"column":36}},"14":{"start":{"line":93,"column":34},"end":{"line":113,"column":null}},"15":{"start":{"line":93,"column":59},"end":{"line":113,"column":null}},"16":{"start":{"line":93,"column":13},"end":{"line":93,"column":34}},"17":{"start":{"line":117,"column":38},"end":{"line":139,"column":null}},"18":{"start":{"line":117,"column":63},"end":{"line":139,"column":null}},"19":{"start":{"line":131,"column":30},"end":{"line":131,"column":55}},"20":{"start":{"line":138,"column":30},"end":{"line":138,"column":56}},"21":{"start":{"line":117,"column":13},"end":{"line":117,"column":38}},"22":{"start":{"line":143,"column":42},"end":{"line":158,"column":null}},"23":{"start":{"line":143,"column":67},"end":{"line":158,"column":null}},"24":{"start":{"line":150,"column":30},"end":{"line":150,"column":56}},"25":{"start":{"line":157,"column":30},"end":{"line":157,"column":55}},"26":{"start":{"line":143,"column":13},"end":{"line":143,"column":42}},"27":{"start":{"line":160,"column":42},"end":{"line":183,"column":null}},"28":{"start":{"line":160,"column":67},"end":{"line":183,"column":null}},"29":{"start":{"line":182,"column":30},"end":{"line":182,"column":56}},"30":{"start":{"line":160,"column":13},"end":{"line":160,"column":42}},"31":{"start":{"line":187,"column":38},"end":{"line":208,"column":null}},"32":{"start":{"line":187,"column":63},"end":{"line":208,"column":null}},"33":{"start":{"line":194,"column":30},"end":{"line":194,"column":55}},"34":{"start":{"line":202,"column":30},"end":{"line":202,"column":56}},"35":{"start":{"line":187,"column":13},"end":{"line":187,"column":38}},"36":{"start":{"line":212,"column":29},"end":{"line":226,"column":null}},"37":{"start":{"line":212,"column":54},"end":{"line":226,"column":null}},"38":{"start":{"line":219,"column":30},"end":{"line":219,"column":50}},"39":{"start":{"line":212,"column":13},"end":{"line":212,"column":29}},"40":{"start":{"line":228,"column":32},"end":{"line":253,"column":null}},"41":{"start":{"line":228,"column":57},"end":{"line":253,"column":null}},"42":{"start":{"line":235,"column":30},"end":{"line":235,"column":50}},"43":{"start":{"line":228,"column":13},"end":{"line":228,"column":32}},"44":{"start":{"line":257,"column":37},"end":{"line":284,"column":null}},"45":{"start":{"line":257,"column":62},"end":{"line":284,"column":null}},"46":{"start":{"line":263,"column":6},"end":{"line":265,"column":7}},"47":{"start":{"line":264,"column":8},"end":{"line":264,"column":null}},"48":{"start":{"line":266,"column":6},"end":{"line":266,"column":null}},"49":{"start":{"line":279,"column":6},"end":{"line":281,"column":7}},"50":{"start":{"line":280,"column":8},"end":{"line":280,"column":null}},"51":{"start":{"line":282,"column":6},"end":{"line":282,"column":null}},"52":{"start":{"line":257,"column":13},"end":{"line":257,"column":37}},"53":{"start":{"line":288,"column":34},"end":{"line":300,"column":null}},"54":{"start":{"line":288,"column":59},"end":{"line":300,"column":null}},"55":{"start":{"line":288,"column":13},"end":{"line":288,"column":34}}},"fnMap":{"0":{"name":"(anonymous_0)","decl":{"start":{"line":11,"column":36},"end":{"line":11,"column":58}},"loc":{"start":{"line":11,"column":61},"end":{"line":59,"column":null}}},"1":{"name":"(anonymous_1)","decl":{"start":{"line":18,"column":21},"end":{"line":18,"column":26}},"loc":{"start":{"line":18,"column":30},"end":{"line":18,"column":55}}},"2":{"name":"(anonymous_2)","decl":{"start":{"line":26,"column":21},"end":{"line":26,"column":26}},"loc":{"start":{"line":26,"column":30},"end":{"line":26,"column":56}}},"3":{"name":"(anonymous_3)","decl":{"start":{"line":46,"column":21},"end":{"line":46,"column":26}},"loc":{"start":{"line":46,"column":30},"end":{"line":46,"column":55}}},"4":{"name":"(anonymous_4)","decl":{"start":{"line":58,"column":21},"end":{"line":58,"column":26}},"loc":{"start":{"line":58,"column":30},"end":{"line":58,"column":55}}},"5":{"name":"(anonymous_5)","decl":{"start":{"line":61,"column":36},"end":{"line":61,"column":58}},"loc":{"start":{"line":61,"column":61},"end":{"line":91,"column":null}}},"6":{"name":"(anonymous_6)","decl":{"start":{"line":71,"column":21},"end":{"line":71,"column":26}},"loc":{"start":{"line":71,"column":30},"end":{"line":71,"column":55}}},"7":{"name":"(anonymous_7)","decl":{"start":{"line":78,"column":21},"end":{"line":78,"column":26}},"loc":{"start":{"line":78,"column":30},"end":{"line":78,"column":56}}},"8":{"name":"(anonymous_8)","decl":{"start":{"line":93,"column":34},"end":{"line":93,"column":56}},"loc":{"start":{"line":93,"column":59},"end":{"line":113,"column":null}}},"9":{"name":"(anonymous_9)","decl":{"start":{"line":117,"column":38},"end":{"line":117,"column":60}},"loc":{"start":{"line":117,"column":63},"end":{"line":139,"column":null}}},"10":{"name":"(anonymous_10)","decl":{"start":{"line":131,"column":21},"end":{"line":131,"column":26}},"loc":{"start":{"line":131,"column":30},"end":{"line":131,"column":55}}},"11":{"name":"(anonymous_11)","decl":{"start":{"line":138,"column":21},"end":{"line":138,"column":26}},"loc":{"start":{"line":138,"column":30},"end":{"line":138,"column":56}}},"12":{"name":"(anonymous_12)","decl":{"start":{"line":143,"column":42},"end":{"line":143,"column":64}},"loc":{"start":{"line":143,"column":67},"end":{"line":158,"column":null}}},"13":{"name":"(anonymous_13)","decl":{"start":{"line":150,"column":21},"end":{"line":150,"column":26}},"loc":{"start":{"line":150,"column":30},"end":{"line":150,"column":56}}},"14":{"name":"(anonymous_14)","decl":{"start":{"line":157,"column":21},"end":{"line":157,"column":26}},"loc":{"start":{"line":157,"column":30},"end":{"line":157,"column":55}}},"15":{"name":"(anonymous_15)","decl":{"start":{"line":160,"column":42},"end":{"line":160,"column":64}},"loc":{"start":{"line":160,"column":67},"end":{"line":183,"column":null}}},"16":{"name":"(anonymous_16)","decl":{"start":{"line":182,"column":21},"end":{"line":182,"column":26}},"loc":{"start":{"line":182,"column":30},"end":{"line":182,"column":56}}},"17":{"name":"(anonymous_17)","decl":{"start":{"line":187,"column":38},"end":{"line":187,"column":60}},"loc":{"start":{"line":187,"column":63},"end":{"line":208,"column":null}}},"18":{"name":"(anonymous_18)","decl":{"start":{"line":194,"column":21},"end":{"line":194,"column":26}},"loc":{"start":{"line":194,"column":30},"end":{"line":194,"column":55}}},"19":{"name":"(anonymous_19)","decl":{"start":{"line":202,"column":21},"end":{"line":202,"column":26}},"loc":{"start":{"line":202,"column":30},"end":{"line":202,"column":56}}},"20":{"name":"(anonymous_20)","decl":{"start":{"line":212,"column":29},"end":{"line":212,"column":51}},"loc":{"start":{"line":212,"column":54},"end":{"line":226,"column":null}}},"21":{"name":"(anonymous_21)","decl":{"start":{"line":219,"column":21},"end":{"line":219,"column":26}},"loc":{"start":{"line":219,"column":30},"end":{"line":219,"column":50}}},"22":{"name":"(anonymous_22)","decl":{"start":{"line":228,"column":32},"end":{"line":228,"column":54}},"loc":{"start":{"line":228,"column":57},"end":{"line":253,"column":null}}},"23":{"name":"(anonymous_23)","decl":{"start":{"line":235,"column":21},"end":{"line":235,"column":26}},"loc":{"start":{"line":235,"column":30},"end":{"line":235,"column":50}}},"24":{"name":"(anonymous_24)","decl":{"start":{"line":257,"column":37},"end":{"line":257,"column":59}},"loc":{"start":{"line":257,"column":62},"end":{"line":284,"column":null}}},"25":{"name":"(anonymous_25)","decl":{"start":{"line":262,"column":12},"end":{"line":262,"column":17}},"loc":{"start":{"line":262,"column":20},"end":{"line":267,"column":5}}},"26":{"name":"(anonymous_26)","decl":{"start":{"line":278,"column":12},"end":{"line":278,"column":13}},"loc":{"start":{"line":278,"column":31},"end":{"line":283,"column":5}}},"27":{"name":"(anonymous_27)","decl":{"start":{"line":288,"column":34},"end":{"line":288,"column":56}},"loc":{"start":{"line":288,"column":59},"end":{"line":300,"column":null}}}},"branchMap":{"0":{"loc":{"start":{"line":263,"column":6},"end":{"line":265,"column":7}},"type":"if","locations":[{"start":{"line":263,"column":6},"end":{"line":265,"column":7}}]},"1":{"loc":{"start":{"line":263,"column":10},"end":{"line":263,"column":37}},"type":"binary-expr","locations":[{"start":{"line":263,"column":10},"end":{"line":263,"column":15}},{"start":{"line":263,"column":19},"end":{"line":263,"column":37}}]},"2":{"loc":{"start":{"line":279,"column":6},"end":{"line":281,"column":7}},"type":"if","locations":[{"start":{"line":279,"column":6},"end":{"line":281,"column":7}}]},"3":{"loc":{"start":{"line":279,"column":10},"end":{"line":279,"column":87}},"type":"binary-expr","locations":[{"start":{"line":279,"column":10},"end":{"line":279,"column":15}},{"start":{"line":279,"column":19},"end":{"line":279,"column":37}},{"start":{"line":279,"column":41},"end":{"line":279,"column":87}}]}},"s":{"0":0,"1":0,"2":0,"3":0,"4":0,"5":0,"6":0,"7":0,"8":0,"9":0,"10":0,"11":0,"12":0,"13":0,"14":0,"15":0,"16":0,"17":0,"18":0,"19":0,"20":0,"21":0,"22":0,"23":0,"24":0,"25":0,"26":0,"27":0,"28":0,"29":0,"30":0,"31":0,"32":0,"33":0,"34":0,"35":0,"36":0,"37":0,"38":0,"39":0,"40":0,"41":0,"42":0,"43":0,"44":0,"45":0,"46":0,"47":0,"48":0,"49":0,"50":0,"51":0,"52":0,"53":0,"54":0,"55":0},"f":{"0":0,"1":0,"2":0,"3":0,"4":0,"5":0,"6":0,"7":0,"8":0,"9":0,"10":0,"11":0,"12":0,"13":0,"14":0,"15":0,"16":0,"17":0,"18":0,"19":0,"20":0,"21":0,"22":0,"23":0,"24":0,"25":0,"26":0,"27":0},"b":{"0":[0],"1":[0,0],"2":[0],"3":[0,0,0]}}
,"C:\\Users\\Michael\\OneDrive\\Desktop\\JusticeChain-main\\africajustice-backend\\src\\validators\\livestreamValidators.ts": {"path":"C:\\Users\\Michael\\OneDrive\\Desktop\\JusticeChain-main\\africajustice-backend\\src\\validators\\livestreamValidators.ts","statementMap":{"0":{"start":{"line":1,"column":0},"end":{"line":1,"column":57}},"1":{"start":{"line":2,"column":0},"end":{"line":2,"column":55}},"2":{"start":{"line":4,"column":13},"end":{"line":16,"column":null}}},"fnMap":{},"branchMap":{},"s":{"0":1,"1":1,"2":1},"f":{},"b":{}}
,"C:\\Users\\Michael\\OneDrive\\Desktop\\JusticeChain-main\\africajustice-backend\\src\\validators\\officialValidators.ts": {"path":"C:\\Users\\Michael\\OneDrive\\Desktop\\JusticeChain-main\\africajustice-backend\\src\\validators\\officialValidators.ts","statementMap":{"0":{"start":{"line":1,"column":0},"end":{"line":1,"column":57}},"1":{"start":{"line":2,"column":0},"end":{"line":2,"column":55}},"2":{"start":{"line":4,"column":13},"end":{"line":13,"column":null}}},"fnMap":{},"branchMap":{},"s":{"0":1,"1":1,"2":1},"f":{},"b":{}}
,"C:\\Users\\Michael\\OneDrive\\Desktop\\JusticeChain-main\\africajustice-backend\\src\\validators\\petitionValidators.ts": {"path":"C:\\Users\\Michael\\OneDrive\\Desktop\\JusticeChain-main\\africajustice-backend\\src\\validators\\petitionValidators.ts","statementMap":{"0":{"start":{"line":2,"column":0},"end":{"line":2,"column":69}},"1":{"start":{"line":4,"column":13},"end":{"line":8,"column":null}},"2":{"start":{"line":10,"column":13},"end":{"line":10,"column":null}}},"fnMap":{},"branchMap":{},"s":{"0":1,"1":1,"2":1},"f":{},"b":{}}
,"C:\\Users\\Michael\\OneDrive\\Desktop\\JusticeChain-main\\africajustice-backend\\src\\validators\\pollValidators.ts": {"path":"C:\\Users\\Michael\\OneDrive\\Desktop\\JusticeChain-main\\africajustice-backend\\src\\validators\\pollValidators.ts","statementMap":{"0":{"start":{"line":1,"column":0},"end":{"line":1,"column":57}},"1":{"start":{"line":2,"column":0},"end":{"line":2,"column":50}},"2":{"start":{"line":4,"column":13},"end":{"line":15,"column":null}},"3":{"start":{"line":17,"column":13},"end":{"line":22,"column":null}}},"fnMap":{},"branchMap":{},"s":{"0":1,"1":1,"2":1,"3":1},"f":{},"b":{}}
,"C:\\Users\\Michael\\OneDrive\\Desktop\\JusticeChain-main\\africajustice-backend\\src\\validators\\projectValidators.ts": {"path":"C:\\Users\\Michael\\OneDrive\\Desktop\\JusticeChain-main\\africajustice-backend\\src\\validators\\projectValidators.ts","statementMap":{"0":{"start":{"line":1,"column":0},"end":{"line":1,"column":57}},"1":{"start":{"line":2,"column":0},"end":{"line":2,"column":55}},"2":{"start":{"line":4,"column":13},"end":{"line":23,"column":null}}},"fnMap":{},"branchMap":{},"s":{"0":1,"1":1,"2":1},"f":{},"b":{}}
,"C:\\Users\\Michael\\OneDrive\\Desktop\\JusticeChain-main\\africajustice-backend\\src\\validators\\reportValidators.ts": {"path":"C:\\Users\\Michael\\OneDrive\\Desktop\\JusticeChain-main\\africajustice-backend\\src\\validators\\reportValidators.ts","statementMap":{"0":{"start":{"line":1,"column":0},"end":{"line":1,"column":57}},"1":{"start":{"line":2,"column":0},"end":{"line":2,"column":55}},"2":{"start":{"line":4,"column":13},"end":{"line":27,"column":null}}},"fnMap":{},"branchMap":{},"s":{"0":1,"1":1,"2":1},"f":{},"b":{}}
,"C:\\Users\\Michael\\OneDrive\\Desktop\\JusticeChain-main\\africajustice-backend\\src\\validators\\verificationValidators.ts": {"path":"C:\\Users\\Michael\\OneDrive\\Desktop\\JusticeChain-main\\africajustice-backend\\src\\validators\\verificationValidators.ts","statementMap":{"0":{"start":{"line":1,"column":0},"end":{"line":1,"column":57}},"1":{"start":{"line":2,"column":0},"end":{"line":2,"column":55}},"2":{"start":{"line":4,"column":13},"end":{"line":15,"column":null}}},"fnMap":{},"branchMap":{},"s":{"0":1,"1":1,"2":1},"f":{},"b":{}}
}
