TN:
SF:src\app.ts
FN:31,(anonymous_1)
FN:37,(anonymous_2)
FN:81,(anonymous_3)
FN:90,(anonymous_4)
FN:116,(anonymous_5)
FNF:5
FNH:1
FNDA:2,(anonymous_1)
FNDA:0,(anonymous_2)
FNDA:0,(anonymous_3)
FNDA:0,(anonymous_4)
FNDA:0,(anonymous_5)
DA:1,1
DA:2,1
DA:3,1
DA:4,1
DA:5,1
DA:6,1
DA:7,1
DA:8,1
DA:9,1
DA:10,1
DA:11,1
DA:12,1
DA:13,1
DA:14,1
DA:15,1
DA:16,1
DA:17,1
DA:18,1
DA:19,1
DA:20,1
DA:21,1
DA:22,1
DA:23,1
DA:24,1
DA:25,1
DA:26,1
DA:27,1
DA:29,1
DA:30,1
DA:31,2
DA:34,1
DA:35,0
DA:36,0
DA:37,0
DA:38,0
DA:40,0
DA:44,1
DA:46,1
DA:47,1
DA:53,1
DA:54,1
DA:55,1
DA:56,1
DA:58,1
DA:59,0
DA:63,1
DA:65,1
DA:67,1
DA:68,1
DA:69,1
DA:70,1
DA:71,1
DA:72,1
DA:73,1
DA:74,1
DA:75,1
DA:76,1
DA:77,1
DA:78,1
DA:79,1
DA:81,1
DA:82,0
DA:90,1
DA:91,0
DA:111,1
DA:114,1
DA:116,1
DA:117,0
DA:123,1
LF:69
LH:60
BRDA:30,0,0,1
BRDA:30,0,1,0
BRDA:34,1,0,0
BRDA:58,2,0,0
BRF:4
BRH:1
end_of_record
TN:
SF:src\server.ts
FN:10,(anonymous_1)
FN:34,(anonymous_2)
FN:57,(anonymous_3)
FN:60,(anonymous_4)
FN:65,(anonymous_5)
FN:72,(anonymous_6)
FN:75,(anonymous_7)
FN:76,(anonymous_8)
FN:80,(anonymous_9)
FN:82,(anonymous_10)
FN:90,(anonymous_11)
FN:96,(anonymous_12)
FN:98,(anonymous_13)
FN:106,(anonymous_14)
FNF:14
FNH:0
FNDA:0,(anonymous_1)
FNDA:0,(anonymous_2)
FNDA:0,(anonymous_3)
FNDA:0,(anonymous_4)
FNDA:0,(anonymous_5)
FNDA:0,(anonymous_6)
FNDA:0,(anonymous_7)
FNDA:0,(anonymous_8)
FNDA:0,(anonymous_9)
FNDA:0,(anonymous_10)
FNDA:0,(anonymous_11)
FNDA:0,(anonymous_12)
FNDA:0,(anonymous_13)
FNDA:0,(anonymous_14)
DA:1,0
DA:2,0
DA:3,0
DA:4,0
DA:5,0
DA:6,0
DA:8,0
DA:9,0
DA:10,0
DA:13,0
DA:14,0
DA:25,0
DA:27,0
DA:34,0
DA:35,0
DA:36,0
DA:39,0
DA:40,0
DA:41,0
DA:43,0
DA:47,0
DA:49,0
DA:50,0
DA:52,0
DA:55,0
DA:56,0
DA:58,0
DA:61,0
DA:62,0
DA:65,0
DA:66,0
DA:69,0
DA:72,0
DA:73,0
DA:74,0
DA:75,0
DA:76,0
DA:80,0
DA:81,0
DA:82,0
DA:83,0
DA:84,0
DA:90,0
DA:91,0
DA:96,0
DA:97,0
DA:98,0
DA:99,0
DA:100,0
DA:106,0
DA:107,0
DA:112,0
LF:52
LH:0
BRDA:8,0,0,0
BRDA:8,0,1,0
BRDA:9,1,0,0
BRDA:9,1,1,0
BRDA:35,2,0,0
BRDA:39,3,0,0
BRDA:39,3,1,0
BRDA:40,4,0,0
BRDA:40,4,1,0
BRDA:41,5,0,0
BRDA:41,5,1,0
BRDA:67,6,0,0
BRDA:67,6,1,0
BRDA:83,7,0,0
BRDA:99,8,0,0
BRF:15
BRH:0
end_of_record
TN:
SF:src\config\constants.ts
FNF:0
FNH:0
DA:2,1
DA:10,1
DA:16,1
DA:26,1
DA:38,1
DA:48,1
DA:56,1
DA:65,1
DA:71,1
DA:80,1
DA:89,1
DA:97,1
DA:104,1
DA:117,1
DA:126,1
DA:153,1
DA:165,1
DA:173,1
DA:185,1
DA:196,1
DA:205,1
DA:208,1
DA:222,1
DA:231,1
DA:238,1
LF:25
LH:25
BRF:0
BRH:0
end_of_record
TN:
SF:src\config\database.ts
FN:3,(anonymous_1)
FN:14,(anonymous_2)
FN:18,(anonymous_3)
FN:22,(anonymous_4)
FN:26,(anonymous_5)
FNF:5
FNH:0
FNDA:0,(anonymous_1)
FNDA:0,(anonymous_2)
FNDA:0,(anonymous_3)
FNDA:0,(anonymous_4)
FNDA:0,(anonymous_5)
DA:1,1
DA:3,1
DA:4,0
DA:5,0
DA:11,0
DA:12,0
DA:14,0
DA:15,0
DA:18,0
DA:19,0
DA:22,0
DA:23,0
DA:26,0
DA:27,0
DA:28,0
DA:29,0
DA:32,0
DA:33,0
DA:37,1
LF:19
LH:3
BRDA:5,0,0,0
BRDA:5,0,1,0
BRF:2
BRH:0
end_of_record
TN:
SF:src\config\redis.ts
FN:5,(anonymous_0)
FN:15,(anonymous_1)
FN:19,(anonymous_2)
FN:23,(anonymous_3)
FN:27,(anonymous_4)
FN:41,(anonymous_5)
FN:53,(anonymous_6)
FN:69,(anonymous_7)
FN:81,(anonymous_8)
FN:104,(anonymous_9)
FNF:10
FNH:0
FNDA:0,(anonymous_0)
FNDA:0,(anonymous_1)
FNDA:0,(anonymous_2)
FNDA:0,(anonymous_3)
FNDA:0,(anonymous_4)
FNDA:0,(anonymous_5)
FNDA:0,(anonymous_6)
FNDA:0,(anonymous_7)
FNDA:0,(anonymous_8)
FNDA:0,(anonymous_9)
DA:1,1
DA:3,1
DA:5,1
DA:6,0
DA:7,0
DA:15,0
DA:16,0
DA:19,0
DA:20,0
DA:23,0
DA:24,0
DA:27,0
DA:28,0
DA:31,0
DA:33,0
DA:35,0
DA:36,0
DA:37,0
DA:41,1
DA:42,0
DA:44,0
DA:45,0
DA:46,0
DA:48,0
DA:49,0
DA:53,1
DA:58,0
DA:60,0
DA:61,0
DA:62,0
DA:64,0
DA:65,0
DA:69,1
DA:70,0
DA:72,0
DA:73,0
DA:74,0
DA:76,0
DA:77,0
DA:81,1
DA:82,0
DA:84,0
DA:85,0
DA:86,0
DA:87,0
DA:89,0
DA:91,0
DA:92,0
DA:97,1
DA:98,1
DA:99,1
DA:100,1
DA:101,1
DA:104,1
LF:54
LH:13
BRDA:9,0,0,0
BRDA:9,0,1,0
BRDA:10,1,0,0
BRDA:10,1,1,0
BRDA:12,2,0,0
BRDA:12,2,1,0
BRDA:42,3,0,0
BRDA:42,4,0,0
BRDA:42,4,1,0
BRDA:46,5,0,0
BRDA:46,5,1,0
BRDA:56,6,0,0
BRDA:58,7,0,0
BRDA:58,8,0,0
BRDA:58,8,1,0
BRDA:70,9,0,0
BRDA:70,10,0,0
BRDA:70,10,1,0
BRDA:81,11,0,0
BRDA:82,12,0,0
BRDA:82,13,0,0
BRDA:82,13,1,0
BRDA:86,14,0,0
BRF:23
BRH:0
end_of_record
TN:
SF:src\config\s3.ts
FNF:0
FNH:0
DA:2,0
DA:9,0
LF:2
LH:0
BRDA:3,0,0,0
BRDA:3,0,1,0
BRDA:4,1,0,0
BRDA:4,1,1,0
BRF:4
BRH:0
end_of_record
TN:
SF:src\config\sentry.ts
FN:12,initializeSentry
FN:66,setupSentryMiddleware
FN:70,(anonymous_11)
FN:72,(anonymous_12)
FN:95,setupSentryErrorHandler
FN:98,(anonymous_14)
FN:111,captureError
FN:130,captureMessage
FN:151,addBreadcrumb
FN:171,setUserContext
FN:184,clearUserContext
FN:193,captureRequestContext
FN:219,flushSentry
FN:233,getSentryScope
FNF:14
FNH:4
FNDA:0,initializeSentry
FNDA:1,setupSentryMiddleware
FNDA:0,(anonymous_11)
FNDA:0,(anonymous_12)
FNDA:1,setupSentryErrorHandler
FNDA:0,(anonymous_14)
FNDA:1,captureError
FNDA:0,captureMessage
FNDA:6,addBreadcrumb
FNDA:0,setUserContext
FNDA:0,clearUserContext
FNDA:0,captureRequestContext
FNDA:0,flushSentry
FNDA:0,getSentryScope
DA:1,1
DA:2,1
DA:5,1
DA:6,1
DA:7,1
DA:12,1
DA:13,0
DA:14,0
DA:15,0
DA:18,0
DA:66,1
DA:67,1
DA:70,0
DA:71,0
DA:72,0
DA:73,0
DA:74,0
DA:85,0
DA:87,0
DA:95,1
DA:96,1
DA:98,0
DA:99,0
DA:100,0
DA:111,1
DA:115,1
DA:116,1
DA:117,1
DA:120,0
DA:130,1
DA:135,0
DA:136,0
DA:137,0
DA:140,0
DA:151,1
DA:157,6
DA:159,0
DA:171,1
DA:172,0
DA:174,0
DA:184,1
DA:185,0
DA:187,0
DA:193,1
DA:200,0
DA:202,0
DA:204,0
DA:219,1
DA:220,0
DA:222,0
DA:223,0
DA:225,0
DA:226,0
DA:233,1
DA:234,0
DA:237,1
LF:56
LH:23
BRDA:5,0,0,1
BRDA:5,0,1,0
BRDA:7,1,0,1
BRDA:7,1,1,1
BRDA:13,2,0,0
BRDA:22,3,0,0
BRDA:22,3,1,0
BRDA:23,4,0,0
BRDA:23,4,1,0
BRDA:67,5,0,1
BRDA:96,6,0,1
BRDA:103,7,0,0
BRDA:103,7,1,0
BRDA:103,8,0,0
BRDA:103,8,1,0
BRDA:113,9,0,0
BRDA:115,10,0,1
BRDA:132,11,0,0
BRDA:133,12,0,0
BRDA:135,13,0,0
BRDA:153,14,0,0
BRDA:154,15,0,0
BRDA:155,16,0,0
BRDA:157,17,0,6
BRDA:172,18,0,0
BRDA:185,19,0,0
BRDA:200,20,0,0
BRDA:202,21,0,0
BRDA:202,21,1,0
BRDA:202,22,0,0
BRDA:202,22,1,0
BRDA:220,23,0,0
BRF:32
BRH:7
end_of_record
TN:
SF:src\config\swagger.ts
FN:107,(anonymous_1)
FNF:1
FNH:1
FNDA:1,(anonymous_1)
DA:1,1
DA:2,1
DA:5,1
DA:100,1
DA:101,1
DA:103,0
DA:104,0
DA:107,1
DA:108,1
DA:109,1
DA:124,1
DA:130,1
DA:132,0
LF:13
LH:10
BRDA:22,0,0,1
BRDA:22,0,1,1
BRF:2
BRH:2
end_of_record
TN:
SF:src\config\validateEnv.ts
FN:1,(anonymous_0)
FN:18,(anonymous_1)
FNF:2
FNH:0
FNDA:0,(anonymous_0)
FNDA:0,(anonymous_1)
DA:1,1
DA:2,0
DA:3,0
DA:6,0
DA:7,0
DA:10,0
DA:11,0
DA:13,0
DA:14,0
DA:15,0
DA:18,0
DA:20,0
DA:21,0
DA:24,0
DA:25,0
DA:29,1
LF:16
LH:2
BRDA:2,0,0,0
BRDA:6,1,0,0
BRDA:14,2,0,0
BRDA:20,3,0,0
BRF:4
BRH:0
end_of_record
TN:
SF:src\controllers\adminController.ts
FN:12,(anonymous_0)
FN:45,(anonymous_1)
FN:79,(anonymous_2)
FN:144,(anonymous_3)
FN:178,(anonymous_4)
FN:243,(anonymous_5)
FN:277,(anonymous_6)
FN:341,(anonymous_7)
FN:375,(anonymous_8)
FN:441,(anonymous_9)
FNF:10
FNH:6
FNDA:2,(anonymous_0)
FNDA:2,(anonymous_1)
FNDA:3,(anonymous_2)
FNDA:0,(anonymous_3)
FNDA:1,(anonymous_4)
FNDA:0,(anonymous_5)
FNDA:2,(anonymous_6)
FNDA:0,(anonymous_7)
FNDA:2,(anonymous_8)
FNDA:0,(anonymous_9)
DA:3,2
DA:4,2
DA:5,2
DA:6,2
DA:7,2
DA:12,2
DA:13,2
DA:14,2
DA:15,1
DA:16,1
DA:17,1
DA:18,1
DA:19,1
DA:20,1
DA:21,1
DA:23,1
DA:34,1
DA:45,2
DA:46,2
DA:47,2
DA:49,2
DA:50,2
DA:51,2
DA:53,2
DA:54,2
DA:55,2
DA:57,2
DA:68,0
DA:79,2
DA:80,3
DA:81,3
DA:82,3
DA:84,3
DA:85,0
DA:89,0
DA:92,3
DA:93,3
DA:94,1
DA:98,1
DA:101,2
DA:102,2
DA:103,2
DA:104,2
DA:105,2
DA:107,2
DA:110,2
DA:111,2
DA:112,0
DA:113,0
DA:122,0
DA:124,2
DA:127,2
DA:133,0
DA:144,2
DA:145,0
DA:146,0
DA:148,0
DA:149,0
DA:150,0
DA:152,0
DA:153,0
DA:154,0
DA:156,0
DA:167,0
DA:178,2
DA:179,1
DA:180,1
DA:181,1
DA:183,1
DA:184,0
DA:188,0
DA:191,1
DA:192,1
DA:193,0
DA:197,0
DA:200,1
DA:201,1
DA:202,1
DA:203,1
DA:204,1
DA:206,1
DA:209,1
DA:210,1
DA:211,0
DA:212,0
DA:221,0
DA:223,1
DA:226,1
DA:232,0
DA:243,2
DA:244,0
DA:245,0
DA:247,0
DA:248,0
DA:249,0
DA:251,0
DA:252,0
DA:253,0
DA:255,0
DA:266,0
DA:277,2
DA:278,2
DA:279,2
DA:280,2
DA:282,2
DA:283,0
DA:287,0
DA:290,2
DA:291,2
DA:292,0
DA:296,0
DA:299,2
DA:300,2
DA:301,2
DA:302,2
DA:304,2
DA:307,2
DA:308,2
DA:309,0
DA:310,0
DA:319,0
DA:321,2
DA:324,2
DA:330,0
DA:341,2
DA:342,0
DA:343,0
DA:345,0
DA:346,0
DA:347,0
DA:349,0
DA:350,0
DA:351,0
DA:353,0
DA:364,0
DA:375,2
DA:376,2
DA:377,2
DA:378,2
DA:380,2
DA:381,0
DA:385,0
DA:389,2
DA:390,1
DA:394,1
DA:397,1
DA:398,1
DA:399,0
DA:403,0
DA:406,1
DA:407,1
DA:408,1
DA:411,1
DA:412,1
DA:413,0
DA:414,0
DA:421,1
DA:424,1
DA:430,0
DA:441,2
DA:442,0
DA:443,0
DA:451,0
DA:452,0
DA:453,0
DA:455,0
DA:456,0
DA:457,0
DA:458,0
DA:459,0
DA:460,0
DA:464,0
DA:476,0
LF:173
LH:100
BRDA:37,0,0,1
BRDA:37,0,1,0
BRDA:47,1,0,0
BRDA:47,2,0,0
BRDA:47,3,0,1
BRDA:49,4,0,2
BRDA:49,4,1,0
BRDA:50,5,0,2
BRDA:50,5,1,0
BRDA:53,6,0,2
BRDA:53,6,1,0
BRDA:71,7,0,0
BRDA:71,7,1,0
BRDA:84,8,0,0
BRDA:84,9,0,3
BRDA:84,9,1,3
BRDA:93,10,0,1
BRDA:101,11,0,1
BRDA:101,11,1,1
BRDA:103,12,0,2
BRDA:103,12,1,0
BRDA:112,13,0,0
BRDA:112,13,1,0
BRDA:112,13,2,0
BRDA:118,14,0,0
BRDA:118,14,1,0
BRDA:119,15,0,0
BRDA:119,15,1,0
BRDA:136,16,0,0
BRDA:136,16,1,0
BRDA:146,17,0,0
BRDA:146,18,0,0
BRDA:146,19,0,0
BRDA:148,20,0,0
BRDA:148,20,1,0
BRDA:149,21,0,0
BRDA:149,21,1,0
BRDA:152,22,0,0
BRDA:152,22,1,0
BRDA:170,23,0,0
BRDA:170,23,1,0
BRDA:183,24,0,0
BRDA:183,25,0,1
BRDA:183,25,1,1
BRDA:192,26,0,0
BRDA:200,27,0,1
BRDA:200,27,1,0
BRDA:201,28,0,1
BRDA:201,28,1,0
BRDA:202,29,0,1
BRDA:202,29,1,0
BRDA:211,30,0,0
BRDA:211,30,1,0
BRDA:211,30,2,0
BRDA:216,31,0,0
BRDA:216,31,1,0
BRDA:218,32,0,0
BRDA:218,32,1,0
BRDA:235,33,0,0
BRDA:235,33,1,0
BRDA:245,34,0,0
BRDA:245,35,0,0
BRDA:245,36,0,0
BRDA:247,37,0,0
BRDA:247,37,1,0
BRDA:248,38,0,0
BRDA:248,38,1,0
BRDA:251,39,0,0
BRDA:251,39,1,0
BRDA:269,40,0,0
BRDA:269,40,1,0
BRDA:282,41,0,0
BRDA:282,42,0,2
BRDA:282,42,1,2
BRDA:291,43,0,0
BRDA:299,44,0,1
BRDA:299,44,1,1
BRDA:300,45,0,2
BRDA:300,45,1,0
BRDA:309,46,0,0
BRDA:309,46,1,0
BRDA:309,46,2,0
BRDA:315,47,0,0
BRDA:315,47,1,0
BRDA:316,48,0,0
BRDA:316,48,1,0
BRDA:333,49,0,0
BRDA:333,49,1,0
BRDA:343,50,0,0
BRDA:343,51,0,0
BRDA:345,52,0,0
BRDA:345,52,1,0
BRDA:346,53,0,0
BRDA:346,53,1,0
BRDA:349,54,0,0
BRDA:349,54,1,0
BRDA:367,55,0,0
BRDA:367,55,1,0
BRDA:380,56,0,0
BRDA:380,57,0,2
BRDA:380,57,1,2
BRDA:389,58,0,1
BRDA:389,59,0,2
BRDA:389,59,1,1
BRDA:398,60,0,0
BRDA:413,61,0,0
BRDA:413,61,1,0
BRDA:413,62,0,0
BRDA:413,62,1,0
BRDA:433,63,0,0
BRDA:433,63,1,0
BRDA:443,64,0,0
BRDA:443,65,0,0
BRDA:451,66,0,0
BRDA:451,66,1,0
BRDA:452,67,0,0
BRDA:452,67,1,0
BRDA:456,68,0,0
BRDA:457,69,0,0
BRDA:457,70,0,0
BRDA:457,70,1,0
BRDA:459,71,0,0
BRDA:460,72,0,0
BRDA:479,73,0,0
BRDA:479,73,1,0
BRF:125
BRH:26
end_of_record
TN:
SF:src\controllers\analyticsController.ts
FN:8,(anonymous_0)
FN:14,(anonymous_1)
FN:27,(anonymous_2)
FN:47,(anonymous_3)
FN:53,(anonymous_4)
FN:112,(anonymous_5)
FN:121,(anonymous_6)
FN:138,(anonymous_7)
FN:139,(anonymous_8)
FNF:9
FNH:0
FNDA:0,(anonymous_0)
FNDA:0,(anonymous_1)
FNDA:0,(anonymous_2)
FNDA:0,(anonymous_3)
FNDA:0,(anonymous_4)
FNDA:0,(anonymous_5)
FNDA:0,(anonymous_6)
FNDA:0,(anonymous_7)
FNDA:0,(anonymous_8)
DA:2,1
DA:3,1
DA:4,1
DA:6,1
DA:8,1
DA:9,0
DA:10,0
DA:12,0
DA:15,0
DA:26,0
DA:27,0
DA:29,0
DA:34,0
DA:39,0
DA:40,0
DA:47,1
DA:48,0
DA:49,0
DA:51,0
DA:55,0
DA:92,0
DA:97,0
DA:104,0
DA:105,0
DA:112,1
DA:113,0
DA:114,0
DA:117,0
DA:119,0
DA:122,0
DA:123,0
DA:124,0
DA:126,0
DA:138,0
DA:139,0
DA:141,0
DA:146,0
DA:151,0
DA:152,0
LF:39
LH:7
BRDA:26,0,0,0
BRDA:26,0,1,0
BRDA:26,1,0,0
BRDA:26,1,1,0
BRDA:117,2,0,0
BRDA:117,2,1,0
BRDA:117,3,0,0
BRDA:117,3,1,0
BRDA:123,4,0,0
BRDA:124,5,0,0
BRF:10
BRH:0
end_of_record
TN:
SF:src\controllers\authController.ts
FN:7,(anonymous_1)
FN:64,(anonymous_2)
FN:127,(anonymous_3)
FN:136,(anonymous_4)
FNF:4
FNH:0
FNDA:0,(anonymous_1)
FNDA:0,(anonymous_2)
FNDA:0,(anonymous_3)
FNDA:0,(anonymous_4)
DA:2,1
DA:3,1
DA:4,1
DA:7,1
DA:8,0
DA:9,0
DA:17,0
DA:18,0
DA:25,0
DA:26,0
DA:27,0
DA:34,0
DA:35,0
DA:38,0
DA:45,0
DA:56,0
DA:57,0
DA:64,1
DA:65,0
DA:66,0
DA:69,0
DA:70,0
DA:77,0
DA:78,0
DA:79,0
DA:86,0
DA:87,0
DA:88,0
DA:95,0
DA:99,0
DA:105,0
DA:119,0
DA:120,0
DA:127,1
DA:130,0
DA:136,1
DA:137,0
DA:138,0
DA:139,0
DA:145,0
DA:146,0
DA:147,0
DA:153,0
DA:163,0
DA:164,0
LF:45
LH:7
BRDA:17,0,0,0
BRDA:17,1,0,0
BRDA:17,1,1,0
BRDA:17,1,2,0
BRDA:26,2,0,0
BRDA:42,3,0,0
BRDA:42,3,1,0
BRDA:69,4,0,0
BRDA:69,5,0,0
BRDA:69,5,1,0
BRDA:78,6,0,0
BRDA:87,7,0,0
BRDA:96,8,0,0
BRDA:96,8,1,0
BRDA:101,9,0,0
BRDA:101,9,1,0
BRDA:138,10,0,0
BRDA:146,11,0,0
BRF:18
BRH:0
end_of_record
TN:
SF:src\controllers\evidenceController.ts
FN:12,(anonymous_0)
FN:53,(anonymous_1)
FN:229,(anonymous_2)
FN:252,(anonymous_3)
FN:268,(anonymous_4)
FN:293,(anonymous_5)
FN:330,(anonymous_6)
FN:368,(anonymous_7)
FNF:8
FNH:0
FNDA:0,(anonymous_0)
FNDA:0,(anonymous_1)
FNDA:0,(anonymous_2)
FNDA:0,(anonymous_3)
FNDA:0,(anonymous_4)
FNDA:0,(anonymous_5)
FNDA:0,(anonymous_6)
FNDA:0,(anonymous_7)
DA:2,1
DA:4,1
DA:5,1
DA:6,1
DA:12,1
DA:13,0
DA:14,0
DA:19,0
DA:20,0
DA:27,0
DA:31,0
DA:41,0
DA:42,0
DA:53,1
DA:54,0
DA:56,0
DA:57,0
DA:62,0
DA:63,0
DA:69,0
DA:70,0
DA:77,0
DA:88,0
DA:91,0
DA:97,0
DA:99,0
DA:104,0
DA:110,0
DA:111,0
DA:113,0
DA:115,0
DA:116,0
DA:117,0
DA:119,0
DA:127,0
DA:134,0
DA:142,0
DA:150,0
DA:151,0
DA:153,0
DA:163,0
DA:164,0
DA:165,0
DA:166,0
DA:167,0
DA:170,0
DA:171,0
DA:172,0
DA:174,0
DA:177,0
DA:186,0
DA:194,0
DA:200,0
DA:203,0
DA:204,0
DA:205,0
DA:207,0
DA:214,0
DA:221,0
DA:222,0
DA:229,1
DA:230,0
DA:231,0
DA:232,0
DA:233,0
DA:238,0
DA:239,0
DA:240,0
DA:242,0
DA:243,0
DA:244,0
DA:245,0
DA:250,0
DA:252,0
DA:260,0
DA:261,0
DA:268,1
DA:269,0
DA:270,0
DA:271,0
DA:273,0
DA:274,0
DA:280,0
DA:285,0
DA:286,0
DA:293,1
DA:294,0
DA:295,0
DA:296,0
DA:298,0
DA:299,0
DA:305,0
DA:307,0
DA:308,0
DA:314,0
DA:319,0
DA:320,0
DA:330,1
DA:331,0
DA:332,0
DA:334,0
DA:335,0
DA:336,0
DA:343,0
DA:348,0
DA:357,0
DA:358,0
DA:368,1
DA:369,0
DA:370,0
DA:372,0
DA:373,0
DA:374,0
DA:381,0
DA:382,0
DA:383,0
DA:384,0
DA:386,0
DA:391,0
DA:393,0
DA:398,0
DA:399,0
LF:122
LH:11
BRDA:19,0,0,0
BRDA:62,1,0,0
BRDA:69,2,0,0
BRDA:80,3,0,0
BRDA:80,3,1,0
BRDA:84,4,0,0
BRDA:84,4,1,0
BRDA:113,5,0,0
BRDA:190,6,0,0
BRDA:190,6,1,0
BRDA:239,7,0,0
BRDA:240,8,0,0
BRDA:242,9,0,0
BRDA:242,9,1,0
BRDA:243,10,0,0
BRDA:243,10,1,0
BRDA:273,11,0,0
BRDA:298,12,0,0
BRDA:307,13,0,0
BRDA:335,14,0,0
BRDA:335,15,0,0
BRDA:335,15,1,0
BRDA:373,16,0,0
BRDA:381,17,0,0
BRF:24
BRH:0
end_of_record
TN:
SF:src\controllers\exportController.ts
FN:18,exportReportAsPDF
FN:62,exportReportsAsPDF
FN:85,(anonymous_2)
FN:93,(anonymous_3)
FN:100,(anonymous_4)
FN:107,(anonymous_5)
FN:126,exportReportsAsCSV
FN:171,exportEvidenceAsCSV
FN:213,exportVerificationsAsCSV
FN:255,exportComprehensiveCSV
FN:305,exportAnalyticsAsPDF
FN:326,(anonymous_11)
FN:359,exportAnalyticsAsCSV
FN:380,(anonymous_13)
FN:393,(anonymous_14)
FN:394,(anonymous_15)
FN:395,(anonymous_16)
FNF:17
FNH:0
FNDA:0,exportReportAsPDF
FNDA:0,exportReportsAsPDF
FNDA:0,(anonymous_2)
FNDA:0,(anonymous_3)
FNDA:0,(anonymous_4)
FNDA:0,(anonymous_5)
FNDA:0,exportReportsAsCSV
FNDA:0,exportEvidenceAsCSV
FNDA:0,exportVerificationsAsCSV
FNDA:0,exportComprehensiveCSV
FNDA:0,exportAnalyticsAsPDF
FNDA:0,(anonymous_11)
FNDA:0,exportAnalyticsAsCSV
FNDA:0,(anonymous_13)
FNDA:0,(anonymous_14)
FNDA:0,(anonymous_15)
FNDA:0,(anonymous_16)
DA:3,1
DA:4,1
DA:5,1
DA:12,1
DA:18,1
DA:19,0
DA:20,0
DA:22,0
DA:25,0
DA:26,0
DA:27,0
DA:28,0
DA:29,0
DA:33,0
DA:39,0
DA:46,0
DA:47,0
DA:49,0
DA:50,0
DA:52,0
DA:53,0
DA:54,0
DA:62,1
DA:63,0
DA:64,0
DA:66,0
DA:68,0
DA:69,0
DA:70,0
DA:71,0
DA:72,0
DA:76,0
DA:77,0
DA:79,0
DA:80,0
DA:81,0
DA:85,0
DA:86,0
DA:91,0
DA:93,0
DA:94,0
DA:95,0
DA:96,0
DA:100,0
DA:106,0
DA:107,0
DA:110,0
DA:111,0
DA:113,0
DA:114,0
DA:116,0
DA:117,0
DA:118,0
DA:126,1
DA:127,0
DA:128,0
DA:130,0
DA:132,0
DA:133,0
DA:134,0
DA:135,0
DA:136,0
DA:140,0
DA:141,0
DA:142,0
DA:143,0
DA:146,0
DA:148,0
DA:149,0
DA:150,0
DA:153,0
DA:155,0
DA:156,0
DA:158,0
DA:159,0
DA:161,0
DA:162,0
DA:163,0
DA:171,1
DA:172,0
DA:173,0
DA:175,0
DA:177,0
DA:178,0
DA:179,0
DA:182,0
DA:183,0
DA:184,0
DA:185,0
DA:188,0
DA:190,0
DA:191,0
DA:192,0
DA:195,0
DA:197,0
DA:198,0
DA:200,0
DA:201,0
DA:203,0
DA:204,0
DA:205,0
DA:213,1
DA:214,0
DA:215,0
DA:217,0
DA:219,0
DA:220,0
DA:221,0
DA:224,0
DA:225,0
DA:226,0
DA:227,0
DA:230,0
DA:232,0
DA:233,0
DA:234,0
DA:237,0
DA:239,0
DA:240,0
DA:242,0
DA:243,0
DA:245,0
DA:246,0
DA:247,0
DA:255,1
DA:256,0
DA:257,0
DA:259,0
DA:261,0
DA:262,0
DA:263,0
DA:266,0
DA:267,0
DA:268,0
DA:269,0
DA:273,0
DA:279,0
DA:285,0
DA:286,0
DA:288,0
DA:293,0
DA:295,0
DA:296,0
DA:297,0
DA:305,1
DA:306,0
DA:307,0
DA:309,0
DA:311,0
DA:312,0
DA:313,0
DA:314,0
DA:315,0
DA:319,0
DA:320,0
DA:323,0
DA:324,0
DA:326,0
DA:327,0
DA:328,0
DA:333,0
DA:343,0
DA:344,0
DA:346,0
DA:347,0
DA:349,0
DA:350,0
DA:351,0
DA:359,1
DA:360,0
DA:361,0
DA:363,0
DA:365,0
DA:366,0
DA:367,0
DA:368,0
DA:369,0
DA:372,0
DA:373,0
DA:376,0
DA:377,0
DA:378,0
DA:380,0
DA:381,0
DA:382,0
DA:386,0
DA:393,0
DA:394,0
DA:395,0
DA:400,0
DA:401,0
DA:403,0
DA:404,0
DA:406,0
DA:407,0
DA:408,0
LF:196
LH:12
BRDA:26,0,0,0
BRDA:64,1,0,0
BRDA:64,2,0,0
BRDA:69,3,0,0
BRDA:69,3,1,0
BRDA:71,4,0,0
BRDA:79,5,0,0
BRDA:85,6,0,0
BRDA:85,6,1,0
BRDA:95,7,0,0
BRDA:102,8,0,0
BRDA:102,8,1,0
BRDA:102,9,0,0
BRDA:102,9,1,0
BRDA:128,10,0,0
BRDA:128,11,0,0
BRDA:133,12,0,0
BRDA:133,12,1,0
BRDA:135,13,0,0
BRDA:140,14,0,0
BRDA:140,15,0,0
BRDA:140,15,1,0
BRDA:142,16,0,0
BRDA:143,17,0,0
BRDA:148,18,0,0
BRDA:178,19,0,0
BRDA:182,20,0,0
BRDA:182,21,0,0
BRDA:182,21,1,0
BRDA:184,22,0,0
BRDA:185,23,0,0
BRDA:190,24,0,0
BRDA:220,25,0,0
BRDA:224,26,0,0
BRDA:224,27,0,0
BRDA:224,27,1,0
BRDA:226,28,0,0
BRDA:227,29,0,0
BRDA:232,30,0,0
BRDA:257,31,0,0
BRDA:262,32,0,0
BRDA:266,33,0,0
BRDA:266,34,0,0
BRDA:266,34,1,0
BRDA:268,35,0,0
BRDA:269,36,0,0
BRDA:275,37,0,0
BRDA:275,37,1,0
BRDA:276,38,0,0
BRDA:276,38,1,0
BRDA:312,39,0,0
BRDA:312,40,0,0
BRDA:312,40,1,0
BRDA:314,41,0,0
BRDA:315,42,0,0
BRDA:327,43,0,0
BRDA:327,43,1,0
BRDA:327,44,0,0
BRDA:327,44,1,0
BRDA:327,45,0,0
BRDA:327,45,1,0
BRDA:328,46,0,0
BRDA:328,46,1,0
BRDA:329,47,0,0
BRDA:329,47,1,0
BRDA:329,48,0,0
BRDA:329,48,1,0
BRDA:366,49,0,0
BRDA:366,50,0,0
BRDA:366,50,1,0
BRDA:368,51,0,0
BRDA:369,52,0,0
BRDA:381,53,0,0
BRDA:381,53,1,0
BRDA:381,54,0,0
BRDA:381,54,1,0
BRDA:381,55,0,0
BRDA:381,55,1,0
BRDA:382,56,0,0
BRDA:382,56,1,0
BRDA:383,57,0,0
BRDA:383,57,1,0
BRDA:383,58,0,0
BRDA:383,58,1,0
BRF:84
BRH:0
end_of_record
TN:
SF:src\controllers\officialController.ts
FN:5,(anonymous_0)
FN:43,(anonymous_1)
FN:76,(anonymous_2)
FN:92,(anonymous_3)
FN:117,(anonymous_4)
FNF:5
FNH:0
FNDA:0,(anonymous_0)
FNDA:0,(anonymous_1)
FNDA:0,(anonymous_2)
FNDA:0,(anonymous_3)
FNDA:0,(anonymous_4)
DA:2,1
DA:5,1
DA:6,0
DA:7,0
DA:15,0
DA:16,0
DA:22,0
DA:30,0
DA:35,0
DA:36,0
DA:43,1
DA:44,0
DA:45,0
DA:46,0
DA:47,0
DA:52,0
DA:54,0
DA:55,0
DA:62,0
DA:63,0
DA:66,0
DA:67,0
DA:68,0
DA:69,0
DA:74,0
DA:76,0
DA:84,0
DA:85,0
DA:92,1
DA:93,0
DA:94,0
DA:95,0
DA:97,0
DA:98,0
DA:104,0
DA:109,0
DA:110,0
DA:117,1
DA:118,0
DA:119,0
DA:120,0
DA:122,0
DA:123,0
DA:129,0
DA:135,0
DA:136,0
DA:142,0
DA:147,0
DA:148,0
LF:49
LH:5
BRDA:15,0,0,0
BRDA:15,1,0,0
BRDA:15,1,1,0
BRDA:15,1,2,0
BRDA:26,2,0,0
BRDA:26,2,1,0
BRDA:27,3,0,0
BRDA:27,3,1,0
BRDA:54,4,0,0
BRDA:62,5,0,0
BRDA:66,6,0,0
BRDA:66,6,1,0
BRDA:67,7,0,0
BRDA:67,7,1,0
BRDA:97,8,0,0
BRDA:122,9,0,0
BRDA:135,10,0,0
BRF:17
BRH:0
end_of_record
TN:
SF:src\controllers\petitionController.ts
FN:5,(anonymous_0)
FN:40,(anonymous_1)
FN:61,(anonymous_2)
FN:77,(anonymous_3)
FN:102,(anonymous_4)
FN:132,(anonymous_5)
FNF:6
FNH:0
FNDA:0,(anonymous_0)
FNDA:0,(anonymous_1)
FNDA:0,(anonymous_2)
FNDA:0,(anonymous_3)
FNDA:0,(anonymous_4)
FNDA:0,(anonymous_5)
DA:2,1
DA:5,1
DA:6,0
DA:7,0
DA:12,0
DA:13,0
DA:19,0
DA:27,0
DA:32,0
DA:33,0
DA:40,1
DA:41,0
DA:42,0
DA:43,0
DA:44,0
DA:48,0
DA:49,0
DA:51,0
DA:52,0
DA:53,0
DA:54,0
DA:59,0
DA:61,0
DA:69,0
DA:70,0
DA:77,1
DA:78,0
DA:79,0
DA:80,0
DA:82,0
DA:83,0
DA:89,0
DA:94,0
DA:95,0
DA:102,1
DA:103,0
DA:104,0
DA:106,0
DA:112,0
DA:113,0
DA:119,0
DA:124,0
DA:125,0
DA:132,1
DA:133,0
DA:134,0
DA:135,0
DA:137,0
DA:138,0
DA:144,0
DA:146,0
DA:147,0
DA:153,0
DA:158,0
DA:159,0
LF:55
LH:6
BRDA:12,0,0,0
BRDA:12,1,0,0
BRDA:12,1,1,0
BRDA:22,2,0,0
BRDA:22,2,1,0
BRDA:49,3,0,0
BRDA:51,4,0,0
BRDA:51,4,1,0
BRDA:52,5,0,0
BRDA:52,5,1,0
BRDA:82,6,0,0
BRDA:112,7,0,0
BRDA:137,8,0,0
BRDA:146,9,0,0
BRF:14
BRH:0
end_of_record
TN:
SF:src\controllers\pollController.ts
FN:5,(anonymous_0)
FN:21,(anonymous_1)
FN:41,(anonymous_2)
FN:62,(anonymous_3)
FN:78,(anonymous_4)
FN:103,(anonymous_5)
FN:146,(anonymous_6)
FNF:7
FNH:0
FNDA:0,(anonymous_0)
FNDA:0,(anonymous_1)
FNDA:0,(anonymous_2)
FNDA:0,(anonymous_3)
FNDA:0,(anonymous_4)
FNDA:0,(anonymous_5)
FNDA:0,(anonymous_6)
DA:2,1
DA:5,1
DA:6,0
DA:7,0
DA:12,0
DA:13,0
DA:19,0
DA:21,0
DA:28,0
DA:33,0
DA:34,0
DA:41,1
DA:42,0
DA:43,0
DA:44,0
DA:45,0
DA:49,0
DA:50,0
DA:52,0
DA:53,0
DA:54,0
DA:55,0
DA:60,0
DA:62,0
DA:70,0
DA:71,0
DA:78,1
DA:79,0
DA:80,0
DA:81,0
DA:83,0
DA:84,0
DA:90,0
DA:95,0
DA:96,0
DA:103,1
DA:104,0
DA:105,0
DA:106,0
DA:108,0
DA:109,0
DA:115,0
DA:116,0
DA:117,0
DA:123,0
DA:124,0
DA:130,0
DA:131,0
DA:133,0
DA:138,0
DA:139,0
DA:146,1
DA:147,0
DA:148,0
DA:149,0
DA:151,0
DA:152,0
DA:158,0
DA:160,0
DA:161,0
DA:167,0
DA:172,0
DA:173,0
LF:63
LH:6
BRDA:12,0,0,0
BRDA:12,1,0,0
BRDA:12,1,1,0
BRDA:12,1,2,0
BRDA:50,2,0,0
BRDA:52,3,0,0
BRDA:52,3,1,0
BRDA:53,4,0,0
BRDA:53,4,1,0
BRDA:83,5,0,0
BRDA:108,6,0,0
BRDA:108,7,0,0
BRDA:108,7,1,0
BRDA:116,8,0,0
BRDA:123,9,0,0
BRDA:151,10,0,0
BRDA:160,11,0,0
BRF:17
BRH:0
end_of_record
TN:
SF:src\controllers\projectController.ts
FN:5,(anonymous_0)
FN:46,(anonymous_1)
FN:71,(anonymous_2)
FN:87,(anonymous_3)
FN:112,(anonymous_4)
FNF:5
FNH:0
FNDA:0,(anonymous_0)
FNDA:0,(anonymous_1)
FNDA:0,(anonymous_2)
FNDA:0,(anonymous_3)
FNDA:0,(anonymous_4)
DA:2,1
DA:5,1
DA:6,0
DA:7,0
DA:16,0
DA:17,0
DA:23,0
DA:33,0
DA:38,0
DA:39,0
DA:46,1
DA:47,0
DA:48,0
DA:49,0
DA:50,0
DA:56,0
DA:57,0
DA:58,0
DA:59,0
DA:61,0
DA:62,0
DA:63,0
DA:64,0
DA:69,0
DA:71,0
DA:79,0
DA:80,0
DA:87,1
DA:88,0
DA:89,0
DA:90,0
DA:92,0
DA:93,0
DA:99,0
DA:104,0
DA:105,0
DA:112,1
DA:113,0
DA:114,0
DA:115,0
DA:120,0
DA:121,0
DA:122,0
DA:123,0
DA:126,0
DA:128,0
DA:129,0
DA:135,0
DA:140,0
DA:141,0
LF:50
LH:5
BRDA:16,0,0,0
BRDA:16,1,0,0
BRDA:16,1,1,0
BRDA:16,1,2,0
BRDA:16,1,3,0
BRDA:28,2,0,0
BRDA:28,2,1,0
BRDA:29,3,0,0
BRDA:29,3,1,0
BRDA:57,4,0,0
BRDA:58,5,0,0
BRDA:59,6,0,0
BRDA:61,7,0,0
BRDA:61,7,1,0
BRDA:62,8,0,0
BRDA:62,8,1,0
BRDA:92,9,0,0
BRDA:121,10,0,0
BRDA:122,11,0,0
BRDA:128,12,0,0
BRF:20
BRH:0
end_of_record
TN:
SF:src\controllers\reportController.ts
FN:5,(anonymous_0)
FN:49,(anonymous_1)
FN:72,(anonymous_2)
FN:88,(anonymous_3)
FN:113,(anonymous_4)
FNF:5
FNH:0
FNDA:0,(anonymous_0)
FNDA:0,(anonymous_1)
FNDA:0,(anonymous_2)
FNDA:0,(anonymous_3)
FNDA:0,(anonymous_4)
DA:2,1
DA:5,1
DA:6,0
DA:7,0
DA:17,0
DA:18,0
DA:25,0
DA:36,0
DA:41,0
DA:42,0
DA:49,1
DA:50,0
DA:51,0
DA:52,0
DA:53,0
DA:58,0
DA:59,0
DA:60,0
DA:62,0
DA:63,0
DA:64,0
DA:65,0
DA:70,0
DA:72,0
DA:80,0
DA:81,0
DA:88,1
DA:89,0
DA:90,0
DA:91,0
DA:93,0
DA:94,0
DA:100,0
DA:105,0
DA:106,0
DA:113,1
DA:114,0
DA:115,0
DA:116,0
DA:118,0
DA:119,0
DA:125,0
DA:131,0
DA:132,0
DA:138,0
DA:143,0
DA:144,0
LF:47
LH:5
BRDA:17,0,0,0
BRDA:17,1,0,0
BRDA:17,1,1,0
BRDA:17,1,2,0
BRDA:59,2,0,0
BRDA:60,3,0,0
BRDA:62,4,0,0
BRDA:62,4,1,0
BRDA:63,5,0,0
BRDA:63,5,1,0
BRDA:93,6,0,0
BRDA:118,7,0,0
BRDA:131,8,0,0
BRF:13
BRH:0
end_of_record
TN:
SF:src\controllers\verificationController.ts
FN:5,(anonymous_0)
FN:46,(anonymous_1)
FN:67,(anonymous_2)
FN:83,(anonymous_3)
FN:108,(anonymous_4)
FNF:5
FNH:0
FNDA:0,(anonymous_0)
FNDA:0,(anonymous_1)
FNDA:0,(anonymous_2)
FNDA:0,(anonymous_3)
FNDA:0,(anonymous_4)
DA:2,1
DA:5,1
DA:6,0
DA:7,0
DA:13,0
DA:14,0
DA:21,0
DA:22,0
DA:23,0
DA:26,0
DA:33,0
DA:38,0
DA:39,0
DA:46,1
DA:47,0
DA:48,0
DA:49,0
DA:50,0
DA:54,0
DA:55,0
DA:57,0
DA:58,0
DA:59,0
DA:60,0
DA:65,0
DA:67,0
DA:75,0
DA:76,0
DA:83,1
DA:84,0
DA:85,0
DA:86,0
DA:88,0
DA:89,0
DA:95,0
DA:100,0
DA:101,0
DA:108,1
DA:109,0
DA:110,0
DA:111,0
DA:116,0
DA:117,0
DA:118,0
DA:119,0
DA:122,0
DA:124,0
DA:125,0
DA:131,0
DA:136,0
DA:137,0
LF:51
LH:5
BRDA:13,0,0,0
BRDA:21,1,0,0
BRDA:21,1,1,0
BRDA:22,2,0,0
BRDA:22,3,0,0
BRDA:22,3,1,0
BRDA:28,4,0,0
BRDA:28,4,1,0
BRDA:55,5,0,0
BRDA:57,6,0,0
BRDA:57,6,1,0
BRDA:58,7,0,0
BRDA:58,7,1,0
BRDA:88,8,0,0
BRDA:117,9,0,0
BRDA:118,10,0,0
BRDA:124,11,0,0
BRF:17
BRH:0
end_of_record
TN:
SF:src\middleware\admin.ts
FN:8,(anonymous_0)
FN:32,(anonymous_1)
FNF:2
FNH:0
FNDA:0,(anonymous_0)
FNDA:0,(anonymous_1)
DA:8,1
DA:9,0
DA:10,0
DA:14,0
DA:17,0
DA:18,0
DA:22,0
DA:25,0
DA:32,1
DA:33,0
DA:34,0
DA:38,0
DA:41,0
DA:42,0
DA:46,0
DA:49,0
LF:16
LH:2
BRDA:9,0,0,0
BRDA:17,1,0,0
BRDA:33,2,0,0
BRDA:41,3,0,0
BRDA:41,4,0,0
BRDA:41,4,1,0
BRF:6
BRH:0
end_of_record
TN:
SF:src\middleware\audit.ts
FN:4,(anonymous_0)
FN:5,(anonymous_1)
FN:8,(anonymous_2)
FNF:3
FNH:1
FNDA:21,(anonymous_0)
FNDA:0,(anonymous_1)
FNDA:0,(anonymous_2)
DA:4,1
DA:5,21
DA:6,0
DA:8,0
DA:9,0
DA:22,0
DA:25,0
LF:7
LH:2
BRDA:16,0,0,0
BRDA:16,0,1,0
BRDA:17,1,0,0
BRDA:17,1,1,0
BRF:4
BRH:0
end_of_record
TN:
SF:src\middleware\auth.ts
FN:23,(anonymous_1)
FN:36,getJwtSecret
FN:58,(anonymous_3)
FN:112,(anonymous_4)
FN:113,(anonymous_5)
FNF:5
FNH:3
FNDA:7,(anonymous_1)
FNDA:2,getJwtSecret
FNDA:7,(anonymous_3)
FNDA:0,(anonymous_4)
FNDA:0,(anonymous_5)
DA:2,1
DA:3,1
DA:23,1
DA:24,7
DA:25,5
DA:29,2
DA:30,2
DA:37,2
DA:40,2
DA:41,0
DA:48,2
DA:49,2
DA:52,2
DA:58,1
DA:59,7
DA:60,7
DA:62,7
DA:63,5
DA:64,5
DA:68,5
DA:71,2
DA:73,2
DA:74,2
DA:75,1
DA:80,1
DA:81,1
DA:83,1
DA:84,0
DA:85,0
DA:89,1
DA:90,1
DA:91,1
DA:96,0
DA:100,0
DA:101,0
DA:102,0
DA:112,1
DA:113,0
DA:114,0
DA:115,0
DA:116,0
DA:120,0
DA:123,0
DA:124,0
DA:128,0
DA:132,0
DA:135,0
DA:140,1
DA:141,1
LF:49
LH:32
BRDA:24,0,0,5
BRDA:30,1,0,2
BRDA:30,1,1,0
BRDA:40,2,0,0
BRDA:48,3,0,2
BRDA:48,4,0,2
BRDA:48,4,1,2
BRDA:62,5,0,5
BRDA:83,6,0,0
BRDA:83,6,1,1
BRDA:89,7,0,1
BRDA:89,7,1,0
BRDA:114,8,0,0
BRDA:123,9,0,0
BRF:14
BRH:8
end_of_record
TN:
SF:src\middleware\errorHandler.ts
FN:16,(anonymous_0)
FN:31,categorizeError
FN:57,(anonymous_2)
FN:137,sanitizeBody
FN:143,(anonymous_4)
FNF:5
FNH:1
FNDA:1,(anonymous_0)
FNDA:0,categorizeError
FNDA:0,(anonymous_2)
FNDA:0,sanitizeBody
FNDA:0,(anonymous_4)
DA:2,1
DA:16,1
DA:17,1
DA:18,1
DA:19,1
DA:20,1
DA:21,1
DA:22,1
DA:23,1
DA:24,1
DA:25,1
DA:32,0
DA:34,0
DA:35,0
DA:36,0
DA:37,0
DA:38,0
DA:39,0
DA:40,0
DA:42,0
DA:43,0
DA:46,0
DA:47,0
DA:50,0
DA:57,1
DA:63,0
DA:64,0
DA:65,0
DA:68,0
DA:77,0
DA:78,0
DA:87,0
DA:101,0
DA:108,0
DA:118,0
DA:127,0
DA:128,0
DA:131,0
DA:138,0
DA:140,0
DA:141,0
DA:143,0
DA:144,0
DA:145,0
DA:149,0
DA:152,1
LF:46
LH:13
BRDA:16,0,0,1
BRDA:16,0,1,1
BRDA:32,1,0,0
BRDA:32,1,1,0
BRDA:34,2,0,0
BRDA:35,3,0,0
BRDA:36,4,0,0
BRDA:37,5,0,0
BRDA:38,6,0,0
BRDA:39,7,0,0
BRDA:40,8,0,0
BRDA:42,9,0,0
BRDA:42,10,0,0
BRDA:42,10,1,0
BRDA:46,11,0,0
BRDA:46,12,0,0
BRDA:46,12,1,0
BRDA:63,13,0,0
BRDA:63,13,1,0
BRDA:65,14,0,0
BRDA:65,14,1,0
BRDA:77,15,0,0
BRDA:77,15,1,0
BRDA:120,16,0,0
BRDA:120,16,1,0
BRDA:121,17,0,0
BRDA:121,17,1,0
BRDA:122,18,0,0
BRDA:122,18,1,0
BRDA:127,19,0,0
BRDA:138,20,0,0
BRDA:144,21,0,0
BRF:32
BRH:2
end_of_record
TN:
SF:src\middleware\multer.ts
FN:29,(anonymous_1)
FN:54,(anonymous_2)
FNF:2
FNH:0
FNDA:0,(anonymous_1)
FNDA:0,(anonymous_2)
DA:1,0
DA:5,0
DA:8,0
DA:26,0
DA:29,0
DA:35,0
DA:36,0
DA:39,0
DA:42,0
DA:54,0
DA:59,0
DA:60,0
DA:66,0
DA:67,0
DA:73,0
DA:76,0
LF:16
LH:0
BRDA:35,0,0,0
BRDA:59,1,0,0
BRDA:66,2,0,0
BRF:3
BRH:0
end_of_record
TN:
SF:src\middleware\rateLimit.ts
FN:4,(anonymous_1)
FNF:1
FNH:1
FNDA:5,(anonymous_1)
DA:1,1
DA:2,1
DA:4,1
DA:8,5
DA:19,1
DA:23,1
DA:27,1
DA:31,1
DA:35,1
DA:41,1
DA:42,1
DA:43,1
DA:44,1
DA:45,1
LF:14
LH:14
BRF:0
BRH:0
end_of_record
TN:
SF:src\middleware\rateLimitse.ts
FN:19,(anonymous_1)
FN:49,(anonymous_2)
FN:52,(anonymous_3)
FN:70,(anonymous_4)
FN:86,(anonymous_5)
FNF:5
FNH:0
FNDA:0,(anonymous_1)
FNDA:0,(anonymous_2)
FNDA:0,(anonymous_3)
FNDA:0,(anonymous_4)
FNDA:0,(anonymous_5)
DA:1,1
DA:13,1
DA:21,0
DA:29,1
DA:42,1
DA:50,0
DA:55,0
DA:64,1
DA:71,0
DA:80,1
DA:86,0
LF:11
LH:6
BRDA:50,0,0,0
BRDA:50,0,1,0
BRDA:50,0,2,0
BRDA:71,1,0,0
BRDA:71,1,1,0
BRDA:71,1,2,0
BRF:6
BRH:0
end_of_record
TN:
SF:src\middleware\upload.ts
FN:4,(anonymous_0)
FNF:1
FNH:0
FNDA:0,(anonymous_0)
DA:4,0
DA:9,0
LF:2
LH:0
BRF:0
BRH:0
end_of_record
TN:
SF:src\middleware\validation.ts
FN:4,(anonymous_0)
FN:14,(anonymous_1)
FNF:2
FNH:2
FNDA:6,(anonymous_0)
FNDA:8,(anonymous_1)
DA:2,1
DA:4,1
DA:9,6
DA:10,6
DA:11,6
DA:14,8
DA:19,6
DA:22,0
LF:8
LH:7
BRDA:10,0,0,6
BRDA:15,1,0,8
BRDA:15,1,1,0
BRF:3
BRH:2
end_of_record
TN:
SF:src\models\Evidence.ts
FN:61,(anonymous_0)
FNF:1
FNH:0
FNDA:0,(anonymous_0)
DA:1,2
DA:28,2
DA:54,2
DA:55,2
DA:56,2
DA:57,2
DA:59,2
DA:62,0
DA:63,0
DA:67,2
LF:10
LH:8
BRF:0
BRH:0
end_of_record
TN:
SF:src\models\LiveStream.ts
FN:25,(anonymous_0)
FNF:1
FNH:0
FNDA:0,(anonymous_0)
DA:1,1
DA:13,1
DA:23,1
DA:26,0
DA:27,0
DA:31,1
LF:6
LH:4
BRF:0
BRH:0
end_of_record
TN:
SF:src\models\Official.ts
FN:25,(anonymous_0)
FNF:1
FNH:0
FNDA:0,(anonymous_0)
DA:1,1
DA:13,1
DA:23,1
DA:26,0
DA:27,0
DA:31,1
LF:6
LH:4
BRF:0
BRH:0
end_of_record
TN:
SF:src\models\Petition.ts
FN:30,(anonymous_0)
FNF:1
FNH:0
FNDA:0,(anonymous_0)
DA:1,1
DA:13,1
DA:24,1
DA:25,1
DA:26,1
DA:28,1
DA:31,0
DA:32,0
DA:36,1
LF:9
LH:7
BRF:0
BRH:0
end_of_record
TN:
SF:src\models\Poll.ts
FN:29,(anonymous_0)
FNF:1
FNH:0
FNDA:0,(anonymous_0)
DA:1,1
DA:16,1
DA:27,1
DA:30,0
DA:31,0
DA:35,1
LF:6
LH:4
BRF:0
BRH:0
end_of_record
TN:
SF:src\models\Project.ts
FN:35,(anonymous_0)
FNF:1
FNH:0
FNDA:0,(anonymous_0)
DA:1,1
DA:15,1
DA:28,1
DA:29,1
DA:30,1
DA:31,1
DA:33,1
DA:36,0
DA:37,0
DA:41,1
LF:10
LH:8
BRF:0
BRH:0
end_of_record
TN:
SF:src\models\Report.ts
FN:43,(anonymous_0)
FNF:1
FNH:0
FNDA:0,(anonymous_0)
DA:1,2
DA:19,2
DA:36,2
DA:37,2
DA:38,2
DA:39,2
DA:41,2
DA:44,0
DA:45,0
DA:49,2
LF:10
LH:8
BRF:0
BRH:0
end_of_record
TN:
SF:src\models\User.ts
FN:23,(anonymous_0)
FNF:1
FNH:0
FNDA:0,(anonymous_0)
DA:1,2
DA:12,2
DA:21,2
DA:24,0
DA:25,0
DA:26,0
DA:30,2
LF:7
LH:4
BRF:0
BRH:0
end_of_record
TN:
SF:src\models\Verification.ts
FN:29,(anonymous_0)
FNF:1
FNH:0
FNDA:0,(anonymous_0)
DA:1,2
DA:15,2
DA:27,2
DA:30,0
DA:31,0
DA:35,2
LF:6
LH:4
BRF:0
BRH:0
end_of_record
TN:
SF:src\routes\admin.routes.ts
FN:23,(anonymous_0)
FN:32,(anonymous_1)
FN:36,(anonymous_2)
FN:45,(anonymous_3)
FN:49,(anonymous_4)
FN:58,(anonymous_5)
FN:62,(anonymous_6)
FN:71,(anonymous_7)
FN:75,(anonymous_8)
FN:83,(anonymous_9)
FNF:10
FNH:0
FNDA:0,(anonymous_0)
FNDA:0,(anonymous_1)
FNDA:0,(anonymous_2)
FNDA:0,(anonymous_3)
FNDA:0,(anonymous_4)
FNDA:0,(anonymous_5)
FNDA:0,(anonymous_6)
FNDA:0,(anonymous_7)
FNDA:0,(anonymous_8)
FNDA:0,(anonymous_9)
DA:1,1
DA:2,1
DA:3,1
DA:4,1
DA:17,1
DA:23,1
DA:24,0
DA:32,1
DA:33,0
DA:36,1
DA:37,0
DA:45,1
DA:46,0
DA:49,1
DA:50,0
DA:58,1
DA:59,0
DA:62,1
DA:63,0
DA:71,1
DA:72,0
DA:75,1
DA:76,0
DA:83,1
DA:84,0
DA:87,1
LF:26
LH:16
BRF:0
BRH:0
end_of_record
TN:
SF:src\routes\ai.routes.ts
FN:11,(anonymous_0)
FNF:1
FNH:0
FNDA:0,(anonymous_0)
DA:1,1
DA:2,1
DA:3,1
DA:4,1
DA:5,1
DA:6,1
DA:7,1
DA:9,1
DA:11,1
DA:12,0
DA:18,0
DA:19,0
DA:25,0
DA:26,0
DA:27,0
DA:32,0
DA:37,0
DA:44,1
LF:18
LH:10
BRDA:18,0,0,0
BRDA:18,1,0,0
BRDA:18,1,1,0
BRDA:26,2,0,0
BRDA:26,2,1,0
BRF:5
BRH:0
end_of_record
TN:
SF:src\routes\analytics.routes.ts
FNF:0
FNH:0
DA:1,1
DA:2,1
DA:3,1
DA:9,1
DA:10,1
DA:12,1
DA:14,1
DA:16,1
DA:18,1
LF:9
LH:9
BRF:0
BRH:0
end_of_record
TN:
SF:src\routes\auth.routes.ts
FN:11,(anonymous_0)
FNF:1
FNH:0
FNDA:0,(anonymous_0)
DA:1,1
DA:2,1
DA:3,1
DA:4,1
DA:5,1
DA:6,1
DA:7,1
DA:9,1
DA:11,1
DA:12,0
DA:15,1
DA:17,1
DA:19,1
DA:21,1
DA:23,1
LF:15
LH:14
BRF:0
BRH:0
end_of_record
TN:
SF:src\routes\evidence.routes.ts
FNF:0
FNH:0
DA:1,1
DA:2,1
DA:3,1
DA:4,1
DA:5,1
DA:6,1
DA:13,1
DA:15,1
DA:17,1
DA:26,1
DA:28,1
DA:35,1
LF:12
LH:12
BRF:0
BRH:0
end_of_record
TN:
SF:src\routes\export.routes.ts
FNF:0
FNH:0
DA:1,1
DA:2,1
DA:3,1
DA:4,1
DA:15,1
DA:18,1
DA:21,1
DA:29,1
DA:34,1
DA:38,1
DA:47,1
DA:52,1
DA:57,1
DA:62,1
DA:66,1
DA:68,1
LF:16
LH:16
BRF:0
BRH:0
end_of_record
TN:
SF:src\routes\health.routes.ts
FN:10,(anonymous_0)
FN:45,(anonymous_1)
FN:63,(anonymous_2)
FN:92,(anonymous_3)
FN:124,(anonymous_4)
FNF:5
FNH:0
FNDA:0,(anonymous_0)
FNDA:0,(anonymous_1)
FNDA:0,(anonymous_2)
FNDA:0,(anonymous_3)
FNDA:0,(anonymous_4)
DA:1,0
DA:2,0
DA:4,0
DA:10,0
DA:11,0
DA:12,0
DA:25,0
DA:26,0
DA:29,0
DA:31,0
DA:33,0
DA:37,0
DA:38,0
DA:39,0
DA:41,0
DA:45,0
DA:46,0
DA:48,0
DA:49,0
DA:51,0
DA:63,0
DA:64,0
DA:66,0
DA:75,0
DA:76,0
DA:78,0
DA:81,0
DA:92,0
DA:93,0
DA:94,0
DA:96,0
DA:117,0
DA:118,0
DA:124,0
DA:125,0
DA:132,0
LF:36
LH:0
BRDA:26,0,0,0
BRDA:26,0,1,0
BRDA:39,1,0,0
BRDA:39,1,1,0
BRDA:46,2,0,0
BRDA:46,2,1,0
BRDA:48,3,0,0
BRDA:48,3,1,0
BRDA:54,4,0,0
BRDA:54,4,1,0
BRDA:75,5,0,0
BRDA:75,5,1,0
BRDA:83,6,0,0
BRDA:83,6,1,0
BRDA:126,7,0,0
BRDA:126,7,1,0
BRF:16
BRH:0
end_of_record
TN:
SF:src\routes\livestream.routes.ts
FN:11,(anonymous_0)
FN:16,(anonymous_1)
FN:33,(anonymous_2)
FN:71,(anonymous_3)
FNF:4
FNH:0
FNDA:0,(anonymous_0)
FNDA:0,(anonymous_1)
FNDA:0,(anonymous_2)
FNDA:0,(anonymous_3)
DA:1,1
DA:2,1
DA:3,1
DA:4,1
DA:5,1
DA:6,1
DA:8,1
DA:11,1
DA:12,0
DA:13,0
DA:14,0
DA:16,0
DA:19,0
DA:27,1
DA:34,0
DA:35,0
DA:42,0
DA:43,0
DA:49,0
DA:57,0
DA:62,0
DA:71,1
DA:72,0
DA:73,0
DA:74,0
DA:75,0
DA:80,0
DA:85,0
DA:92,1
LF:29
LH:11
BRDA:42,0,0,0
BRDA:42,1,0,0
BRDA:42,1,1,0
BRDA:54,2,0,0
BRDA:54,2,1,0
BRDA:74,3,0,0
BRF:6
BRH:0
end_of_record
TN:
SF:src\routes\officials.routes.ts
FNF:0
FNH:0
DA:1,1
DA:2,1
DA:3,1
DA:4,1
DA:5,1
DA:6,1
DA:13,1
DA:15,1
DA:17,1
DA:26,1
DA:28,1
DA:35,1
LF:12
LH:12
BRF:0
BRH:0
end_of_record
TN:
SF:src\routes\petitions.routes.ts
FNF:0
FNH:0
DA:1,1
DA:2,1
DA:3,1
DA:4,1
DA:5,1
DA:6,1
DA:14,1
DA:16,1
DA:18,1
DA:27,1
DA:29,1
DA:38,1
DA:45,1
LF:13
LH:13
BRF:0
BRH:0
end_of_record
TN:
SF:src\routes\polls.routes.ts
FNF:0
FNH:0
DA:1,1
DA:2,1
DA:3,1
DA:4,1
DA:5,1
DA:6,1
DA:14,1
DA:16,1
DA:18,1
DA:27,1
DA:29,1
DA:38,1
DA:46,1
LF:13
LH:13
BRF:0
BRH:0
end_of_record
TN:
SF:src\routes\projects.routes.ts
FNF:0
FNH:0
DA:1,1
DA:2,1
DA:3,1
DA:4,1
DA:5,1
DA:6,1
DA:13,1
DA:15,1
DA:17,1
DA:26,1
DA:28,1
DA:35,1
LF:12
LH:12
BRF:0
BRH:0
end_of_record
TN:
SF:src\routes\reports.routes.ts
FNF:0
FNH:0
DA:1,1
DA:2,1
DA:3,1
DA:4,1
DA:5,1
DA:6,1
DA:7,1
DA:14,1
DA:16,1
DA:18,1
DA:28,1
DA:30,1
DA:37,1
LF:13
LH:13
BRF:0
BRH:0
end_of_record
TN:
SF:src\routes\verify.routes.ts
FNF:0
FNH:0
DA:1,1
DA:2,1
DA:3,1
DA:4,1
DA:5,1
DA:6,1
DA:7,1
DA:14,1
DA:16,1
DA:18,1
DA:28,1
DA:30,1
DA:37,1
LF:13
LH:13
BRF:0
BRH:0
end_of_record
TN:
SF:src\services\aiService.ts
FN:16,(anonymous_0)
FN:124,(anonymous_1)
FN:128,(anonymous_2)
FN:132,(anonymous_3)
FN:136,(anonymous_4)
FN:140,(anonymous_5)
FN:144,(anonymous_6)
FN:148,(anonymous_7)
FN:152,(anonymous_8)
FN:156,(anonymous_9)
FN:160,(anonymous_10)
FN:164,(anonymous_11)
FN:168,(anonymous_12)
FN:172,(anonymous_13)
FN:176,(anonymous_14)
FN:180,(anonymous_15)
FN:184,(anonymous_16)
FN:188,(anonymous_17)
FN:192,(anonymous_18)
FN:196,(anonymous_19)
FN:200,(anonymous_20)
FN:204,(anonymous_21)
FN:208,(anonymous_22)
FN:212,(anonymous_23)
FN:216,(anonymous_24)
FN:220,(anonymous_25)
FN:224,(anonymous_26)
FN:228,(anonymous_27)
FN:232,(anonymous_28)
FN:236,(anonymous_29)
FN:240,(anonymous_30)
FN:245,(anonymous_31)
FN:245,(anonymous_32)
FN:247,(anonymous_33)
FN:284,(anonymous_34)
FN:313,(anonymous_35)
FN:323,(anonymous_36)
FN:325,(anonymous_37)
FN:326,(anonymous_38)
FN:327,(anonymous_39)
FN:331,(anonymous_40)
FN:344,(anonymous_41)
FN:365,(anonymous_42)
FN:405,(anonymous_43)
FNF:44
FNH:0
FNDA:0,(anonymous_0)
FNDA:0,(anonymous_1)
FNDA:0,(anonymous_2)
FNDA:0,(anonymous_3)
FNDA:0,(anonymous_4)
FNDA:0,(anonymous_5)
FNDA:0,(anonymous_6)
FNDA:0,(anonymous_7)
FNDA:0,(anonymous_8)
FNDA:0,(anonymous_9)
FNDA:0,(anonymous_10)
FNDA:0,(anonymous_11)
FNDA:0,(anonymous_12)
FNDA:0,(anonymous_13)
FNDA:0,(anonymous_14)
FNDA:0,(anonymous_15)
FNDA:0,(anonymous_16)
FNDA:0,(anonymous_17)
FNDA:0,(anonymous_18)
FNDA:0,(anonymous_19)
FNDA:0,(anonymous_20)
FNDA:0,(anonymous_21)
FNDA:0,(anonymous_22)
FNDA:0,(anonymous_23)
FNDA:0,(anonymous_24)
FNDA:0,(anonymous_25)
FNDA:0,(anonymous_26)
FNDA:0,(anonymous_27)
FNDA:0,(anonymous_28)
FNDA:0,(anonymous_29)
FNDA:0,(anonymous_30)
FNDA:0,(anonymous_31)
FNDA:0,(anonymous_32)
FNDA:0,(anonymous_33)
FNDA:0,(anonymous_34)
FNDA:0,(anonymous_35)
FNDA:0,(anonymous_36)
FNDA:0,(anonymous_37)
FNDA:0,(anonymous_38)
FNDA:0,(anonymous_39)
FNDA:0,(anonymous_40)
FNDA:0,(anonymous_41)
FNDA:0,(anonymous_42)
FNDA:0,(anonymous_43)
DA:1,1
DA:2,1
DA:3,1
DA:4,1
DA:5,1
DA:14,1
DA:16,1
DA:17,0
DA:18,0
DA:19,0
DA:22,0
DA:60,1
DA:62,1
DA:100,1
DA:122,1
DA:125,0
DA:129,0
DA:133,0
DA:137,0
DA:141,0
DA:145,0
DA:149,0
DA:153,0
DA:157,0
DA:161,0
DA:165,0
DA:169,0
DA:173,0
DA:177,0
DA:181,0
DA:185,0
DA:189,0
DA:193,0
DA:197,0
DA:201,0
DA:205,0
DA:209,0
DA:213,0
DA:217,0
DA:221,0
DA:225,0
DA:229,0
DA:233,0
DA:237,0
DA:241,0
DA:245,1
DA:247,1
DA:248,0
DA:249,0
DA:251,0
DA:252,0
DA:257,0
DA:258,0
DA:263,0
DA:264,0
DA:269,0
DA:270,0
DA:275,0
DA:276,0
DA:281,0
DA:284,1
DA:285,0
DA:296,0
DA:313,1
DA:314,0
DA:323,1
DA:324,0
DA:325,0
DA:326,0
DA:327,0
DA:331,1
DA:337,0
DA:338,0
DA:339,0
DA:342,0
DA:343,0
DA:344,0
DA:346,0
DA:365,0
DA:375,0
DA:376,0
DA:391,0
DA:392,0
DA:395,0
DA:396,0
DA:397,0
DA:399,0
DA:401,0
DA:405,1
DA:410,0
DA:411,0
DA:412,0
DA:413,0
DA:414,0
DA:416,0
LF:95
LH:18
BRDA:18,0,0,0
BRDA:22,1,0,0
BRDA:22,1,1,0
BRDA:251,2,0,0
BRDA:252,3,0,0
BRDA:252,3,1,0
BRDA:257,4,0,0
BRDA:258,5,0,0
BRDA:258,5,1,0
BRDA:263,6,0,0
BRDA:264,7,0,0
BRDA:264,7,1,0
BRDA:269,8,0,0
BRDA:270,9,0,0
BRDA:270,9,1,0
BRDA:275,10,0,0
BRDA:276,11,0,0
BRDA:276,11,1,0
BRDA:304,12,0,0
BRDA:304,12,1,0
BRDA:305,13,0,0
BRDA:305,13,1,0
BRDA:306,14,0,0
BRDA:306,14,1,0
BRDA:307,15,0,0
BRDA:307,15,1,0
BRDA:308,16,0,0
BRDA:308,16,1,0
BRDA:309,17,0,0
BRDA:309,17,1,0
BRDA:325,18,0,0
BRDA:325,18,1,0
BRDA:325,18,2,0
BRDA:325,18,3,0
BRDA:338,19,0,0
BRDA:342,20,0,0
BRDA:342,20,1,0
BRDA:391,21,0,0
BRDA:397,22,0,0
BRDA:397,22,1,0
BRDA:407,23,0,0
BRDA:408,24,0,0
BRDA:417,25,0,0
BRDA:417,25,1,0
BRDA:420,26,0,0
BRDA:420,26,1,0
BRF:46
BRH:0
end_of_record
TN:
SF:src\services\cacheService.ts
FN:17,(anonymous_0)
FN:18,(anonymous_1)
FN:26,getCached
FN:42,setCached
FN:69,getOrCompute
FN:103,invalidateCache
FN:120,createListCacheKey
FN:127,(anonymous_7)
FN:128,(anonymous_8)
FN:138,getBatchCached
FN:139,(anonymous_10)
FN:145,setBatchCached
FN:150,(anonymous_12)
FNF:13
FNH:0
FNDA:0,(anonymous_0)
FNDA:0,(anonymous_1)
FNDA:0,getCached
FNDA:0,setCached
FNDA:0,getOrCompute
FNDA:0,invalidateCache
FNDA:0,createListCacheKey
FNDA:0,(anonymous_7)
FNDA:0,(anonymous_8)
FNDA:0,getBatchCached
FNDA:0,(anonymous_10)
FNDA:0,setBatchCached
FNDA:0,(anonymous_12)
DA:1,1
DA:6,1
DA:17,1
DA:18,0
DA:26,1
DA:27,0
DA:28,0
DA:29,0
DA:31,0
DA:32,0
DA:42,1
DA:43,0
DA:44,0
DA:46,0
DA:47,0
DA:69,1
DA:74,0
DA:76,0
DA:77,0
DA:78,0
DA:82,0
DA:85,0
DA:87,0
DA:89,0
DA:91,0
DA:103,1
DA:104,0
DA:105,0
DA:107,0
DA:108,0
DA:120,1
DA:126,0
DA:127,0
DA:128,0
DA:131,0
DA:138,1
DA:139,0
DA:145,1
DA:149,0
DA:150,0
LF:40
LH:10
BRDA:18,0,0,0
BRDA:18,0,1,0
BRDA:29,1,0,0
BRDA:29,1,1,0
BRDA:42,2,0,0
BRDA:72,3,0,0
BRDA:77,4,0,0
BRDA:127,5,0,0
BRDA:127,5,1,0
BRDA:147,6,0,0
BRDA:150,7,0,0
BRDA:150,7,1,0
BRF:12
BRH:0
end_of_record
TN:
SF:src\services\csvExportService.ts
FN:13,generateReportsCSV
FN:33,(anonymous_1)
FN:59,generateEvidenceCSV
FN:79,(anonymous_3)
FN:105,generateVerificationsCSV
FN:124,(anonymous_5)
FN:149,generateAnalyticsCSV
FN:184,(anonymous_7)
FN:192,(anonymous_8)
FN:201,(anonymous_9)
FN:216,generateComprehensiveCSV
FNF:11
FNH:0
FNDA:0,generateReportsCSV
FNDA:0,(anonymous_1)
FNDA:0,generateEvidenceCSV
FNDA:0,(anonymous_3)
FNDA:0,generateVerificationsCSV
FNDA:0,(anonymous_5)
FNDA:0,generateAnalyticsCSV
FNDA:0,(anonymous_7)
FNDA:0,(anonymous_8)
FNDA:0,(anonymous_9)
FNDA:0,generateComprehensiveCSV
DA:1,1
DA:13,1
DA:17,0
DA:19,0
DA:33,0
DA:47,0
DA:48,0
DA:49,0
DA:51,0
DA:52,0
DA:59,1
DA:63,0
DA:65,0
DA:79,0
DA:93,0
DA:94,0
DA:95,0
DA:97,0
DA:98,0
DA:105,1
DA:109,0
DA:111,0
DA:124,0
DA:137,0
DA:138,0
DA:139,0
DA:141,0
DA:142,0
DA:149,1
DA:170,0
DA:172,0
DA:174,0
DA:175,0
DA:176,0
DA:177,0
DA:178,0
DA:179,0
DA:182,0
DA:183,0
DA:184,0
DA:185,0
DA:187,0
DA:190,0
DA:191,0
DA:192,0
DA:193,0
DA:195,0
DA:198,0
DA:199,0
DA:200,0
DA:201,0
DA:202,0
DA:206,0
DA:208,0
DA:209,0
DA:216,1
DA:224,0
DA:226,0
DA:227,0
DA:230,0
DA:231,0
DA:232,0
DA:235,0
DA:236,0
DA:237,0
DA:240,0
DA:241,0
DA:243,0
DA:245,0
DA:246,0
LF:70
LH:6
BRDA:15,0,0,0
BRDA:17,1,0,0
BRDA:17,2,0,0
BRDA:35,3,0,0
BRDA:35,3,1,0
BRDA:36,4,0,0
BRDA:36,4,1,0
BRDA:37,5,0,0
BRDA:37,5,1,0
BRDA:38,6,0,0
BRDA:38,6,1,0
BRDA:39,7,0,0
BRDA:39,7,1,0
BRDA:40,8,0,0
BRDA:40,8,1,0
BRDA:41,9,0,0
BRDA:41,9,1,0
BRDA:42,10,0,0
BRDA:42,10,1,0
BRDA:43,11,0,0
BRDA:43,11,1,0
BRDA:44,12,0,0
BRDA:44,12,1,0
BRDA:61,13,0,0
BRDA:63,14,0,0
BRDA:81,15,0,0
BRDA:81,15,1,0
BRDA:82,16,0,0
BRDA:82,16,1,0
BRDA:83,17,0,0
BRDA:83,17,1,0
BRDA:84,18,0,0
BRDA:84,18,1,0
BRDA:85,19,0,0
BRDA:85,19,1,0
BRDA:86,20,0,0
BRDA:86,20,1,0
BRDA:87,21,0,0
BRDA:87,21,1,0
BRDA:88,22,0,0
BRDA:88,22,1,0
BRDA:89,23,0,0
BRDA:89,23,1,0
BRDA:90,24,0,0
BRDA:90,24,1,0
BRDA:107,25,0,0
BRDA:109,26,0,0
BRDA:126,27,0,0
BRDA:126,27,1,0
BRDA:127,28,0,0
BRDA:127,28,1,0
BRDA:128,29,0,0
BRDA:128,29,1,0
BRDA:129,30,0,0
BRDA:129,30,1,0
BRDA:130,31,0,0
BRDA:130,31,1,0
BRDA:131,32,0,0
BRDA:131,32,1,0
BRDA:132,33,0,0
BRDA:132,33,1,0
BRDA:133,34,0,0
BRDA:133,34,1,0
BRDA:134,35,0,0
BRDA:134,35,1,0
BRDA:168,36,0,0
BRDA:170,37,0,0
BRDA:198,38,0,0
BRDA:222,39,0,0
BRDA:224,40,0,0
BRF:70
BRH:0
end_of_record
TN:
SF:src\services\elderlyCareService.ts
FN:2,(anonymous_0)
FNF:1
FNH:0
FNDA:0,(anonymous_0)
DA:2,0
DA:3,0
LF:2
LH:0
BRF:0
BRH:0
end_of_record
TN:
SF:src\services\emailService.ts
FN:7,(anonymous_1)
FN:19,(anonymous_2)
FN:47,(anonymous_3)
FN:99,(anonymous_4)
FN:106,(anonymous_5)
FN:131,(anonymous_6)
FN:156,(anonymous_7)
FN:186,(anonymous_8)
FN:215,(anonymous_9)
FN:239,validateEmail
FN:247,escapeHtml
FN:255,(anonymous_12)
FN:261,stripHtmlTags
FNF:13
FNH:0
FNDA:0,(anonymous_1)
FNDA:0,(anonymous_2)
FNDA:0,(anonymous_3)
FNDA:0,(anonymous_4)
FNDA:0,(anonymous_5)
FNDA:0,(anonymous_6)
FNDA:0,(anonymous_7)
FNDA:0,(anonymous_8)
FNDA:0,(anonymous_9)
FNDA:0,validateEmail
FNDA:0,escapeHtml
FNDA:0,(anonymous_12)
FNDA:0,stripHtmlTags
DA:1,0
DA:2,0
DA:7,0
DA:8,0
DA:9,0
DA:10,0
DA:11,0
DA:13,0
DA:19,0
DA:20,0
DA:21,0
DA:22,0
DA:23,0
DA:24,0
DA:25,0
DA:47,0
DA:48,0
DA:50,0
DA:52,0
DA:53,0
DA:56,0
DA:58,0
DA:67,0
DA:68,0
DA:69,0
DA:72,0
DA:73,0
DA:74,0
DA:75,0
DA:78,0
DA:83,0
DA:84,0
DA:87,0
DA:88,0
DA:92,0
DA:99,0
DA:100,0
DA:106,0
DA:111,0
DA:120,0
DA:131,0
DA:136,0
DA:145,0
DA:156,0
DA:162,0
DA:164,0
DA:175,0
DA:186,0
DA:193,0
DA:204,0
DA:215,0
DA:220,0
DA:228,0
DA:240,0
DA:241,0
DA:248,0
DA:255,0
DA:262,0
DA:266,0
LF:59
LH:0
BRDA:9,0,0,0
BRDA:19,1,0,0
BRDA:19,1,1,0
BRDA:52,2,0,0
BRDA:56,3,0,0
BRDA:56,3,1,0
BRDA:63,4,0,0
BRDA:63,4,1,0
BRDA:67,5,0,0
BRDA:67,6,0,0
BRDA:67,6,1,0
BRDA:68,7,0,0
BRDA:68,8,0,0
BRDA:68,8,1,0
BRDA:69,9,0,0
BRDA:72,10,0,0
BRDA:72,10,1,0
BRDA:162,11,0,0
BRDA:162,11,1,0
BRDA:218,12,0,0
BRF:20
BRH:0
end_of_record
TN:
SF:src\services\livestreamService.ts
FN:2,(anonymous_0)
FN:6,(anonymous_1)
FNF:2
FNH:0
FNDA:0,(anonymous_0)
FNDA:0,(anonymous_1)
DA:2,0
DA:3,0
DA:6,0
DA:7,0
LF:4
LH:0
BRF:0
BRH:0
end_of_record
TN:
SF:src\services\paginationService.ts
FN:40,paginate
FN:91,parsePaginationParams
FN:122,buildFilterQuery
FN:125,(anonymous_3)
FNF:4
FNH:0
FNDA:0,paginate
FNDA:0,parsePaginationParams
FNDA:0,buildFilterQuery
FNDA:0,(anonymous_3)
DA:6,0
DA:40,0
DA:47,0
DA:49,0
DA:55,0
DA:58,0
DA:61,0
DA:66,0
DA:67,0
DA:69,0
DA:78,0
DA:79,0
DA:91,0
DA:95,0
DA:96,0
DA:98,0
DA:99,0
DA:100,0
DA:101,0
DA:105,0
DA:106,0
DA:107,0
DA:108,0
DA:112,0
DA:122,0
DA:123,0
DA:125,0
DA:126,0
DA:127,0
DA:131,0
DA:132,0
DA:133,0
DA:135,0
DA:136,0
DA:138,0
DA:140,0
DA:142,0
DA:143,0
DA:145,0
DA:149,0
LF:40
LH:0
BRDA:42,0,0,0
BRDA:43,1,0,0
BRDA:44,2,0,0
BRDA:45,3,0,0
BRDA:98,4,0,0
BRDA:100,5,0,0
BRDA:105,6,0,0
BRDA:107,7,0,0
BRDA:126,8,0,0
BRDA:126,9,0,0
BRDA:126,9,1,0
BRDA:126,9,2,0
BRDA:131,10,0,0
BRDA:131,10,1,0
BRDA:131,11,0,0
BRDA:131,11,1,0
BRDA:132,12,0,0
BRDA:135,13,0,0
BRDA:135,13,1,0
BRDA:140,14,0,0
BRDA:140,14,1,0
BRDA:140,15,0,0
BRDA:140,15,1,0
BRDA:143,16,0,0
BRDA:143,17,0,0
BRDA:143,17,1,0
BRF:26
BRH:0
end_of_record
TN:
SF:src\services\pdfExportService.ts
FN:22,generateReportPDF
FN:26,(anonymous_2)
FN:74,(anonymous_3)
FN:93,(anonymous_4)
FN:126,generateBulkReportsPDF
FN:130,(anonymous_6)
FN:160,(anonymous_7)
FN:179,generateAnalyticsPDF
FN:191,(anonymous_9)
FN:225,(anonymous_10)
FN:237,(anonymous_11)
FN:249,(anonymous_12)
FNF:12
FNH:0
FNDA:0,generateReportPDF
FNDA:0,(anonymous_2)
FNDA:0,(anonymous_3)
FNDA:0,(anonymous_4)
FNDA:0,generateBulkReportsPDF
FNDA:0,(anonymous_6)
FNDA:0,(anonymous_7)
FNDA:0,generateAnalyticsPDF
FNDA:0,(anonymous_9)
FNDA:0,(anonymous_10)
FNDA:0,(anonymous_11)
FNDA:0,(anonymous_12)
DA:1,1
DA:22,1
DA:26,0
DA:27,0
DA:34,0
DA:36,0
DA:43,0
DA:44,0
DA:45,0
DA:46,0
DA:49,0
DA:53,0
DA:54,0
DA:56,0
DA:57,0
DA:58,0
DA:59,0
DA:60,0
DA:61,0
DA:63,0
DA:64,0
DA:67,0
DA:70,0
DA:71,0
DA:72,0
DA:74,0
DA:75,0
DA:76,0
DA:77,0
DA:78,0
DA:80,0
DA:81,0
DA:85,0
DA:89,0
DA:90,0
DA:91,0
DA:93,0
DA:94,0
DA:95,0
DA:96,0
DA:98,0
DA:99,0
DA:103,0
DA:107,0
DA:108,0
DA:109,0
DA:110,0
DA:115,0
DA:116,0
DA:118,0
DA:126,1
DA:130,0
DA:131,0
DA:132,0
DA:138,0
DA:141,0
DA:142,0
DA:145,0
DA:148,0
DA:151,0
DA:152,0
DA:153,0
DA:154,0
DA:155,0
DA:156,0
DA:159,0
DA:160,0
DA:161,0
DA:162,0
DA:163,0
DA:164,0
DA:165,0
DA:168,0
DA:169,0
DA:171,0
DA:179,1
DA:191,0
DA:192,0
DA:193,0
DA:199,0
DA:202,0
DA:203,0
DA:206,0
DA:209,0
DA:210,0
DA:211,0
DA:213,0
DA:214,0
DA:215,0
DA:216,0
DA:218,0
DA:221,0
DA:222,0
DA:223,0
DA:225,0
DA:226,0
DA:229,0
DA:233,0
DA:234,0
DA:235,0
DA:237,0
DA:238,0
DA:241,0
DA:245,0
DA:246,0
DA:247,0
DA:249,0
DA:250,0
DA:254,0
DA:255,0
DA:257,0
LF:111
LH:4
BRDA:24,0,0,0
BRDA:29,1,0,0
BRDA:30,2,0,0
BRDA:31,3,0,0
BRDA:32,4,0,0
BRDA:33,5,0,0
BRDA:43,6,0,0
BRDA:57,7,0,0
BRDA:57,7,1,0
BRDA:58,8,0,0
BRDA:58,8,1,0
BRDA:59,9,0,0
BRDA:59,9,1,0
BRDA:60,10,0,0
BRDA:60,10,1,0
BRDA:61,11,0,0
BRDA:61,11,1,0
BRDA:63,12,0,0
BRDA:70,13,0,0
BRDA:70,14,0,0
BRDA:70,14,1,0
BRDA:76,15,0,0
BRDA:76,15,1,0
BRDA:77,16,0,0
BRDA:77,16,1,0
BRDA:78,17,0,0
BRDA:78,17,1,0
BRDA:80,18,0,0
BRDA:89,19,0,0
BRDA:89,20,0,0
BRDA:89,20,1,0
BRDA:95,21,0,0
BRDA:95,21,1,0
BRDA:96,22,0,0
BRDA:96,22,1,0
BRDA:98,23,0,0
BRDA:128,24,0,0
BRDA:133,25,0,0
BRDA:133,25,1,0
BRDA:162,26,0,0
BRDA:162,26,1,0
BRDA:163,27,0,0
BRDA:163,27,1,0
BRDA:164,28,0,0
BRDA:164,28,1,0
BRDA:189,29,0,0
BRDA:194,30,0,0
BRDA:194,30,1,0
BRDA:221,31,0,0
BRDA:233,32,0,0
BRDA:245,33,0,0
BRF:51
BRH:0
end_of_record
TN:
SF:src\services\s3Service.ts
FN:34,(anonymous_1)
FN:42,(anonymous_2)
FN:68,(anonymous_3)
FN:69,(anonymous_4)
FN:92,(anonymous_5)
FN:117,(anonymous_6)
FN:118,(anonymous_7)
FN:142,(anonymous_8)
FN:153,(anonymous_9)
FN:154,(anonymous_10)
FN:171,(anonymous_11)
FN:178,(anonymous_12)
FN:179,(anonymous_13)
FN:198,(anonymous_14)
FN:205,(anonymous_15)
FN:206,(anonymous_16)
FN:225,(anonymous_17)
FN:236,(anonymous_18)
FN:237,(anonymous_19)
FN:259,(anonymous_20)
FN:271,(anonymous_21)
FN:272,(anonymous_22)
FN:278,(anonymous_23)
FN:296,(anonymous_24)
FN:304,(anonymous_25)
FNF:25
FNH:1
FNDA:1,(anonymous_1)
FNDA:0,(anonymous_2)
FNDA:0,(anonymous_3)
FNDA:0,(anonymous_4)
FNDA:0,(anonymous_5)
FNDA:0,(anonymous_6)
FNDA:0,(anonymous_7)
FNDA:0,(anonymous_8)
FNDA:0,(anonymous_9)
FNDA:0,(anonymous_10)
FNDA:0,(anonymous_11)
FNDA:0,(anonymous_12)
FNDA:0,(anonymous_13)
FNDA:0,(anonymous_14)
FNDA:0,(anonymous_15)
FNDA:0,(anonymous_16)
FNDA:0,(anonymous_17)
FNDA:0,(anonymous_18)
FNDA:0,(anonymous_19)
FNDA:0,(anonymous_20)
FNDA:0,(anonymous_21)
FNDA:0,(anonymous_22)
FNDA:0,(anonymous_23)
FNDA:0,(anonymous_24)
FNDA:0,(anonymous_25)
DA:1,1
DA:2,1
DA:3,1
DA:5,1
DA:34,1
DA:35,1
DA:36,1
DA:50,0
DA:51,0
DA:52,0
DA:53,0
DA:56,0
DA:59,0
DA:68,0
DA:69,0
DA:70,0
DA:71,0
DA:72,0
DA:75,0
DA:83,0
DA:84,0
DA:97,0
DA:98,0
DA:99,0
DA:100,0
DA:103,0
DA:105,0
DA:117,0
DA:118,0
DA:119,0
DA:120,0
DA:121,0
DA:124,0
DA:125,0
DA:134,0
DA:135,0
DA:146,0
DA:147,0
DA:153,0
DA:154,0
DA:155,0
DA:156,0
DA:157,0
DA:159,0
DA:163,0
DA:164,0
DA:172,0
DA:173,0
DA:178,0
DA:179,0
DA:180,0
DA:181,0
DA:182,0
DA:185,0
DA:186,0
DA:190,0
DA:191,0
DA:199,0
DA:200,0
DA:205,0
DA:206,0
DA:207,0
DA:208,0
DA:209,0
DA:211,0
DA:213,0
DA:217,0
DA:218,0
DA:230,0
DA:231,0
DA:236,0
DA:237,0
DA:238,0
DA:239,0
DA:240,0
DA:243,0
DA:251,0
DA:252,0
DA:264,0
DA:265,0
DA:271,0
DA:272,0
DA:273,0
DA:274,0
DA:275,0
DA:278,0
DA:284,0
DA:288,0
DA:289,0
DA:301,0
DA:304,0
DA:309,1
DA:310,1
LF:93
LH:9
BRDA:8,0,0,1
BRDA:8,0,1,0
BRDA:35,1,0,1
BRDA:35,1,1,0
BRDA:36,2,0,1
BRDA:36,2,1,0
BRDA:44,3,0,0
BRDA:51,4,0,0
BRDA:51,4,1,0
BRDA:63,5,0,0
BRDA:63,5,1,0
BRDA:65,6,0,0
BRDA:65,6,1,0
BRDA:70,7,0,0
BRDA:95,8,0,0
BRDA:98,9,0,0
BRDA:98,9,1,0
BRDA:99,10,0,0
BRDA:99,10,1,0
BRDA:109,11,0,0
BRDA:109,11,1,0
BRDA:110,12,0,0
BRDA:110,12,1,0
BRDA:119,13,0,0
BRDA:144,14,0,0
BRDA:155,15,0,0
BRDA:180,16,0,0
BRDA:207,17,0,0
BRDA:208,18,0,0
BRDA:238,19,0,0
BRDA:244,20,0,0
BRDA:244,20,1,0
BRDA:245,21,0,0
BRDA:245,21,1,0
BRDA:246,22,0,0
BRDA:246,22,1,0
BRDA:259,23,0,0
BRDA:273,24,0,0
BRDA:278,25,0,0
BRDA:278,25,1,0
BRDA:279,26,0,0
BRDA:279,26,1,0
BRDA:280,27,0,0
BRDA:280,27,1,0
BRDA:281,28,0,0
BRDA:281,28,1,0
BRF:46
BRH:3
end_of_record
TN:
SF:src\services\translationService.ts
FN:2,(anonymous_0)
FNF:1
FNH:0
FNDA:0,(anonymous_0)
DA:2,0
DA:3,0
LF:2
LH:0
BRF:0
BRH:0
end_of_record
TN:
SF:src\services\virusScanService.ts
FN:20,(anonymous_1)
FN:39,(anonymous_2)
FN:71,(anonymous_3)
FN:104,(anonymous_4)
FN:148,(anonymous_5)
FN:149,(anonymous_6)
FN:180,(anonymous_7)
FN:221,(anonymous_8)
FN:228,(anonymous_9)
FNF:9
FNH:1
FNDA:1,(anonymous_1)
FNDA:0,(anonymous_2)
FNDA:0,(anonymous_3)
FNDA:0,(anonymous_4)
FNDA:0,(anonymous_5)
FNDA:0,(anonymous_6)
FNDA:0,(anonymous_7)
FNDA:0,(anonymous_8)
FNDA:0,(anonymous_9)
DA:1,1
DA:15,1
DA:16,1
DA:21,1
DA:22,1
DA:25,1
DA:26,0
DA:27,1
DA:28,0
DA:30,1
DA:33,1
DA:40,0
DA:42,0
DA:43,0
DA:45,0
DA:48,0
DA:52,0
DA:55,0
DA:57,0
DA:58,0
DA:76,0
DA:79,0
DA:82,0
DA:83,0
DA:84,0
DA:92,0
DA:108,0
DA:109,0
DA:112,0
DA:113,0
DA:115,0
DA:117,0
DA:118,0
DA:119,0
DA:121,0
DA:127,0
DA:128,0
DA:131,0
DA:140,0
DA:141,0
DA:143,0
DA:144,0
DA:146,0
DA:147,0
DA:148,0
DA:149,0
DA:152,0
DA:160,0
DA:161,0
DA:164,0
DA:171,0
DA:172,0
DA:184,0
DA:185,0
DA:187,0
DA:189,0
DA:197,0
DA:198,0
DA:206,0
DA:213,0
DA:214,0
DA:222,0
DA:229,0
DA:230,0
DA:233,0
DA:234,0
DA:237,0
DA:238,0
DA:239,0
DA:240,0
DA:242,0
DA:243,0
DA:247,0
DA:251,1
DA:252,1
LF:75
LH:11
BRDA:22,0,0,1
BRDA:22,0,1,1
BRDA:25,1,0,0
BRDA:25,1,1,1
BRDA:27,2,0,0
BRDA:27,2,1,1
BRDA:43,3,0,0
BRDA:43,3,1,0
BRDA:43,3,2,0
BRDA:43,3,3,0
BRDA:83,4,0,0
BRDA:108,5,0,0
BRDA:141,6,0,0
BRDA:141,6,1,0
BRDA:143,7,0,0
BRDA:143,7,1,0
BRDA:144,8,0,0
BRDA:144,8,1,0
BRDA:146,9,0,0
BRDA:160,10,0,0
BRDA:197,11,0,0
BRDA:200,12,0,0
BRDA:200,12,1,0
BRDA:229,13,0,0
BRDA:233,14,0,0
BRDA:237,15,0,0
BRF:26
BRH:4
end_of_record
TN:
SF:src\socket\liveStream.ts
FN:4,(anonymous_0)
FN:5,(anonymous_1)
FN:9,(anonymous_2)
FNF:3
FNH:0
FNDA:0,(anonymous_0)
FNDA:0,(anonymous_1)
FNDA:0,(anonymous_2)
DA:4,0
DA:5,0
DA:6,0
DA:9,0
DA:10,0
LF:5
LH:0
BRF:0
BRH:0
end_of_record
TN:
SF:src\socket\socketEvents.ts
FN:89,(anonymous_0)
FN:97,(anonymous_1)
FN:105,(anonymous_2)
FN:113,(anonymous_3)
FN:121,(anonymous_4)
FN:129,(anonymous_5)
FN:137,(anonymous_6)
FN:145,(anonymous_7)
FN:157,(anonymous_8)
FN:169,(anonymous_9)
FN:177,(anonymous_10)
FN:185,(anonymous_11)
FNF:12
FNH:1
FNDA:0,(anonymous_0)
FNDA:0,(anonymous_1)
FNDA:0,(anonymous_2)
FNDA:0,(anonymous_3)
FNDA:0,(anonymous_4)
FNDA:0,(anonymous_5)
FNDA:0,(anonymous_6)
FNDA:0,(anonymous_7)
FNDA:0,(anonymous_8)
FNDA:0,(anonymous_9)
FNDA:0,(anonymous_10)
FNDA:6,(anonymous_11)
DA:86,2
DA:90,0
DA:98,0
DA:106,0
DA:114,0
DA:122,0
DA:130,0
DA:138,0
DA:147,0
DA:149,0
DA:158,0
DA:159,0
DA:161,0
DA:170,0
DA:178,0
DA:185,2
DA:186,6
DA:187,6
DA:189,0
LF:19
LH:4
BRDA:158,0,0,0
BRDA:158,0,1,0
BRDA:169,1,0,0
BRDA:186,2,0,6
BRF:4
BRH:1
end_of_record
TN:
SF:src\socket\socketHandlers.ts
FN:16,(anonymous_1)
FN:32,(anonymous_2)
FN:62,(anonymous_3)
FN:63,(anonymous_4)
FN:68,(anonymous_5)
FN:76,(anonymous_6)
FN:82,(anonymous_7)
FN:88,(anonymous_8)
FN:95,(anonymous_9)
FNF:9
FNH:0
FNDA:0,(anonymous_1)
FNDA:0,(anonymous_2)
FNDA:0,(anonymous_3)
FNDA:0,(anonymous_4)
FNDA:0,(anonymous_5)
FNDA:0,(anonymous_6)
FNDA:0,(anonymous_7)
FNDA:0,(anonymous_8)
FNDA:0,(anonymous_9)
DA:2,0
DA:3,0
DA:4,0
DA:16,0
DA:17,0
DA:18,0
DA:19,0
DA:22,0
DA:25,0
DA:26,0
DA:29,0
DA:32,0
DA:33,0
DA:34,0
DA:35,0
DA:38,0
DA:39,0
DA:40,0
DA:41,0
DA:42,0
DA:45,0
DA:52,0
DA:53,0
DA:55,0
DA:57,0
DA:58,0
DA:62,0
DA:63,0
DA:64,0
DA:65,0
DA:68,0
DA:69,0
DA:74,0
DA:76,0
DA:77,0
DA:78,0
DA:82,0
DA:83,0
DA:84,0
DA:88,0
DA:94,0
DA:95,0
DA:97,0
LF:43
LH:0
BRDA:17,0,0,0
BRDA:17,0,1,0
BRDA:18,1,0,0
BRDA:22,2,0,0
BRDA:22,2,1,0
BRDA:25,3,0,0
BRDA:25,4,0,0
BRDA:25,4,1,0
BRDA:34,5,0,0
BRDA:39,6,0,0
BRDA:39,6,1,0
BRDA:41,7,0,0
BRDA:52,8,0,0
BRDA:52,9,0,0
BRDA:52,9,1,0
BRDA:71,10,0,0
BRDA:71,10,1,0
BRDA:77,11,0,0
BRDA:83,12,0,0
BRF:19
BRH:0
end_of_record
TN:
SF:src\socket\uploadEvents.ts
FN:21,(anonymous_0)
FN:28,(anonymous_1)
FN:40,(anonymous_2)
FN:56,(anonymous_3)
FN:74,(anonymous_4)
FN:91,(anonymous_5)
FN:106,(anonymous_6)
FN:124,(anonymous_7)
FN:142,(anonymous_8)
FN:156,(anonymous_9)
FNF:10
FNH:0
FNDA:0,(anonymous_0)
FNDA:0,(anonymous_1)
FNDA:0,(anonymous_2)
FNDA:0,(anonymous_3)
FNDA:0,(anonymous_4)
FNDA:0,(anonymous_5)
FNDA:0,(anonymous_6)
FNDA:0,(anonymous_7)
FNDA:0,(anonymous_8)
FNDA:0,(anonymous_9)
DA:18,1
DA:22,0
DA:29,0
DA:30,0
DA:31,0
DA:33,0
DA:45,0
DA:46,0
DA:47,0
DA:49,0
DA:63,0
DA:64,0
DA:65,0
DA:67,0
DA:80,0
DA:81,0
DA:82,0
DA:84,0
DA:95,0
DA:96,0
DA:97,0
DA:99,0
DA:113,0
DA:114,0
DA:115,0
DA:117,0
DA:131,0
DA:132,0
DA:133,0
DA:135,0
DA:147,0
DA:148,0
DA:149,0
DA:151,0
DA:156,1
DA:157,1
LF:36
LH:3
BRDA:115,0,0,0
BRDA:115,0,1,0
BRF:2
BRH:0
end_of_record
TN:
SF:src\utils\helpers.ts
FN:9,(anonymous_0)
FN:19,(anonymous_1)
FN:28,(anonymous_2)
FN:38,(anonymous_3)
FN:47,(anonymous_4)
FN:61,(anonymous_5)
FN:77,(anonymous_6)
FN:94,(anonymous_7)
FN:103,(anonymous_8)
FN:118,(anonymous_9)
FNF:10
FNH:0
FNDA:0,(anonymous_0)
FNDA:0,(anonymous_1)
FNDA:0,(anonymous_2)
FNDA:0,(anonymous_3)
FNDA:0,(anonymous_4)
FNDA:0,(anonymous_5)
FNDA:0,(anonymous_6)
FNDA:0,(anonymous_7)
FNDA:0,(anonymous_8)
FNDA:0,(anonymous_9)
DA:1,0
DA:2,0
DA:9,0
DA:10,0
DA:19,0
DA:20,0
DA:28,0
DA:29,0
DA:30,0
DA:31,0
DA:38,0
DA:39,0
DA:47,0
DA:48,0
DA:49,0
DA:61,0
DA:62,0
DA:63,0
DA:77,0
DA:78,0
DA:79,0
DA:81,0
DA:82,0
DA:83,0
DA:84,0
DA:86,0
DA:94,0
DA:95,0
DA:103,0
DA:104,0
DA:118,0
DA:119,0
DA:120,0
LF:33
LH:0
BRDA:19,0,0,0
BRDA:48,1,0,0
BRDA:48,1,1,0
BRDA:62,2,0,0
BRDA:62,2,1,0
BRDA:78,3,0,0
BRDA:78,3,1,0
BRDA:81,4,0,0
BRDA:82,5,0,0
BRDA:83,6,0,0
BRDA:84,7,0,0
BRDA:118,8,0,0
BRDA:119,9,0,0
BRF:13
BRH:0
end_of_record
TN:
SF:src\utils\sanitization.ts
FN:23,(anonymous_0)
FN:25,(anonymous_1)
FN:34,(anonymous_2)
FN:46,(anonymous_3)
FN:51,(anonymous_4)
FN:62,(anonymous_5)
FN:78,(anonymous_6)
FN:104,(anonymous_7)
FN:123,(anonymous_8)
FN:140,(anonymous_9)
FN:163,(anonymous_10)
FN:171,(anonymous_11)
FN:180,(anonymous_12)
FNF:13
FNH:0
FNDA:0,(anonymous_0)
FNDA:0,(anonymous_1)
FNDA:0,(anonymous_2)
FNDA:0,(anonymous_3)
FNDA:0,(anonymous_4)
FNDA:0,(anonymous_5)
FNDA:0,(anonymous_6)
FNDA:0,(anonymous_7)
FNDA:0,(anonymous_8)
FNDA:0,(anonymous_9)
FNDA:0,(anonymous_10)
FNDA:0,(anonymous_11)
FNDA:0,(anonymous_12)
DA:9,0
DA:23,0
DA:24,0
DA:25,0
DA:34,0
DA:35,0
DA:37,0
DA:46,0
DA:47,0
DA:49,0
DA:51,0
DA:53,0
DA:54,0
DA:57,0
DA:58,0
DA:59,0
DA:60,0
DA:61,0
DA:62,0
DA:63,0
DA:66,0
DA:70,0
DA:78,0
DA:79,0
DA:81,0
DA:84,0
DA:85,0
DA:86,0
DA:87,0
DA:92,0
DA:93,0
DA:96,0
DA:104,0
DA:105,0
DA:107,0
DA:110,0
DA:111,0
DA:112,0
DA:115,0
DA:123,0
DA:124,0
DA:126,0
DA:129,0
DA:130,0
DA:133,0
DA:140,0
DA:141,0
DA:163,0
DA:164,0
DA:166,0
DA:171,0
DA:180,0
DA:181,0
DA:184,0
DA:187,0
DA:188,0
DA:191,0
DA:193,0
LF:58
LH:0
BRDA:24,0,0,0
BRDA:24,1,0,0
BRDA:24,1,1,0
BRDA:25,2,0,0
BRDA:25,2,1,0
BRDA:34,3,0,0
BRDA:35,4,0,0
BRDA:35,5,0,0
BRDA:35,5,1,0
BRDA:47,6,0,0
BRDA:47,7,0,0
BRDA:47,7,1,0
BRDA:53,8,0,0
BRDA:53,9,0,0
BRDA:53,9,1,0
BRDA:57,10,0,0
BRDA:57,10,1,0
BRDA:59,11,0,0
BRDA:59,11,1,0
BRDA:59,12,0,0
BRDA:59,12,1,0
BRDA:59,12,2,0
BRDA:61,13,0,0
BRDA:61,13,1,0
BRDA:63,14,0,0
BRDA:63,14,1,0
BRDA:79,15,0,0
BRDA:79,16,0,0
BRDA:79,16,1,0
BRDA:86,17,0,0
BRDA:92,18,0,0
BRDA:92,19,0,0
BRDA:92,19,1,0
BRDA:92,19,2,0
BRDA:105,20,0,0
BRDA:105,21,0,0
BRDA:105,21,1,0
BRDA:111,22,0,0
BRDA:124,23,0,0
BRDA:124,24,0,0
BRDA:124,24,1,0
BRDA:129,25,0,0
BRDA:164,26,0,0
BRDA:164,27,0,0
BRDA:164,27,1,0
BRDA:181,28,0,0
BRDA:181,29,0,0
BRDA:181,29,1,0
BRF:48
BRH:0
end_of_record
TN:
SF:src\utils\validators.ts
FN:2,(anonymous_0)
FN:6,(anonymous_1)
FNF:2
FNH:0
FNDA:0,(anonymous_0)
FNDA:0,(anonymous_1)
DA:2,0
DA:3,0
DA:6,0
DA:7,0
LF:4
LH:0
BRDA:2,0,0,0
BRDA:3,1,0,0
BRDA:3,1,1,0
BRDA:7,2,0,0
BRDA:7,2,1,0
BRF:5
BRH:0
end_of_record
TN:
SF:src\validators\aiValidators.ts
FNF:0
FNH:0
DA:1,1
DA:3,1
LF:2
LH:2
BRF:0
BRH:0
end_of_record
TN:
SF:src\validators\authValidators.ts
FNF:0
FNH:0
DA:1,1
DA:2,1
DA:4,1
LF:3
LH:3
BRF:0
BRH:0
end_of_record
TN:
SF:src\validators\common.ts
FN:3,(anonymous_0)
FN:11,(anonymous_1)
FN:20,(anonymous_2)
FNF:3
FNH:3
FNDA:16,(anonymous_0)
FNDA:11,(anonymous_1)
FNDA:2,(anonymous_2)
DA:1,1
DA:3,1
DA:4,16
DA:11,1
DA:12,11
DA:20,1
DA:21,2
LF:7
LH:7
BRDA:3,0,0,0
BRDA:3,1,0,0
BRDA:11,2,0,0
BRDA:20,3,0,0
BRF:4
BRH:0
end_of_record
TN:
SF:src\validators\evidenceValidators.ts
FNF:0
FNH:0
DA:2,1
DA:4,1
LF:2
LH:2
BRF:0
BRH:0
end_of_record
TN:
SF:src\validators\inputValidators.ts
FN:11,(anonymous_0)
FN:18,(anonymous_1)
FN:26,(anonymous_2)
FN:46,(anonymous_3)
FN:58,(anonymous_4)
FN:61,(anonymous_5)
FN:71,(anonymous_6)
FN:78,(anonymous_7)
FN:93,(anonymous_8)
FN:117,(anonymous_9)
FN:131,(anonymous_10)
FN:138,(anonymous_11)
FN:143,(anonymous_12)
FN:150,(anonymous_13)
FN:157,(anonymous_14)
FN:160,(anonymous_15)
FN:182,(anonymous_16)
FN:187,(anonymous_17)
FN:194,(anonymous_18)
FN:202,(anonymous_19)
FN:212,(anonymous_20)
FN:219,(anonymous_21)
FN:228,(anonymous_22)
FN:235,(anonymous_23)
FN:257,(anonymous_24)
FN:262,(anonymous_25)
FN:278,(anonymous_26)
FN:288,(anonymous_27)
FNF:28
FNH:0
FNDA:0,(anonymous_0)
FNDA:0,(anonymous_1)
FNDA:0,(anonymous_2)
FNDA:0,(anonymous_3)
FNDA:0,(anonymous_4)
FNDA:0,(anonymous_5)
FNDA:0,(anonymous_6)
FNDA:0,(anonymous_7)
FNDA:0,(anonymous_8)
FNDA:0,(anonymous_9)
FNDA:0,(anonymous_10)
FNDA:0,(anonymous_11)
FNDA:0,(anonymous_12)
FNDA:0,(anonymous_13)
FNDA:0,(anonymous_14)
FNDA:0,(anonymous_15)
FNDA:0,(anonymous_16)
FNDA:0,(anonymous_17)
FNDA:0,(anonymous_18)
FNDA:0,(anonymous_19)
FNDA:0,(anonymous_20)
FNDA:0,(anonymous_21)
FNDA:0,(anonymous_22)
FNDA:0,(anonymous_23)
FNDA:0,(anonymous_24)
FNDA:0,(anonymous_25)
FNDA:0,(anonymous_26)
FNDA:0,(anonymous_27)
DA:1,0
DA:2,0
DA:11,0
DA:18,0
DA:26,0
DA:46,0
DA:58,0
DA:61,0
DA:71,0
DA:78,0
DA:93,0
DA:117,0
DA:131,0
DA:138,0
DA:143,0
DA:150,0
DA:157,0
DA:160,0
DA:182,0
DA:187,0
DA:194,0
DA:202,0
DA:212,0
DA:219,0
DA:228,0
DA:235,0
DA:257,0
DA:263,0
DA:264,0
DA:266,0
DA:279,0
DA:280,0
DA:282,0
DA:288,0
LF:34
LH:0
BRDA:263,0,0,0
BRDA:263,1,0,0
BRDA:263,1,1,0
BRDA:279,2,0,0
BRDA:279,3,0,0
BRDA:279,3,1,0
BRDA:279,3,2,0
BRF:7
BRH:0
end_of_record
TN:
SF:src\validators\livestreamValidators.ts
FNF:0
FNH:0
DA:1,1
DA:2,1
DA:4,1
LF:3
LH:3
BRF:0
BRH:0
end_of_record
TN:
SF:src\validators\officialValidators.ts
FNF:0
FNH:0
DA:1,1
DA:2,1
DA:4,1
LF:3
LH:3
BRF:0
BRH:0
end_of_record
TN:
SF:src\validators\petitionValidators.ts
FNF:0
FNH:0
DA:2,1
DA:4,1
DA:10,1
LF:3
LH:3
BRF:0
BRH:0
end_of_record
TN:
SF:src\validators\pollValidators.ts
FNF:0
FNH:0
DA:1,1
DA:2,1
DA:4,1
DA:17,1
LF:4
LH:4
BRF:0
BRH:0
end_of_record
TN:
SF:src\validators\projectValidators.ts
FNF:0
FNH:0
DA:1,1
DA:2,1
DA:4,1
LF:3
LH:3
BRF:0
BRH:0
end_of_record
TN:
SF:src\validators\reportValidators.ts
FNF:0
FNH:0
DA:1,1
DA:2,1
DA:4,1
LF:3
LH:3
BRF:0
BRH:0
end_of_record
TN:
SF:src\validators\verificationValidators.ts
FNF:0
FNH:0
DA:1,1
DA:2,1
DA:4,1
LF:3
LH:3
BRF:0
BRH:0
end_of_record
